===== popo_build_tree_batch =====
start: 2026-06-21T20:42:49
script:

set -euo pipefail

unset OMP_NUM_THREADS MKL_NUM_THREADS OPENBLAS_NUM_THREADS NUMEXPR_NUM_THREADS VECLIB_MAXIMUM_THREADS
export OMP_NUM_THREADS=8
export MKL_NUM_THREADS=8
export OPENBLAS_NUM_THREADS=8
export NUMEXPR_NUM_THREADS=8
export VECLIB_MAXIMUM_THREADS=8
export TOKENIZERS_PARALLELISM=false

source /root/autodl-tmp/mineru-work/activate_popo.sh

unset OMP_NUM_THREADS MKL_NUM_THREADS OPENBLAS_NUM_THREADS NUMEXPR_NUM_THREADS VECLIB_MAXIMUM_THREADS
export OMP_NUM_THREADS=8
export MKL_NUM_THREADS=8
export OPENBLAS_NUM_THREADS=8
export NUMEXPR_NUM_THREADS=8
export VECLIB_MAXIMUM_THREADS=8
export TOKENIZERS_PARALLELISM=false

cd /root/autodl-tmp/mineru-work/repos/MinerU-Popo
export POPO_MODEL_PATH=/root/autodl-tmp/models/MinerU-Popo
export CUDA_VISIBLE_DEVICES=0

python /root/autodl-tmp/mineru-work/repos/MinerU-Popo/post_processing/get_json_tree.py   --input-dir /autodl-fs/data/mineru_popo_batch/financial_contracts/20260621_162932/popo_outputs/inference/mineru_vlm   --output-dir /autodl-fs/data/mineru_popo_batch/financial_contracts/20260621_162932/popo_outputs/build_tree/mineru_vlm   --txt-dir /autodl-fs/data/mineru_popo_batch/financial_contracts/20260621_162932/popo_outputs/build_tree_txt/mineru_vlm


===== output =====

===== summary =====
end: 2026-06-21T20:43:05
elapsed_seconds: 16.106
return_code: 0
