===== popo_inference_batch =====
start: 2026-06-21T17:29:03
script:

set -euo pipefail

unset OMP_NUM_THREADS MKL_NUM_THREADS OPENBLAS_NUM_THREADS NUMEXPR_NUM_THREADS VECLIB_MAXIMUM_THREADS
export OMP_NUM_THREADS=8
export MKL_NUM_THREADS=8
export OPENBLAS_NUM_THREADS=8
export NUMEXPR_NUM_THREADS=8
export VECLIB_MAXIMUM_THREADS=8
export TOKENIZERS_PARALLELISM=false

source /root/autodl-tmp/mineru-work/activate_popo.sh

unset OMP_NUM_THREADS MKL_NUM_THREADS OPENBLAS_NUM_THREADS NUMEXPR_NUM_THREADS VECLIB_MAXIMUM_THREADS
export OMP_NUM_THREADS=8
export MKL_NUM_THREADS=8
export OPENBLAS_NUM_THREADS=8
export NUMEXPR_NUM_THREADS=8
export VECLIB_MAXIMUM_THREADS=8
export TOKENIZERS_PARALLELISM=false

cd /root/autodl-tmp/mineru-work/repos/MinerU-Popo
export POPO_MODEL_PATH=/root/autodl-tmp/models/MinerU-Popo
export HF_HOME=/root/autodl-tmp/huggingface-cache
export XDG_CACHE_HOME=/root/autodl-tmp/xdg-cache
export HF_HUB_DISABLE_XET=1
export CUDA_VISIBLE_DEVICES=0
export POPO_INFERENCE_BACKEND=transformers
export POPO_MAX_NEW_TOKENS=8192

python /root/autodl-tmp/mineru-work/repos/MinerU-Popo/post_processing/run_inference.py   --model mineru_vlm   --input-dir /autodl-fs/data/mineru_popo_batch/financial_contracts/20260621_162932/popo_outputs/label_normalization/mineru   --model-path /root/autodl-tmp/models/MinerU-Popo   --output-dir /autodl-fs/data/mineru_popo_batch/financial_contracts/20260621_162932/popo_outputs/inference/mineru_vlm   --raw-output-root ''   --limit 0


===== output =====

mineru_vlm:   0%|                                                                                     | 0/14 [00:00<?, ?it/s]/autodl-fs/data/mineru_popo_batch/financial_contracts/20260621_162932/popo_outputs/inference/mineru_vlm/text01.json


Loading weights:   0%|                                                                               | 0/713 [00:00<?, ?it/s][A

Loading weights:   0%|                                                                       | 1/713 [00:00<02:27,  4.83it/s][A

Loading weights:   8%|█████▌                                                               | 58/713 [00:00<00:02, 230.15it/s][A

Loading weights:  13%|████████▊                                                            | 91/713 [00:00<00:02, 224.94it/s][A

Loading weights:  17%|███████████▌                                                        | 121/713 [00:00<00:02, 247.65it/s][A

Loading weights:  21%|██████████████▎                                                     | 150/713 [00:00<00:02, 242.54it/s][A

Loading weights:  25%|█████████████████                                                   | 179/713 [00:00<00:02, 234.47it/s][A

Loading weights:  29%|███████████████████▍                                                | 204/713 [00:00<00:02, 237.83it/s][A

Loading weights:  33%|██████████████████████▎                                             | 234/713 [00:01<00:02, 227.63it/s][A

Loading weights:  36%|████████████████████████▌                                           | 258/713 [00:01<00:02, 225.41it/s][A

Loading weights:  41%|███████████████████████████▌                                        | 289/713 [00:01<00:01, 234.46it/s][A

Loading weights:  44%|█████████████████████████████▊                                      | 313/713 [00:01<00:01, 227.06it/s][A

Loading weights:  48%|████████████████████████████████▊                                   | 344/713 [00:01<00:01, 222.53it/s][A

Loading weights:  51%|███████████████████████████████████                                 | 367/713 [00:01<00:01, 219.97it/s][A

Loading weights:  55%|█████████████████████████████████████▏                              | 390/713 [00:01<00:01, 222.54it/s][A

Loading weights:  82%|███████████████████████████████████████████████████████▉            | 586/713 [00:01<00:00, 696.48it/s][A

Loading weights:  97%|██████████████████████████████████████████████████████████████████▏ | 694/713 [00:01<00:00, 799.87it/s][A
Loading weights: 100%|████████████████████████████████████████████████████████████████████| 713/713 [00:01<00:00, 358.69it/s]

mineru_vlm:   7%|█████▎                                                                    | 1/14 [11:04<2:24:00, 664.66s/it]
mineru_vlm:  14%|██████████▌                                                               | 2/14 [21:34<2:08:51, 644.27s/it]
mineru_vlm:  21%|███████████████▊                                                          | 3/14 [32:52<2:00:56, 659.65s/it]
mineru_vlm:  29%|█████████████████████▏                                                    | 4/14 [51:14<2:19:02, 834.28s/it]
mineru_vlm:  36%|█████████████████████████▋                                              | 5/14 [1:11:05<2:24:27, 963.04s/it]
mineru_vlm:  43%|██████████████████████████████▊                                         | 6/14 [1:25:08<2:02:55, 921.96s/it]
mineru_vlm:  50%|████████████████████████████████████                                    | 7/14 [1:37:58<1:41:47, 872.53s/it]
mineru_vlm:  57%|█████████████████████████████████████████▏                              | 8/14 [1:58:52<1:39:22, 993.74s/it]
mineru_vlm:  64%|██████████████████████████████████████████████▎                         | 9/14 [2:13:13<1:19:21, 952.30s/it]
mineru_vlm:  71%|██████████████████████████████████████████████████                    | 10/14 [2:38:15<1:14:48, 1122.08s/it]
mineru_vlm:  79%|████████████████████████████████████████████████████████▌               | 11/14 [2:52:30<52:00, 1040.31s/it]
mineru_vlm:  86%|██████████████████████████████████████████████████████████████▌          | 12/14 [2:58:18<27:39, 829.58s/it]
mineru_vlm:  93%|███████████████████████████████████████████████████████████████████▊     | 13/14 [3:04:48<11:36, 696.57s/it]/autodl-fs/data/mineru_popo_batch/financial_contracts/20260621_162932/popo_outputs/inference/mineru_vlm/text02.json
/autodl-fs/data/mineru_popo_batch/financial_contracts/20260621_162932/popo_outputs/inference/mineru_vlm/text03.json
/autodl-fs/data/mineru_popo_batch/financial_contracts/20260621_162932/popo_outputs/inference/mineru_vlm/text04.json
/autodl-fs/data/mineru_popo_batch/financial_contracts/20260621_162932/popo_outputs/inference/mineru_vlm/text05.json
/autodl-fs/data/mineru_popo_batch/financial_contracts/20260621_162932/popo_outputs/inference/mineru_vlm/text06.json
/autodl-fs/data/mineru_popo_batch/financial_contracts/20260621_162932/popo_outputs/inference/mineru_vlm/text07.json
/autodl-fs/data/mineru_popo_batch/financial_contracts/20260621_162932/popo_outputs/inference/mineru_vlm/text08.json
/autodl-fs/data/mineru_popo_batch/financial_contracts/20260621_162932/popo_outputs/inference/mineru_vlm/text09.json
/autodl-fs/data/mineru_popo_batch/financial_contracts/20260621_162932/popo_outputs/inference/mineru_vlm/text10.json
/autodl-fs/data/mineru_popo_batch/financial_contracts/20260621_162932/popo_outputs/inference/mineru_vlm/text11.json
/autodl-fs/data/mineru_popo_batch/financial_contracts/20260621_162932/popo_outputs/inference/mineru_vlm/text12.json
/autodl-fs/data/mineru_popo_batch/financial_contracts/20260621_162932/popo_outputs/inference/mineru_vlm/text13.json
/autodl-fs/data/mineru_popo_batch/financial_contracts/20260621_162932/popo_outputs/inference/mineru_vlm/text14.json
MuPDF error: format error: No common ancestor in structure tree

MuPDF error: format error: No common ancestor in structure tree

MuPDF error: format error: No common ancestor in structure tree

MuPDF error: format error: No common ancestor in structure tree

MuPDF error: format error: No common ancestor in structure tree

MuPDF error: format error: No common ancestor in structure tree


mineru_vlm: 100%|█████████████████████████████████████████████████████████████████████████| 14/14 [3:13:43<00:00, 647.68s/it]
mineru_vlm: 100%|█████████████████████████████████████████████████████████████████████████| 14/14 [3:13:43<00:00, 830.24s/it]
{"model": "mineru_vlm", "input": "/autodl-fs/data/mineru_popo_batch/financial_contracts/20260621_162932/popo_outputs/label_normalization/mineru", "output_dir": "/autodl-fs/data/mineru_popo_batch/financial_contracts/20260621_162932/popo_outputs/inference/mineru_vlm", "raw_output_dir": null, "selected_docs": 14, "written": 14, "skipped_existing": 0, "validated_blocks": 47120, "dry_run": false}
{
  "model": {
    "model": "mineru_vlm",
    "input": "/autodl-fs/data/mineru_popo_batch/financial_contracts/20260621_162932/popo_outputs/label_normalization/mineru",
    "output_dir": "/autodl-fs/data/mineru_popo_batch/financial_contracts/20260621_162932/popo_outputs/inference/mineru_vlm",
    "raw_output_dir": null,
    "selected_docs": 14,
    "written": 14,
    "skipped_existing": 0,
    "validated_blocks": 47120,
    "dry_run": false
  }
}

===== summary =====
end: 2026-06-21T20:42:49
elapsed_seconds: 11625.872
return_code: 0
