===== mineru_pipeline =====
start: 2026-06-20T16:57:03
script:

set -euo pipefail
source /root/autodl-tmp/mineru-work/activate_mineru.sh
export MINERU_MODEL_SOURCE=local
cd /root/autodl-tmp/mineru-work
echo "[sixway] mode=pipeline"
echo "[sixway] pdf=/root/autodl-tmp/airag/public_dataset_a/public_dataset_upload/raw/financial_contracts/text01.pdf"
echo "[sixway] mineru_out=/autodl-fs/data/mineru_popo_sixway_text01/20260620_165703/mineru_raw/pipeline"
echo "[sixway] command: mineru -p /root/autodl-tmp/airag/public_dataset_a/public_dataset_upload/raw/financial_contracts/text01.pdf -o /autodl-fs/data/mineru_popo_sixway_text01/20260620_165703/mineru_raw/pipeline -b pipeline -m auto"
mineru -p /root/autodl-tmp/airag/public_dataset_a/public_dataset_upload/raw/financial_contracts/text01.pdf -o /autodl-fs/data/mineru_popo_sixway_text01/20260620_165703/mineru_raw/pipeline -b pipeline -m auto


===== output =====
[sixway] mode=pipeline
[sixway] pdf=/root/autodl-tmp/airag/public_dataset_a/public_dataset_upload/raw/financial_contracts/text01.pdf
[sixway] mineru_out=/autodl-fs/data/mineru_popo_sixway_text01/20260620_165703/mineru_raw/pipeline
[sixway] command: mineru -p /root/autodl-tmp/airag/public_dataset_a/public_dataset_upload/raw/financial_contracts/text01.pdf -o /autodl-fs/data/mineru_popo_sixway_text01/20260620_165703/mineru_raw/pipeline -b pipeline -m auto

libgomp: Invalid value for environment variable OMP_NUM_THREADS
2026-06-20 16:57:08.503 | INFO     | mineru.cli.client:run_orchestrated_cli:953 - Started local mineru-api at http://127.0.0.1:41511

libgomp: Invalid value for environment variable OMP_NUM_THREADS
2026-06-20 16:57:15.088 | INFO     | __main__:create_app:236 - Request concurrency limited to 3
INFO:     Started server process [2398]
INFO:     Waiting for application startup.
INFO:     Application startup complete.
INFO:     Uvicorn running on http://127.0.0.1:41511 (Press CTRL+C to quit)
2026-06-20 16:57:15.539 | INFO     | mineru.cli.client:run_planned_task:832 - Submitting batch 1/1 | 1 document, 311 pages in this batch | 311 pages total | task#1 [text01]
2026-06-20 16:57:20.059 | INFO     | mineru.backend.pipeline.pipeline_analyze:doc_analyze_streaming:209 - Pipeline processing-window multi-file run. doc_count=1, total_pages=311, window_size=64, total_batches=5
Start MinerU FastAPI Service: http://127.0.0.1:41511
API documentation: http://127.0.0.1:41511/docs

libgomp: Invalid value for environment variable OMP_NUM_THREADS

libgomp: Invalid value for environment variable OMP_NUM_THREADS
2026-06-20 16:57:32.077 | INFO     | mineru.backend.pipeline.pipeline_analyze:doc_analyze_streaming:264 - Pipeline processing window batch 1/5: 64/311 pages, batch_pages=64, doc_slices=doc0:1-64
2026-06-20 16:57:32.225 | INFO     | mineru.backend.pipeline.pipeline_analyze:batch_image_analyze:364 - GPU Memory: 24 GB, Batch Ratio: 8. 
2026-06-20 16:57:32.226 | INFO     | mineru.backend.pipeline.model_init:__init__:239 - DocAnalysis init, this may take some times......
2026-06-20 16:57:37.694 | INFO     | mineru.backend.pipeline.model_init:__init__:291 - DocAnalysis init done!
2026-06-20 16:57:37.694 | INFO     | mineru.backend.pipeline.pipeline_analyze:custom_model_init:83 - model init cost: 5.468670129776001

Layout Predict:   0%|          | 0/64 [00:00<?, ?it/s]
Layout Predict:  12%|‚Ėą‚Ėé        | 8/64 [00:00<00:06,  8.22it/s]
Layout Predict:  25%|‚Ėą‚Ėą‚ĖĆ       | 16/64 [00:01<00:03, 12.88it/s]
Layout Predict:  38%|‚Ėą‚Ėą‚Ėą‚Ėä      | 24/64 [00:01<00:02, 16.62it/s]
Layout Predict:  50%|‚Ėą‚Ėą‚Ėą‚Ėą‚Ėą     | 32/64 [00:01<00:01, 19.66it/s]
Layout Predict:  62%|‚Ėą‚Ėą‚Ėą‚Ėą‚Ėą‚Ėą‚Ėé   | 40/64 [00:02<00:01, 21.10it/s]
Layout Predict:  75%|‚Ėą‚Ėą‚Ėą‚Ėą‚Ėą‚Ėą‚Ėą‚ĖĆ  | 48/64 [00:02<00:00, 21.88it/s]
Layout Predict:  88%|‚Ėą‚Ėą‚Ėą‚Ėą‚Ėą‚Ėą‚Ėą‚Ėą‚Ėä | 56/64 [00:02<00:00, 22.14it/s]
Layout Predict: 100%|‚Ėą‚Ėą‚Ėą‚Ėą‚Ėą‚Ėą‚Ėą‚Ėą‚Ėą‚Ėą| 64/64 [00:03<00:00, 22.19it/s]
Layout Predict: 100%|‚Ėą‚Ėą‚Ėą‚Ėą‚Ėą‚Ėą‚Ėą‚Ėą‚Ėą‚Ėą| 64/64 [00:03<00:00, 19.18it/s]

Table orientation det:   0%|          | 0/24 [00:00<?, ?it/s]
Table orientation det:  29%|‚Ėą‚Ėą‚ĖČ       | 7/24 [00:00<00:01, 11.34it/s]
Table orientation det:  46%|‚Ėą‚Ėą‚Ėą‚Ėą‚ĖĆ     | 11/24 [00:00<00:00, 13.15it/s]
Table orientation det:  54%|‚Ėą‚Ėą‚Ėą‚Ėą‚Ėą‚Ėć    | 13/24 [00:00<00:00, 13.63it/s]
Table orientation det:  67%|‚Ėą‚Ėą‚Ėą‚Ėą‚Ėą‚Ėą‚Ėč   | 16/24 [00:01<00:00, 15.24it/s]
Table orientation det:  79%|‚Ėą‚Ėą‚Ėą‚Ėą‚Ėą‚Ėą‚Ėą‚ĖČ  | 19/24 [00:01<00:00, 17.01it/s]
Table orientation det:  88%|‚Ėą‚Ėą‚Ėą‚Ėą‚Ėą‚Ėą‚Ėą‚Ėą‚Ėä | 21/24 [00:01<00:00, 16.38it/s]
Table orientation det:  96%|‚Ėą‚Ėą‚Ėą‚Ėą‚Ėą‚Ėą‚Ėą‚Ėą‚Ėą‚ĖĆ| 23/24 [00:01<00:00, 16.45it/s]
Table orientation score: 100%|‚Ėą‚Ėą‚Ėą‚Ėą‚Ėą‚Ėą‚Ėą‚Ėą‚Ėą‚Ėą| 24/24 [00:01<00:00, 16.45it/s]
Table orientation score: 100%|‚Ėą‚Ėą‚Ėą‚Ėą‚Ėą‚Ėą‚Ėą‚Ėą‚Ėą‚Ėą| 24/24 [00:01<00:00, 16.45it/s]
Table orientation: 100%|‚Ėą‚Ėą‚Ėą‚Ėą‚Ėą‚Ėą‚Ėą‚Ėą‚Ėą‚Ėą| 24/24 [00:01<00:00, 16.45it/s]      
Table orientation: 100%|‚Ėą‚Ėą‚Ėą‚Ėą‚Ėą‚Ėą‚Ėą‚Ėą‚Ėą‚Ėą| 24/24 [00:01<00:00, 16.45it/s]
Table orientation: 100%|‚Ėą‚Ėą‚Ėą‚Ėą‚Ėą‚Ėą‚Ėą‚Ėą‚Ėą‚Ėą| 24/24 [00:01<00:00, 14.94it/s]

Table-ocr det:   0%|          | 0/24 [00:00<?, ?it/s]
Table-ocr det:  29%|‚Ėą‚Ėą‚ĖČ       | 7/24 [00:01<00:03,  5.00it/s]
Table-ocr det:  33%|‚Ėą‚Ėą‚Ėą‚Ėé      | 8/24 [00:01<00:03,  4.99it/s]
Table-ocr det:  46%|‚Ėą‚Ėą‚Ėą‚Ėą‚ĖĆ     | 11/24 [00:02<00:02,  5.79it/s]
Table-ocr det:  50%|‚Ėą‚Ėą‚Ėą‚Ėą‚Ėą     | 12/24 [00:02<00:01,  6.22it/s]
Table-ocr det:  54%|‚Ėą‚Ėą‚Ėą‚Ėą‚Ėą‚Ėć    | 13/24 [00:02<00:01,  6.58it/s]
Table-ocr det:  79%|‚Ėą‚Ėą‚Ėą‚Ėą‚Ėą‚Ėą‚Ėą‚ĖČ  | 19/24 [00:02<00:00, 14.66it/s]
Table-ocr det:  96%|‚Ėą‚Ėą‚Ėą‚Ėą‚Ėą‚Ėą‚Ėą‚Ėą‚Ėą‚ĖĆ| 23/24 [00:02<00:00, 19.04it/s]
Table-ocr det: 100%|‚Ėą‚Ėą‚Ėą‚Ėą‚Ėą‚Ėą‚Ėą‚Ėą‚Ėą‚Ėą| 24/24 [00:02<00:00,  9.75it/s]

Table-ocr rec ch:   0%|          | 0/875 [00:00<?, ?it/s]
Table-ocr rec ch:   4%|‚Ėć         | 36/875 [00:00<00:02, 330.40it/s]
Table-ocr rec ch:  12%|‚Ėą‚ĖŹ        | 102/875 [00:00<00:01, 514.07it/s]
Table-ocr rec ch:  19%|‚Ėą‚ĖČ        | 168/875 [00:00<00:01, 566.19it/s]
Table-ocr rec ch:  27%|‚Ėą‚Ėą‚Ėč       | 240/875 [00:00<00:01, 607.72it/s]
Table-ocr rec ch:  36%|‚Ėą‚Ėą‚Ėą‚ĖĆ      | 312/875 [00:00<00:00, 631.06it/s]
Table-ocr rec ch:  44%|‚Ėą‚Ėą‚Ėą‚Ėą‚Ėć     | 384/875 [00:00<00:00, 642.24it/s]
Table-ocr rec ch:  52%|‚Ėą‚Ėą‚Ėą‚Ėą‚Ėą‚ĖŹ    | 456/875 [00:00<00:00, 652.47it/s]
Table-ocr rec ch:  60%|‚Ėą‚Ėą‚Ėą‚Ėą‚Ėą‚ĖČ    | 522/875 [00:00<00:00, 649.19it/s]
Table-ocr rec ch:  67%|‚Ėą‚Ėą‚Ėą‚Ėą‚Ėą‚Ėą‚Ėč   | 588/875 [00:01<00:00, 325.05it/s]
Table-ocr rec ch:  73%|‚Ėą‚Ėą‚Ėą‚Ėą‚Ėą‚Ėą‚Ėą‚Ėé  | 642/875 [00:01<00:00, 235.43it/s]
Table-ocr rec ch:  78%|‚Ėą‚Ėą‚Ėą‚Ėą‚Ėą‚Ėą‚Ėą‚Ėä  | 684/875 [00:01<00:00, 208.63it/s]
Table-ocr rec ch:  82%|‚Ėą‚Ėą‚Ėą‚Ėą‚Ėą‚Ėą‚Ėą‚Ėą‚ĖŹ | 720/875 [00:02<00:00, 183.62it/s]
Table-ocr rec ch:  86%|‚Ėą‚Ėą‚Ėą‚Ėą‚Ėą‚Ėą‚Ėą‚Ėą‚ĖĆ | 750/875 [00:02<00:00, 181.24it/s]
Table-ocr rec ch:  88%|‚Ėą‚Ėą‚Ėą‚Ėą‚Ėą‚Ėą‚Ėą‚Ėą‚Ėä | 774/875 [00:02<00:00, 176.26it/s]
Table-ocr rec ch:  91%|‚Ėą‚Ėą‚Ėą‚Ėą‚Ėą‚Ėą‚Ėą‚Ėą‚Ėą | 798/875 [00:02<00:00, 169.85it/s]
Table-ocr rec ch:  94%|‚Ėą‚Ėą‚Ėą‚Ėą‚Ėą‚Ėą‚Ėą‚Ėą‚Ėą‚Ėć| 822/875 [00:02<00:00, 156.56it/s]
Table-ocr rec ch:  97%|‚Ėą‚Ėą‚Ėą‚Ėą‚Ėą‚Ėą‚Ėą‚Ėą‚Ėą‚Ėč| 846/875 [00:03<00:00, 171.37it/s]
Table-ocr rec ch:  99%|‚Ėą‚Ėą‚Ėą‚Ėą‚Ėą‚Ėą‚Ėą‚Ėą‚Ėą‚ĖČ| 870/875 [00:03<00:00, 153.81it/s]
Table-ocr rec ch: 100%|‚Ėą‚Ėą‚Ėą‚Ėą‚Ėą‚Ėą‚Ėą‚Ėą‚Ėą‚Ėą| 875/875 [00:03<00:00, 266.03it/s]

Table-wireless Predict:   0%|          | 0/24 [00:00<?, ?it/s]
Table-wireless Predict:  17%|‚Ėą‚Ėč        | 4/24 [00:00<00:04,  4.26it/s]
Table-wireless Predict:  33%|‚Ėą‚Ėą‚Ėą‚Ėé      | 8/24 [00:01<00:03,  4.68it/s]
Table-wireless Predict:  50%|‚Ėą‚Ėą‚Ėą‚Ėą‚Ėą     | 12/24 [00:02<00:02,  5.78it/s]
Table-wireless Predict:  67%|‚Ėą‚Ėą‚Ėą‚Ėą‚Ėą‚Ėą‚Ėč   | 16/24 [00:02<00:01,  6.03it/s]
Table-wireless Predict:  83%|‚Ėą‚Ėą‚Ėą‚Ėą‚Ėą‚Ėą‚Ėą‚Ėą‚Ėé | 20/24 [00:03<00:00,  5.93it/s]
Table-wireless Predict: 100%|‚Ėą‚Ėą‚Ėą‚Ėą‚Ėą‚Ėą‚Ėą‚Ėą‚Ėą‚Ėą| 24/24 [00:04<00:00,  5.59it/s]
Table-wireless Predict: 100%|‚Ėą‚Ėą‚Ėą‚Ėą‚Ėą‚Ėą‚Ėą‚Ėą‚Ėą‚Ėą| 24/24 [00:04<00:00,  5.53it/s]

Table-wired Predict:   0%|          | 0/23 [00:00<?, ?it/s]
Table-wired Predict:   4%|‚Ėć         | 1/23 [00:02<00:48,  2.20s/it]
Table-wired Predict:   9%|‚Ėä         | 2/23 [00:06<01:07,  3.20s/it]
Table-wired Predict:  13%|‚Ėą‚Ėé        | 3/23 [00:08<00:54,  2.70s/it]
Table-wired Predict:  17%|‚Ėą‚Ėč        | 4/23 [00:08<00:34,  1.79s/it]
Table-wired Predict:  22%|‚Ėą‚Ėą‚ĖŹ       | 5/23 [00:09<00:24,  1.36s/it]
Table-wired Predict:  26%|‚Ėą‚Ėą‚ĖĆ       | 6/23 [00:11<00:29,  1.74s/it]
Table-wired Predict:  30%|‚Ėą‚Ėą‚Ėą       | 7/23 [00:12<00:20,  1.28s/it]
Table-wired Predict:  35%|‚Ėą‚Ėą‚Ėą‚Ėć      | 8/23 [00:14<00:25,  1.67s/it]
Table-wired Predict:  39%|‚Ėą‚Ėą‚Ėą‚ĖČ      | 9/23 [00:14<00:17,  1.27s/it]
Table-wired Predict:  43%|‚Ėą‚Ėą‚Ėą‚Ėą‚Ėé     | 10/23 [00:15<00:13,  1.00s/it]
Table-wired Predict:  48%|‚Ėą‚Ėą‚Ėą‚Ėą‚Ėä     | 11/23 [00:15<00:09,  1.23it/s]
Table-wired Predict:  52%|‚Ėą‚Ėą‚Ėą‚Ėą‚Ėą‚ĖŹ    | 12/23 [00:16<00:07,  1.45it/s]
Table-wired Predict:  57%|‚Ėą‚Ėą‚Ėą‚Ėą‚Ėą‚Ėč    | 13/23 [00:17<00:08,  1.23it/s]
Table-wired Predict:  61%|‚Ėą‚Ėą‚Ėą‚Ėą‚Ėą‚Ėą    | 14/23 [00:18<00:08,  1.01it/s]
Table-wired Predict:  65%|‚Ėą‚Ėą‚Ėą‚Ėą‚Ėą‚Ėą‚ĖĆ   | 15/23 [00:19<00:06,  1.19it/s]
Table-wired Predict:  70%|‚Ėą‚Ėą‚Ėą‚Ėą‚Ėą‚Ėą‚ĖČ   | 16/23 [00:21<00:09,  1.31s/it]
Table-wired Predict:  74%|‚Ėą‚Ėą‚Ėą‚Ėą‚Ėą‚Ėą‚Ėą‚Ėć  | 17/23 [00:21<00:06,  1.04s/it]
Table-wired Predict:  78%|‚Ėą‚Ėą‚Ėą‚Ėą‚Ėą‚Ėą‚Ėą‚Ėä  | 18/23 [00:23<00:06,  1.24s/it]
Table-wired Predict:  83%|‚Ėą‚Ėą‚Ėą‚Ėą‚Ėą‚Ėą‚Ėą‚Ėą‚Ėé | 19/23 [00:26<00:06,  1.71s/it]
Table-wired Predict:  87%|‚Ėą‚Ėą‚Ėą‚Ėą‚Ėą‚Ėą‚Ėą‚Ėą‚Ėč | 20/23 [00:29<00:06,  2.07s/it]
Table-wired Predict:  91%|‚Ėą‚Ėą‚Ėą‚Ėą‚Ėą‚Ėą‚Ėą‚Ėą‚Ėą‚ĖŹ| 21/23 [00:30<00:03,  1.78s/it]
Table-wired Predict:  96%|‚Ėą‚Ėą‚Ėą‚Ėą‚Ėą‚Ėą‚Ėą‚Ėą‚Ėą‚ĖĆ| 22/23 [00:31<00:01,  1.45s/it]
Table-wired Predict: 100%|‚Ėą‚Ėą‚Ėą‚Ėą‚Ėą‚Ėą‚Ėą‚Ėą‚Ėą‚Ėą| 23/23 [00:32<00:00,  1.53s/it]
Table-wired Predict: 100%|‚Ėą‚Ėą‚Ėą‚Ėą‚Ėą‚Ėą‚Ėą‚Ėą‚Ėą‚Ėą| 23/23 [00:32<00:00,  1.43s/it]

OCR-det ch:   0%|          | 0/526 [00:00<?, ?it/s]
OCR-det ch:   1%|          | 4/526 [00:02<04:26,  1.96it/s]
OCR-det ch:  13%|‚Ėą‚Ėé        | 69/526 [00:02<00:11, 40.84it/s]
OCR-det ch:  18%|‚Ėą‚Ėä        | 93/526 [00:02<00:08, 48.16it/s]
OCR-det ch:  20%|‚Ėą‚Ėą        | 107/526 [00:02<00:08, 46.62it/s]
OCR-det ch:  23%|‚Ėą‚Ėą‚Ėé       | 120/526 [00:03<00:07, 51.62it/s]
OCR-det ch:  32%|‚Ėą‚Ėą‚Ėą‚ĖŹ      | 168/526 [00:03<00:03, 92.07it/s]
OCR-det ch:  36%|‚Ėą‚Ėą‚Ėą‚ĖĆ      | 188/526 [00:03<00:03, 94.05it/s]
OCR-det ch:  40%|‚Ėą‚Ėą‚Ėą‚ĖČ      | 210/526 [00:03<00:03, 100.72it/s]
OCR-det ch:  48%|‚Ėą‚Ėą‚Ėą‚Ėą‚Ėä     | 250/526 [00:03<00:02, 127.73it/s]
OCR-det ch:  61%|‚Ėą‚Ėą‚Ėą‚Ėą‚Ėą‚Ėą    | 319/526 [00:03<00:01, 201.75it/s]
OCR-det ch:  72%|‚Ėą‚Ėą‚Ėą‚Ėą‚Ėą‚Ėą‚Ėą‚ĖŹ  | 378/526 [00:04<00:00, 181.59it/s]
OCR-det ch:  76%|‚Ėą‚Ėą‚Ėą‚Ėą‚Ėą‚Ėą‚Ėą‚Ėč  | 402/526 [00:04<00:01, 123.89it/s]
OCR-det ch:  80%|‚Ėą‚Ėą‚Ėą‚Ėą‚Ėą‚Ėą‚Ėą‚Ėą  | 422/526 [00:05<00:00, 106.24it/s]
OCR-det ch:  83%|‚Ėą‚Ėą‚Ėą‚Ėą‚Ėą‚Ėą‚Ėą‚Ėą‚Ėé | 438/526 [00:05<00:00, 104.63it/s]
OCR-det ch:  87%|‚Ėą‚Ėą‚Ėą‚Ėą‚Ėą‚Ėą‚Ėą‚Ėą‚Ėč | 460/526 [00:05<00:00, 93.54it/s] 
OCR-det ch:  90%|‚Ėą‚Ėą‚Ėą‚Ėą‚Ėą‚Ėą‚Ėą‚Ėą‚Ėą | 475/526 [00:05<00:00, 91.19it/s]
OCR-det ch:  94%|‚Ėą‚Ėą‚Ėą‚Ėą‚Ėą‚Ėą‚Ėą‚Ėą‚Ėą‚Ėć| 494/526 [00:06<00:00, 77.35it/s]
OCR-det ch:  96%|‚Ėą‚Ėą‚Ėą‚Ėą‚Ėą‚Ėą‚Ėą‚Ėą‚Ėą‚ĖĆ| 504/526 [00:06<00:00, 70.53it/s]
OCR-det ch:  98%|‚Ėą‚Ėą‚Ėą‚Ėą‚Ėą‚Ėą‚Ėą‚Ėą‚Ėą‚Ėä| 516/526 [00:06<00:00, 70.06it/s]
OCR-det ch: 100%|‚Ėą‚Ėą‚Ėą‚Ėą‚Ėą‚Ėą‚Ėą‚Ėą‚Ėą‚ĖČ| 524/526 [00:06<00:00, 58.71it/s]
OCR-det ch: 100%|‚Ėą‚Ėą‚Ėą‚Ėą‚Ėą‚Ėą‚Ėą‚Ėą‚Ėą‚Ėą| 526/526 [00:06<00:00, 76.23it/s]

Seal Predict:   0%|          | 0/1 [00:00<?, ?it/s]
Seal Predict: 100%|‚Ėą‚Ėą‚Ėą‚Ėą‚Ėą‚Ėą‚Ėą‚Ėą‚Ėą‚Ėą| 1/1 [00:00<00:00,  1.02it/s]
Seal Predict: 100%|‚Ėą‚Ėą‚Ėą‚Ėą‚Ėą‚Ėą‚Ėą‚Ėą‚Ėą‚Ėą| 1/1 [00:00<00:00,  1.02it/s]

Processing pages:   0%|          | 0/311 [00:00<?, ?it/s]
Processing pages:   1%|          | 2/311 [00:00<00:18, 16.81it/s]
Processing pages:   1%|‚ĖŹ         | 4/311 [00:00<00:16, 18.47it/s]
Processing pages:   2%|‚ĖŹ         | 6/311 [00:00<00:17, 17.67it/s]
Processing pages:   3%|‚Ėé         | 8/311 [00:00<00:19, 15.56it/s]
Processing pages:   3%|‚Ėé         | 10/311 [00:00<00:21, 14.14it/s]
Processing pages:   4%|‚Ėć         | 13/311 [00:00<00:18, 16.26it/s]
Processing pages:   5%|‚Ėć         | 15/311 [00:00<00:17, 16.61it/s]
Processing pages:   5%|‚ĖĆ         | 17/311 [00:01<00:17, 16.77it/s]
Processing pages:   6%|‚ĖĆ         | 19/311 [00:01<00:17, 16.87it/s]
Processing pages:   7%|‚Ėč         | 21/311 [00:01<00:16, 17.37it/s]
Processing pages:   7%|‚Ėč         | 23/311 [00:01<00:16, 17.62it/s]
Processing pages:   8%|‚Ėä         | 26/311 [00:01<00:15, 18.34it/s]
Processing pages:   9%|‚ĖČ         | 28/311 [00:01<00:15, 18.21it/s]
Processing pages:  10%|‚ĖČ         | 31/311 [00:01<00:14, 18.92it/s]
Processing pages:  11%|‚Ėą         | 33/311 [00:01<00:15, 18.28it/s]
Processing pages:  11%|‚Ėą‚ĖŹ        | 35/311 [00:02<00:15, 17.83it/s]
Processing pages:  12%|‚Ėą‚ĖŹ        | 37/311 [00:02<00:15, 17.35it/s]
Processing pages:  13%|‚Ėą‚Ėé        | 39/311 [00:02<00:16, 16.75it/s]
Processing pages:  13%|‚Ėą‚Ėé        | 41/311 [00:02<00:16, 16.61it/s]
Processing pages:  14%|‚Ėą‚Ėć        | 43/311 [00:02<00:15, 17.10it/s]
Processing pages:  14%|‚Ėą‚Ėć        | 45/311 [00:02<00:15, 16.87it/s]
Processing pages:  15%|‚Ėą‚ĖĆ        | 47/311 [00:02<00:16, 16.41it/s]
Processing pages:  16%|‚Ėą‚ĖĆ        | 49/311 [00:02<00:17, 14.62it/s]
Processing pages:  16%|‚Ėą‚Ėč        | 51/311 [00:03<00:27,  9.37it/s]
Processing pages:  17%|‚Ėą‚Ėč        | 54/311 [00:03<00:21, 11.92it/s]
Processing pages:  18%|‚Ėą‚Ėä        | 56/311 [00:03<00:19, 12.97it/s]
Processing pages:  19%|‚Ėą‚Ėä        | 58/311 [00:03<00:18, 13.76it/s]
Processing pages:  19%|‚Ėą‚ĖČ        | 60/311 [00:03<00:17, 14.44it/s]
Processing pages:  20%|‚Ėą‚ĖČ        | 62/311 [00:03<00:16, 14.94it/s]
Processing pages:  21%|‚Ėą‚Ėą        | 64/311 [00:04<00:16, 15.37it/s]2026-06-20 16:58:47.430 | INFO     | mineru.backend.pipeline.pipeline_analyze:doc_analyze_streaming:264 - Pipeline processing window batch 2/5: 128/311 pages, batch_pages=64, doc_slices=doc0:65-128
2026-06-20 16:58:47.431 | INFO     | mineru.backend.pipeline.pipeline_analyze:batch_image_analyze:364 - GPU Memory: 24 GB, Batch Ratio: 8. 


Layout Predict:   0%|          | 0/64 [00:00<?, ?it/s][A

Layout Predict:  12%|‚Ėą‚Ėé        | 8/64 [00:00<00:02, 21.64it/s][A

Layout Predict:  25%|‚Ėą‚Ėą‚ĖĆ       | 16/64 [00:00<00:02, 21.58it/s][A

Layout Predict:  38%|‚Ėą‚Ėą‚Ėą‚Ėä      | 24/64 [00:01<00:01, 23.23it/s][A

Layout Predict:  50%|‚Ėą‚Ėą‚Ėą‚Ėą‚Ėą     | 32/64 [00:01<00:01, 24.08it/s][A

Layout Predict:  62%|‚Ėą‚Ėą‚Ėą‚Ėą‚Ėą‚Ėą‚Ėé   | 40/64 [00:01<00:00, 24.80it/s][A

Layout Predict:  75%|‚Ėą‚Ėą‚Ėą‚Ėą‚Ėą‚Ėą‚Ėą‚ĖĆ  | 48/64 [00:01<00:00, 25.34it/s][A

Layout Predict:  88%|‚Ėą‚Ėą‚Ėą‚Ėą‚Ėą‚Ėą‚Ėą‚Ėą‚Ėä | 56/64 [00:02<00:00, 23.68it/s][A

Layout Predict: 100%|‚Ėą‚Ėą‚Ėą‚Ėą‚Ėą‚Ėą‚Ėą‚Ėą‚Ėą‚Ėą| 64/64 [00:02<00:00, 19.80it/s][A
Layout Predict: 100%|‚Ėą‚Ėą‚Ėą‚Ėą‚Ėą‚Ėą‚Ėą‚Ėą‚Ėą‚Ėą| 64/64 [00:02<00:00, 22.03it/s]


Table orientation det:   0%|          | 0/83 [00:00<?, ?it/s][A

Table orientation det:   4%|‚Ėé         | 3/83 [00:01<00:27,  2.88it/s][A

Table orientation det:   8%|‚Ėä         | 7/83 [00:01<00:10,  7.33it/s][A

Table orientation det:  25%|‚Ėą‚Ėą‚ĖĆ       | 21/83 [00:01<00:02, 26.35it/s][A

Table orientation det:  35%|‚Ėą‚Ėą‚Ėą‚Ėć      | 29/83 [00:01<00:02, 26.73it/s][A

Table orientation det:  43%|‚Ėą‚Ėą‚Ėą‚Ėą‚Ėé     | 36/83 [00:01<00:01, 28.13it/s][A

Table orientation det:  63%|‚Ėą‚Ėą‚Ėą‚Ėą‚Ėą‚Ėą‚Ėé   | 52/83 [00:02<00:00, 36.99it/s][A

Table orientation det:  73%|‚Ėą‚Ėą‚Ėą‚Ėą‚Ėą‚Ėą‚Ėą‚Ėé  | 61/83 [00:02<00:00, 36.83it/s][A

Table orientation det:  81%|‚Ėą‚Ėą‚Ėą‚Ėą‚Ėą‚Ėą‚Ėą‚Ėą  | 67/83 [00:02<00:00, 36.63it/s][A

Table orientation det:  89%|‚Ėą‚Ėą‚Ėą‚Ėą‚Ėą‚Ėą‚Ėą‚Ėą‚ĖČ | 74/83 [00:02<00:00, 34.35it/s][A

Table orientation det:  94%|‚Ėą‚Ėą‚Ėą‚Ėą‚Ėą‚Ėą‚Ėą‚Ėą‚Ėą‚Ėć| 78/83 [00:02<00:00, 28.91it/s][A

Table orientation det:  99%|‚Ėą‚Ėą‚Ėą‚Ėą‚Ėą‚Ėą‚Ėą‚Ėą‚Ėą‚ĖČ| 82/83 [00:03<00:00, 25.94it/s][A

Table orientation det:  99%|‚Ėą‚Ėą‚Ėą‚Ėą‚Ėą‚Ėą‚Ėą‚Ėą‚Ėą‚ĖČ| 83/84 [00:03<00:00, 25.94it/s][A

Table orientation score:  99%|‚Ėą‚Ėą‚Ėą‚Ėą‚Ėą‚Ėą‚Ėą‚Ėą‚Ėą‚ĖČ| 83/84 [00:03<00:00, 25.94it/s][A

Table orientation score:  99%|‚Ėą‚Ėą‚Ėą‚Ėą‚Ėą‚Ėą‚Ėą‚Ėą‚Ėą‚ĖČ| 83/84 [00:03<00:00, 25.94it/s][A

Table orientation score:  61%|‚Ėą‚Ėą‚Ėą‚Ėą‚Ėą‚Ėą    | 84/138 [00:03<00:02, 25.94it/s][A

Table orientation rec:  61%|‚Ėą‚Ėą‚Ėą‚Ėą‚Ėą‚Ėą    | 84/138 [00:03<00:02, 25.94it/s]  [A

Table orientation rec:  61%|‚Ėą‚Ėą‚Ėą‚Ėą‚Ėą‚Ėą    | 84/138 [00:03<00:02, 25.94it/s][A

Table orientation rec:  65%|‚Ėą‚Ėą‚Ėą‚Ėą‚Ėą‚Ėą‚ĖĆ   | 90/138 [00:03<00:01, 29.72it/s][A

Table orientation: 100%|‚Ėą‚Ėą‚Ėą‚Ėą‚Ėą‚Ėą‚Ėą‚Ėą‚Ėą‚Ėą| 138/138 [00:03<00:00, 29.72it/s]   [A

Table orientation: 100%|‚Ėą‚Ėą‚Ėą‚Ėą‚Ėą‚Ėą‚Ėą‚Ėą‚Ėą‚Ėą| 138/138 [00:03<00:00, 29.72it/s][A
Table orientation: 100%|‚Ėą‚Ėą‚Ėą‚Ėą‚Ėą‚Ėą‚Ėą‚Ėą‚Ėą‚Ėą| 138/138 [00:03<00:00, 39.95it/s]


Table-ocr det:   0%|          | 0/83 [00:00<?, ?it/s][A

Table-ocr det:   4%|‚Ėé         | 3/83 [00:02<01:05,  1.22it/s][A

Table-ocr det:  25%|‚Ėą‚Ėą‚ĖĆ       | 21/83 [00:02<00:05, 10.90it/s][A

Table-ocr det:  36%|‚Ėą‚Ėą‚Ėą‚ĖĆ      | 30/83 [00:02<00:03, 15.16it/s][A

Table-ocr det:  46%|‚Ėą‚Ėą‚Ėą‚Ėą‚ĖĆ     | 38/83 [00:02<00:02, 20.06it/s][A

Table-ocr det:  63%|‚Ėą‚Ėą‚Ėą‚Ėą‚Ėą‚Ėą‚Ėé   | 52/83 [00:03<00:00, 31.08it/s][A

Table-ocr det:  73%|‚Ėą‚Ėą‚Ėą‚Ėą‚Ėą‚Ėą‚Ėą‚Ėé  | 61/83 [00:03<00:00, 35.95it/s][A

Table-ocr det:  84%|‚Ėą‚Ėą‚Ėą‚Ėą‚Ėą‚Ėą‚Ėą‚Ėą‚Ėć | 70/83 [00:03<00:00, 40.46it/s][A

Table-ocr det:  93%|‚Ėą‚Ėą‚Ėą‚Ėą‚Ėą‚Ėą‚Ėą‚Ėą‚Ėą‚Ėé| 77/83 [00:03<00:00, 41.70it/s][A

Table-ocr det: 100%|‚Ėą‚Ėą‚Ėą‚Ėą‚Ėą‚Ėą‚Ėą‚Ėą‚Ėą‚Ėą| 83/83 [00:03<00:00, 41.24it/s][A
Table-ocr det: 100%|‚Ėą‚Ėą‚Ėą‚Ėą‚Ėą‚Ėą‚Ėą‚Ėą‚Ėą‚Ėą| 83/83 [00:03<00:00, 22.32it/s]


Table-ocr rec ch:   0%|          | 0/3761 [00:00<?, ?it/s][A

Table-ocr rec ch:   2%|‚ĖŹ         | 66/3761 [00:00<00:05, 657.48it/s][A

Table-ocr rec ch:   4%|‚Ėé         | 138/3761 [00:00<00:05, 664.53it/s][A

Table-ocr rec ch:   6%|‚ĖĆ         | 210/3761 [00:00<00:05, 675.52it/s][A

Table-ocr rec ch:   7%|‚Ėč         | 282/3761 [00:00<00:05, 680.08it/s][A

Table-ocr rec ch:   9%|‚ĖČ         | 354/3761 [00:00<00:05, 671.98it/s][A

Table-ocr rec ch:  11%|‚Ėą‚ĖŹ        | 426/3761 [00:00<00:04, 678.73it/s][A

Table-ocr rec ch:  13%|‚Ėą‚Ėé        | 498/3761 [00:00<00:04, 673.47it/s][A

Table-ocr rec ch:  15%|‚Ėą‚ĖĆ        | 570/3761 [00:00<00:04, 676.25it/s][A

Table-ocr rec ch:  17%|‚Ėą‚Ėč        | 642/3761 [00:00<00:04, 672.32it/s][A

Table-ocr rec ch:  19%|‚Ėą‚ĖČ        | 714/3761 [00:01<00:04, 669.80it/s][A

Table-ocr rec ch:  21%|‚Ėą‚Ėą        | 786/3761 [00:01<00:04, 673.10it/s][A

Table-ocr rec ch:  23%|‚Ėą‚Ėą‚Ėé       | 858/3761 [00:01<00:04, 665.44it/s][A

Table-ocr rec ch:  25%|‚Ėą‚Ėą‚Ėć       | 930/3761 [00:01<00:04, 671.03it/s][A

Table-ocr rec ch:  27%|‚Ėą‚Ėą‚Ėč       | 1002/3761 [00:01<00:04, 667.80it/s][A

Table-ocr rec ch:  29%|‚Ėą‚Ėą‚Ėä       | 1074/3761 [00:01<00:04, 663.02it/s][A

Table-ocr rec ch:  30%|‚Ėą‚Ėą‚Ėą       | 1146/3761 [00:01<00:03, 667.13it/s][A

Table-ocr rec ch:  32%|‚Ėą‚Ėą‚Ėą‚ĖŹ      | 1218/3761 [00:01<00:03, 670.97it/s][A

Table-ocr rec ch:  34%|‚Ėą‚Ėą‚Ėą‚Ėć      | 1290/3761 [00:01<00:03, 673.02it/s][A

Table-ocr rec ch:  36%|‚Ėą‚Ėą‚Ėą‚ĖĆ      | 1362/3761 [00:02<00:03, 674.92it/s][A
Processing pages:  21%|‚Ėą‚Ėą        | 64/311 [00:22<00:16, 15.37it/s]

Table-ocr rec ch:  38%|‚Ėą‚Ėą‚Ėą‚Ėä      | 1434/3761 [00:02<00:03, 669.59it/s][A

Table-ocr rec ch:  40%|‚Ėą‚Ėą‚Ėą‚Ėą      | 1506/3761 [00:02<00:03, 672.40it/s][A

Table-ocr rec ch:  42%|‚Ėą‚Ėą‚Ėą‚Ėą‚ĖŹ     | 1578/3761 [00:02<00:03, 670.84it/s][A

Table-ocr rec ch:  44%|‚Ėą‚Ėą‚Ėą‚Ėą‚Ėć     | 1650/3761 [00:02<00:03, 672.81it/s][A

Table-ocr rec ch:  46%|‚Ėą‚Ėą‚Ėą‚Ėą‚ĖĆ     | 1722/3761 [00:02<00:03, 668.42it/s][A

Table-ocr rec ch:  48%|‚Ėą‚Ėą‚Ėą‚Ėą‚Ėä     | 1794/3761 [00:02<00:02, 665.65it/s][A

Table-ocr rec ch:  50%|‚Ėą‚Ėą‚Ėą‚Ėą‚ĖČ     | 1866/3761 [00:02<00:02, 667.95it/s][A

Table-ocr rec ch:  52%|‚Ėą‚Ėą‚Ėą‚Ėą‚Ėą‚ĖŹ    | 1938/3761 [00:02<00:02, 669.30it/s][A

Table-ocr rec ch:  53%|‚Ėą‚Ėą‚Ėą‚Ėą‚Ėą‚Ėé    | 2010/3761 [00:02<00:02, 669.42it/s][A

Table-ocr rec ch:  55%|‚Ėą‚Ėą‚Ėą‚Ėą‚Ėą‚ĖĆ    | 2082/3761 [00:03<00:02, 664.19it/s][A

Table-ocr rec ch:  57%|‚Ėą‚Ėą‚Ėą‚Ėą‚Ėą‚Ėč    | 2154/3761 [00:03<00:02, 664.02it/s][A

Table-ocr rec ch:  59%|‚Ėą‚Ėą‚Ėą‚Ėą‚Ėą‚ĖČ    | 2226/3761 [00:03<00:02, 664.44it/s][A

Table-ocr rec ch:  61%|‚Ėą‚Ėą‚Ėą‚Ėą‚Ėą‚Ėą    | 2298/3761 [00:03<00:02, 665.65it/s][A

Table-ocr rec ch:  63%|‚Ėą‚Ėą‚Ėą‚Ėą‚Ėą‚Ėą‚Ėé   | 2370/3761 [00:03<00:02, 663.21it/s][A

Table-ocr rec ch:  65%|‚Ėą‚Ėą‚Ėą‚Ėą‚Ėą‚Ėą‚Ėć   | 2442/3761 [00:03<00:01, 662.89it/s][A

Table-ocr rec ch:  67%|‚Ėą‚Ėą‚Ėą‚Ėą‚Ėą‚Ėą‚Ėč   | 2514/3761 [00:03<00:01, 664.29it/s][A

Table-ocr rec ch:  69%|‚Ėą‚Ėą‚Ėą‚Ėą‚Ėą‚Ėą‚ĖČ   | 2586/3761 [00:03<00:01, 663.68it/s][A

Table-ocr rec ch:  71%|‚Ėą‚Ėą‚Ėą‚Ėą‚Ėą‚Ėą‚Ėą   | 2658/3761 [00:03<00:01, 663.56it/s][A

Table-ocr rec ch:  73%|‚Ėą‚Ėą‚Ėą‚Ėą‚Ėą‚Ėą‚Ėą‚Ėé  | 2730/3761 [00:04<00:01, 662.25it/s][A

Table-ocr rec ch:  75%|‚Ėą‚Ėą‚Ėą‚Ėą‚Ėą‚Ėą‚Ėą‚Ėć  | 2802/3761 [00:04<00:01, 664.59it/s][A

Table-ocr rec ch:  76%|‚Ėą‚Ėą‚Ėą‚Ėą‚Ėą‚Ėą‚Ėą‚Ėč  | 2874/3761 [00:04<00:01, 665.71it/s][A

Table-ocr rec ch:  78%|‚Ėą‚Ėą‚Ėą‚Ėą‚Ėą‚Ėą‚Ėą‚Ėä  | 2946/3761 [00:04<00:01, 665.31it/s][A

Table-ocr rec ch:  80%|‚Ėą‚Ėą‚Ėą‚Ėą‚Ėą‚Ėą‚Ėą‚Ėą  | 3018/3761 [00:04<00:01, 659.08it/s][A

Table-ocr rec ch:  82%|‚Ėą‚Ėą‚Ėą‚Ėą‚Ėą‚Ėą‚Ėą‚Ėą‚ĖŹ | 3084/3761 [00:04<00:01, 657.05it/s][A

Table-ocr rec ch:  84%|‚Ėą‚Ėą‚Ėą‚Ėą‚Ėą‚Ėą‚Ėą‚Ėą‚Ėć | 3150/3761 [00:04<00:00, 651.08it/s][A

Table-ocr rec ch:  86%|‚Ėą‚Ėą‚Ėą‚Ėą‚Ėą‚Ėą‚Ėą‚Ėą‚ĖĆ | 3216/3761 [00:04<00:00, 644.50it/s][A

Table-ocr rec ch:  87%|‚Ėą‚Ėą‚Ėą‚Ėą‚Ėą‚Ėą‚Ėą‚Ėą‚Ėč | 3282/3761 [00:05<00:01, 444.84it/s][A

Table-ocr rec ch:  89%|‚Ėą‚Ėą‚Ėą‚Ėą‚Ėą‚Ėą‚Ėą‚Ėą‚Ėä | 3336/3761 [00:05<00:01, 369.42it/s][A

Table-ocr rec ch:  90%|‚Ėą‚Ėą‚Ėą‚Ėą‚Ėą‚Ėą‚Ėą‚Ėą‚ĖČ | 3384/3761 [00:05<00:01, 312.19it/s][A

Table-ocr rec ch:  91%|‚Ėą‚Ėą‚Ėą‚Ėą‚Ėą‚Ėą‚Ėą‚Ėą‚Ėą | 3426/3761 [00:05<00:01, 276.62it/s][A

Table-ocr rec ch:  92%|‚Ėą‚Ėą‚Ėą‚Ėą‚Ėą‚Ėą‚Ėą‚Ėą‚Ėą‚ĖŹ| 3462/3761 [00:05<00:01, 261.59it/s][A

Table-ocr rec ch:  93%|‚Ėą‚Ėą‚Ėą‚Ėą‚Ėą‚Ėą‚Ėą‚Ėą‚Ėą‚Ėé| 3492/3761 [00:06<00:01, 264.41it/s][A

Table-ocr rec ch:  94%|‚Ėą‚Ėą‚Ėą‚Ėą‚Ėą‚Ėą‚Ėą‚Ėą‚Ėą‚Ėé| 3522/3761 [00:06<00:01, 230.11it/s][A

Table-ocr rec ch:  94%|‚Ėą‚Ėą‚Ėą‚Ėą‚Ėą‚Ėą‚Ėą‚Ėą‚Ėą‚Ėć| 3552/3761 [00:06<00:01, 208.12it/s][A

Table-ocr rec ch:  95%|‚Ėą‚Ėą‚Ėą‚Ėą‚Ėą‚Ėą‚Ėą‚Ėą‚Ėą‚ĖĆ| 3576/3761 [00:06<00:00, 187.39it/s][A

Table-ocr rec ch:  96%|‚Ėą‚Ėą‚Ėą‚Ėą‚Ėą‚Ėą‚Ėą‚Ėą‚Ėą‚ĖĆ| 3600/3761 [00:06<00:00, 178.33it/s][A

Table-ocr rec ch:  96%|‚Ėą‚Ėą‚Ėą‚Ėą‚Ėą‚Ėą‚Ėą‚Ėą‚Ėą‚Ėč| 3624/3761 [00:06<00:00, 173.44it/s][A

Table-ocr rec ch:  97%|‚Ėą‚Ėą‚Ėą‚Ėą‚Ėą‚Ėą‚Ėą‚Ėą‚Ėą‚Ėč| 3642/3761 [00:07<00:00, 161.76it/s][A

Table-ocr rec ch:  97%|‚Ėą‚Ėą‚Ėą‚Ėą‚Ėą‚Ėą‚Ėą‚Ėą‚Ėą‚Ėč| 3660/3761 [00:07<00:00, 163.02it/s][A

Table-ocr rec ch:  98%|‚Ėą‚Ėą‚Ėą‚Ėą‚Ėą‚Ėą‚Ėą‚Ėą‚Ėą‚Ėä| 3678/3761 [00:07<00:00, 155.24it/s][A

Table-ocr rec ch:  98%|‚Ėą‚Ėą‚Ėą‚Ėą‚Ėą‚Ėą‚Ėą‚Ėą‚Ėą‚Ėä| 3696/3761 [00:07<00:00, 147.09it/s][A

Table-ocr rec ch:  99%|‚Ėą‚Ėą‚Ėą‚Ėą‚Ėą‚Ėą‚Ėą‚Ėą‚Ėą‚ĖČ| 3714/3761 [00:07<00:00, 143.92it/s][A

Table-ocr rec ch:  99%|‚Ėą‚Ėą‚Ėą‚Ėą‚Ėą‚Ėą‚Ėą‚Ėą‚Ėą‚ĖČ| 3732/3761 [00:07<00:00, 149.83it/s][A

Table-ocr rec ch: 100%|‚Ėą‚Ėą‚Ėą‚Ėą‚Ėą‚Ėą‚Ėą‚Ėą‚Ėą‚ĖČ| 3750/3761 [00:07<00:00, 140.54it/s][A
Table-ocr rec ch: 100%|‚Ėą‚Ėą‚Ėą‚Ėą‚Ėą‚Ėą‚Ėą‚Ėą‚Ėą‚Ėą| 3761/3761 [00:07<00:00, 477.96it/s]


Table-wireless Predict:   0%|          | 0/83 [00:00<?, ?it/s][A

Table-wireless Predict:   5%|‚Ėć         | 4/83 [00:00<00:13,  5.72it/s][A

Table-wireless Predict:  10%|‚ĖČ         | 8/83 [00:01<00:18,  3.99it/s][A

Table-wireless Predict:  14%|‚Ėą‚Ėć        | 12/83 [00:03<00:18,  3.83it/s][A

Table-wireless Predict:  19%|‚Ėą‚ĖČ        | 16/83 [00:03<00:15,  4.41it/s][A

Table-wireless Predict:  24%|‚Ėą‚Ėą‚Ėć       | 20/83 [00:04<00:13,  4.60it/s][A

Table-wireless Predict:  29%|‚Ėą‚Ėą‚ĖČ       | 24/83 [00:05<00:12,  4.74it/s][A

Table-wireless Predict:  34%|‚Ėą‚Ėą‚Ėą‚Ėé      | 28/83 [00:06<00:11,  4.81it/s][A

Table-wireless Predict:  39%|‚Ėą‚Ėą‚Ėą‚Ėä      | 32/83 [00:07<00:11,  4.54it/s][A

Table-wireless Predict:  43%|‚Ėą‚Ėą‚Ėą‚Ėą‚Ėé     | 36/83 [00:07<00:09,  5.03it/s][A

Table-wireless Predict:  48%|‚Ėą‚Ėą‚Ėą‚Ėą‚Ėä     | 40/83 [00:08<00:08,  5.23it/s][A

Table-wireless Predict:  53%|‚Ėą‚Ėą‚Ėą‚Ėą‚Ėą‚Ėé    | 44/83 [00:09<00:06,  5.59it/s][A

Table-wireless Predict:  58%|‚Ėą‚Ėą‚Ėą‚Ėą‚Ėą‚Ėä    | 48/83 [00:09<00:06,  5.41it/s][A

Table-wireless Predict:  63%|‚Ėą‚Ėą‚Ėą‚Ėą‚Ėą‚Ėą‚Ėé   | 52/83 [00:10<00:06,  5.06it/s][A

Table-wireless Predict:  67%|‚Ėą‚Ėą‚Ėą‚Ėą‚Ėą‚Ėą‚Ėč   | 56/83 [00:11<00:06,  4.37it/s][A

Table-wireless Predict:  72%|‚Ėą‚Ėą‚Ėą‚Ėą‚Ėą‚Ėą‚Ėą‚ĖŹ  | 60/83 [00:12<00:05,  4.54it/s][A

Table-wireless Predict:  77%|‚Ėą‚Ėą‚Ėą‚Ėą‚Ėą‚Ėą‚Ėą‚Ėč  | 64/83 [00:13<00:03,  4.84it/s][A

Table-wireless Predict:  82%|‚Ėą‚Ėą‚Ėą‚Ėą‚Ėą‚Ėą‚Ėą‚Ėą‚ĖŹ | 68/83 [00:14<00:03,  4.92it/s][A

Table-wireless Predict:  87%|‚Ėą‚Ėą‚Ėą‚Ėą‚Ėą‚Ėą‚Ėą‚Ėą‚Ėč | 72/83 [00:14<00:02,  5.30it/s][A

Table-wireless Predict:  92%|‚Ėą‚Ėą‚Ėą‚Ėą‚Ėą‚Ėą‚Ėą‚Ėą‚Ėą‚ĖŹ| 76/83 [00:15<00:01,  5.24it/s][A

Table-wireless Predict:  96%|‚Ėą‚Ėą‚Ėą‚Ėą‚Ėą‚Ėą‚Ėą‚Ėą‚Ėą‚Ėč| 80/83 [00:16<00:00,  5.57it/s][A

Table-wireless Predict: 100%|‚Ėą‚Ėą‚Ėą‚Ėą‚Ėą‚Ėą‚Ėą‚Ėą‚Ėą‚Ėą| 83/83 [00:17<00:00,  4.61it/s][A
Table-wireless Predict: 100%|‚Ėą‚Ėą‚Ėą‚Ėą‚Ėą‚Ėą‚Ėą‚Ėą‚Ėą‚Ėą| 83/83 [00:17<00:00,  4.82it/s]


Table-wired Predict:   0%|          | 0/82 [00:00<?, ?it/s][A

Table-wired Predict:   1%|          | 1/82 [00:04<05:55,  4.39s/it][A

Table-wired Predict:   2%|‚ĖŹ         | 2/82 [00:05<03:11,  2.39s/it][A

Table-wired Predict:   4%|‚Ėé         | 3/82 [00:05<01:57,  1.49s/it][A

Table-wired Predict:   5%|‚Ėć         | 4/82 [00:06<01:28,  1.13s/it][A

Table-wired Predict:   6%|‚ĖĆ         | 5/82 [00:07<01:21,  1.05s/it][A

Table-wired Predict:   7%|‚Ėč         | 6/82 [00:08<01:13,  1.04it/s][A

Table-wired Predict:   9%|‚Ėä         | 7/82 [00:10<01:45,  1.40s/it][A

Table-wired Predict:  10%|‚ĖČ         | 8/82 [00:11<01:46,  1.43s/it][A

Table-wired Predict:  11%|‚Ėą         | 9/82 [00:13<01:43,  1.42s/it][A

Table-wired Predict:  12%|‚Ėą‚ĖŹ        | 10/82 [00:15<01:55,  1.60s/it][A

Table-wired Predict:  13%|‚Ėą‚Ėé        | 11/82 [00:15<01:31,  1.30s/it][A

Table-wired Predict:  15%|‚Ėą‚Ėć        | 12/82 [00:16<01:11,  1.02s/it][A

Table-wired Predict:  16%|‚Ėą‚ĖĆ        | 13/82 [00:17<01:03,  1.08it/s][A

Table-wired Predict:  17%|‚Ėą‚Ėč        | 14/82 [00:17<00:58,  1.17it/s][A

Table-wired Predict:  18%|‚Ėą‚Ėä        | 15/82 [00:18<00:56,  1.20it/s][A

Table-wired Predict:  20%|‚Ėą‚ĖČ        | 16/82 [00:19<00:50,  1.31it/s][A

Table-wired Predict:  21%|‚Ėą‚Ėą        | 17/82 [00:20<01:02,  1.04it/s][A

Table-wired Predict:  22%|‚Ėą‚Ėą‚ĖŹ       | 18/82 [00:21<00:56,  1.14it/s][A

Table-wired Predict:  23%|‚Ėą‚Ėą‚Ėé       | 19/82 [00:21<00:52,  1.21it/s][A

Table-wired Predict:  24%|‚Ėą‚Ėą‚Ėć       | 20/82 [00:22<00:50,  1.22it/s][A

Table-wired Predict:  26%|‚Ėą‚Ėą‚ĖĆ       | 21/82 [00:22<00:38,  1.58it/s][A

Table-wired Predict:  27%|‚Ėą‚Ėą‚Ėč       | 22/82 [00:24<00:46,  1.29it/s][A

Table-wired Predict:  28%|‚Ėą‚Ėą‚Ėä       | 23/82 [00:25<01:02,  1.05s/it][A

Table-wired Predict:  29%|‚Ėą‚Ėą‚ĖČ       | 24/82 [00:26<00:49,  1.17it/s][A

Table-wired Predict:  30%|‚Ėą‚Ėą‚Ėą       | 25/82 [00:26<00:45,  1.24it/s][A

Table-wired Predict:  32%|‚Ėą‚Ėą‚Ėą‚ĖŹ      | 26/82 [00:27<00:50,  1.11it/s][A

Table-wired Predict:  33%|‚Ėą‚Ėą‚Ėą‚Ėé      | 27/82 [00:28<00:42,  1.29it/s][A

Table-wired Predict:  34%|‚Ėą‚Ėą‚Ėą‚Ėć      | 28/82 [00:29<00:53,  1.00it/s][A

Table-wired Predict:  35%|‚Ėą‚Ėą‚Ėą‚ĖĆ      | 29/82 [00:31<00:54,  1.03s/it][A

Table-wired Predict:  37%|‚Ėą‚Ėą‚Ėą‚Ėč      | 30/82 [00:31<00:51,  1.02it/s][A

Table-wired Predict:  38%|‚Ėą‚Ėą‚Ėą‚Ėä      | 31/82 [00:32<00:42,  1.19it/s][A

Table-wired Predict:  39%|‚Ėą‚Ėą‚Ėą‚ĖČ      | 32/82 [00:32<00:34,  1.47it/s][A

Table-wired Predict:  40%|‚Ėą‚Ėą‚Ėą‚Ėą      | 33/82 [00:33<00:33,  1.47it/s][A

Table-wired Predict:  41%|‚Ėą‚Ėą‚Ėą‚Ėą‚ĖŹ     | 34/82 [00:33<00:27,  1.76it/s][A

Table-wired Predict:  43%|‚Ėą‚Ėą‚Ėą‚Ėą‚Ėé     | 35/82 [00:34<00:28,  1.64it/s][A

Table-wired Predict:  44%|‚Ėą‚Ėą‚Ėą‚Ėą‚Ėć     | 36/82 [00:34<00:26,  1.74it/s][A

Table-wired Predict:  45%|‚Ėą‚Ėą‚Ėą‚Ėą‚ĖĆ     | 37/82 [00:35<00:22,  2.01it/s][A

Table-wired Predict:  46%|‚Ėą‚Ėą‚Ėą‚Ėą‚Ėč     | 38/82 [00:35<00:25,  1.71it/s][A

Table-wired Predict:  48%|‚Ėą‚Ėą‚Ėą‚Ėą‚Ėä     | 39/82 [00:36<00:21,  2.00it/s][A

Table-wired Predict:  49%|‚Ėą‚Ėą‚Ėą‚Ėą‚ĖČ     | 40/82 [00:36<00:22,  1.87it/s][A

Table-wired Predict:  50%|‚Ėą‚Ėą‚Ėą‚Ėą‚Ėą     | 41/82 [00:37<00:23,  1.72it/s][A

Table-wired Predict:  51%|‚Ėą‚Ėą‚Ėą‚Ėą‚Ėą     | 42/82 [00:37<00:20,  1.91it/s][A

Table-wired Predict:  52%|‚Ėą‚Ėą‚Ėą‚Ėą‚Ėą‚ĖŹ    | 43/82 [00:38<00:21,  1.81it/s][A

Table-wired Predict:  54%|‚Ėą‚Ėą‚Ėą‚Ėą‚Ėą‚Ėé    | 44/82 [00:38<00:19,  1.99it/s][A

Table-wired Predict:  55%|‚Ėą‚Ėą‚Ėą‚Ėą‚Ėą‚Ėć    | 45/82 [00:39<00:20,  1.78it/s][A

Table-wired Predict:  56%|‚Ėą‚Ėą‚Ėą‚Ėą‚Ėą‚ĖĆ    | 46/82 [00:40<00:25,  1.43it/s][A

Table-wired Predict:  57%|‚Ėą‚Ėą‚Ėą‚Ėą‚Ėą‚Ėč    | 47/82 [00:41<00:21,  1.65it/s][A

Table-wired Predict:  59%|‚Ėą‚Ėą‚Ėą‚Ėą‚Ėą‚Ėä    | 48/82 [00:41<00:21,  1.59it/s][A

Table-wired Predict:  60%|‚Ėą‚Ėą‚Ėą‚Ėą‚Ėą‚ĖČ    | 49/82 [00:42<00:16,  1.97it/s][A

Table-wired Predict:  61%|‚Ėą‚Ėą‚Ėą‚Ėą‚Ėą‚Ėą    | 50/82 [00:42<00:17,  1.78it/s][A

Table-wired Predict:  62%|‚Ėą‚Ėą‚Ėą‚Ėą‚Ėą‚Ėą‚ĖŹ   | 51/82 [00:44<00:30,  1.01it/s][A

Table-wired Predict:  63%|‚Ėą‚Ėą‚Ėą‚Ėą‚Ėą‚Ėą‚Ėé   | 52/82 [00:47<00:41,  1.39s/it][A

Table-wired Predict:  65%|‚Ėą‚Ėą‚Ėą‚Ėą‚Ėą‚Ėą‚Ėć   | 53/82 [00:48<00:42,  1.48s/it][A

Table-wired Predict:  66%|‚Ėą‚Ėą‚Ėą‚Ėą‚Ėą‚Ėą‚ĖĆ   | 54/82 [00:50<00:45,  1.64s/it][A

Table-wired Predict:  67%|‚Ėą‚Ėą‚Ėą‚Ėą‚Ėą‚Ėą‚Ėč   | 55/82 [00:52<00:48,  1.81s/it][A

Table-wired Predict:  68%|‚Ėą‚Ėą‚Ėą‚Ėą‚Ėą‚Ėą‚Ėä   | 56/82 [00:55<00:51,  1.98s/it][A

Table-wired Predict:  70%|‚Ėą‚Ėą‚Ėą‚Ėą‚Ėą‚Ėą‚ĖČ   | 57/82 [00:58<00:56,  2.25s/it][A

Table-wired Predict:  71%|‚Ėą‚Ėą‚Ėą‚Ėą‚Ėą‚Ėą‚Ėą   | 58/82 [01:00<00:56,  2.34s/it][A

Table-wired Predict:  72%|‚Ėą‚Ėą‚Ėą‚Ėą‚Ėą‚Ėą‚Ėą‚ĖŹ  | 59/82 [01:03<00:56,  2.44s/it][A

Table-wired Predict:  73%|‚Ėą‚Ėą‚Ėą‚Ėą‚Ėą‚Ėą‚Ėą‚Ėé  | 60/82 [01:06<00:54,  2.50s/it][A

Table-wired Predict:  74%|‚Ėą‚Ėą‚Ėą‚Ėą‚Ėą‚Ėą‚Ėą‚Ėć  | 61/82 [01:08<00:53,  2.55s/it][A

Table-wired Predict:  76%|‚Ėą‚Ėą‚Ėą‚Ėą‚Ėą‚Ėą‚Ėą‚ĖĆ  | 62/82 [01:10<00:48,  2.41s/it][A

Table-wired Predict:  77%|‚Ėą‚Ėą‚Ėą‚Ėą‚Ėą‚Ėą‚Ėą‚Ėč  | 63/82 [01:12<00:40,  2.14s/it][A

Table-wired Predict:  78%|‚Ėą‚Ėą‚Ėą‚Ėą‚Ėą‚Ėą‚Ėą‚Ėä  | 64/82 [01:13<00:32,  1.83s/it][A

Table-wired Predict:  79%|‚Ėą‚Ėą‚Ėą‚Ėą‚Ėą‚Ėą‚Ėą‚ĖČ  | 65/82 [01:14<00:29,  1.73s/it][A

Table-wired Predict:  80%|‚Ėą‚Ėą‚Ėą‚Ėą‚Ėą‚Ėą‚Ėą‚Ėą  | 66/82 [01:16<00:27,  1.69s/it][A

Table-wired Predict:  82%|‚Ėą‚Ėą‚Ėą‚Ėą‚Ėą‚Ėą‚Ėą‚Ėą‚ĖŹ | 67/82 [01:16<00:18,  1.24s/it][A

Table-wired Predict:  83%|‚Ėą‚Ėą‚Ėą‚Ėą‚Ėą‚Ėą‚Ėą‚Ėą‚Ėé | 68/82 [01:18<00:18,  1.32s/it][A

Table-wired Predict:  84%|‚Ėą‚Ėą‚Ėą‚Ėą‚Ėą‚Ėą‚Ėą‚Ėą‚Ėć | 69/82 [01:18<00:14,  1.13s/it][A

Table-wired Predict:  85%|‚Ėą‚Ėą‚Ėą‚Ėą‚Ėą‚Ėą‚Ėą‚Ėą‚ĖĆ | 70/82 [01:19<00:12,  1.03s/it][A

Table-wired Predict:  87%|‚Ėą‚Ėą‚Ėą‚Ėą‚Ėą‚Ėą‚Ėą‚Ėą‚Ėč | 71/82 [01:20<00:11,  1.06s/it][A

Table-wired Predict:  88%|‚Ėą‚Ėą‚Ėą‚Ėą‚Ėą‚Ėą‚Ėą‚Ėą‚Ėä | 72/82 [01:21<00:08,  1.13it/s][A

Table-wired Predict:  89%|‚Ėą‚Ėą‚Ėą‚Ėą‚Ėą‚Ėą‚Ėą‚Ėą‚ĖČ | 73/82 [01:21<00:07,  1.20it/s][A

Table-wired Predict:  90%|‚Ėą‚Ėą‚Ėą‚Ėą‚Ėą‚Ėą‚Ėą‚Ėą‚Ėą | 74/82 [01:22<00:05,  1.49it/s][A

Table-wired Predict:  91%|‚Ėą‚Ėą‚Ėą‚Ėą‚Ėą‚Ėą‚Ėą‚Ėą‚Ėą‚ĖŹ| 75/82 [01:24<00:07,  1.01s/it][A

Table-wired Predict:  93%|‚Ėą‚Ėą‚Ėą‚Ėą‚Ėą‚Ėą‚Ėą‚Ėą‚Ėą‚Ėé| 76/82 [01:24<00:05,  1.06it/s][A

Table-wired Predict:  94%|‚Ėą‚Ėą‚Ėą‚Ėą‚Ėą‚Ėą‚Ėą‚Ėą‚Ėą‚Ėć| 77/82 [01:25<00:04,  1.19it/s][A

Table-wired Predict:  95%|‚Ėą‚Ėą‚Ėą‚Ėą‚Ėą‚Ėą‚Ėą‚Ėą‚Ėą‚ĖĆ| 78/82 [01:26<00:03,  1.30it/s][A

Table-wired Predict:  96%|‚Ėą‚Ėą‚Ėą‚Ėą‚Ėą‚Ėą‚Ėą‚Ėą‚Ėą‚Ėč| 79/82 [01:27<00:03,  1.02s/it][A

Table-wired Predict:  98%|‚Ėą‚Ėą‚Ėą‚Ėą‚Ėą‚Ėą‚Ėą‚Ėą‚Ėą‚Ėä| 80/82 [01:29<00:02,  1.32s/it][A

Table-wired Predict:  99%|‚Ėą‚Ėą‚Ėą‚Ėą‚Ėą‚Ėą‚Ėą‚Ėą‚Ėą‚ĖČ| 81/82 [01:32<00:01,  1.73s/it][A

Table-wired Predict: 100%|‚Ėą‚Ėą‚Ėą‚Ėą‚Ėą‚Ėą‚Ėą‚Ėą‚Ėą‚Ėą| 82/82 [01:34<00:00,  1.99s/it][A
Table-wired Predict: 100%|‚Ėą‚Ėą‚Ėą‚Ėą‚Ėą‚Ėą‚Ėą‚Ėą‚Ėą‚Ėą| 82/82 [01:34<00:00,  1.16s/it]


OCR-det ch:   0%|          | 0/445 [00:00<?, ?it/s][A

OCR-det ch:  14%|‚Ėą‚Ėć        | 64/445 [00:01<00:10, 37.41it/s][A

OCR-det ch:  20%|‚Ėą‚Ėą        | 89/445 [00:01<00:06, 51.01it/s][A

OCR-det ch:  23%|‚Ėą‚Ėą‚Ėé       | 104/445 [00:02<00:06, 54.71it/s][A

OCR-det ch:  44%|‚Ėą‚Ėą‚Ėą‚Ėą‚Ėć     | 195/445 [00:02<00:01, 132.33it/s][A

OCR-det ch:  49%|‚Ėą‚Ėą‚Ėą‚Ėą‚ĖČ     | 218/445 [00:02<00:01, 124.24it/s][A

OCR-det ch:  54%|‚Ėą‚Ėą‚Ėą‚Ėą‚Ėą‚Ėć    | 242/445 [00:02<00:01, 114.25it/s][A

OCR-det ch:  59%|‚Ėą‚Ėą‚Ėą‚Ėą‚Ėą‚Ėä    | 261/445 [00:02<00:01, 113.31it/s][A

OCR-det ch:  63%|‚Ėą‚Ėą‚Ėą‚Ėą‚Ėą‚Ėą‚Ėé   | 280/445 [00:03<00:01, 119.59it/s][A

OCR-det ch:  68%|‚Ėą‚Ėą‚Ėą‚Ėą‚Ėą‚Ėą‚Ėä   | 304/445 [00:03<00:01, 132.65it/s][A

OCR-det ch:  73%|‚Ėą‚Ėą‚Ėą‚Ėą‚Ėą‚Ėą‚Ėą‚Ėé  | 327/445 [00:03<00:00, 128.51it/s][A

OCR-det ch:  78%|‚Ėą‚Ėą‚Ėą‚Ėą‚Ėą‚Ėą‚Ėą‚Ėä  | 345/445 [00:03<00:00, 106.65it/s][A

OCR-det ch:  81%|‚Ėą‚Ėą‚Ėą‚Ėą‚Ėą‚Ėą‚Ėą‚Ėą  | 359/445 [00:03<00:00, 99.16it/s] [A

OCR-det ch:  84%|‚Ėą‚Ėą‚Ėą‚Ėą‚Ėą‚Ėą‚Ėą‚Ėą‚Ėć | 373/445 [00:04<00:00, 85.97it/s][A

OCR-det ch:  87%|‚Ėą‚Ėą‚Ėą‚Ėą‚Ėą‚Ėą‚Ėą‚Ėą‚Ėč | 385/445 [00:04<00:00, 78.66it/s][A

OCR-det ch:  92%|‚Ėą‚Ėą‚Ėą‚Ėą‚Ėą‚Ėą‚Ėą‚Ėą‚Ėą‚ĖŹ| 411/445 [00:04<00:00, 99.76it/s][A

OCR-det ch:  98%|‚Ėą‚Ėą‚Ėą‚Ėą‚Ėą‚Ėą‚Ėą‚Ėą‚Ėą‚Ėä| 437/445 [00:04<00:00, 124.41it/s][A
OCR-det ch: 100%|‚Ėą‚Ėą‚Ėą‚Ėą‚Ėą‚Ėą‚Ėą‚Ėą‚Ėą‚Ėą| 445/445 [00:04<00:00, 91.48it/s] 


Seal Predict: 0it [00:00, ?it/s][A
Seal Predict: 0it [00:00, ?it/s]

Processing pages:  21%|‚Ėą‚Ėą        | 66/311 [00:04<00:15, 15.56it/s]
Processing pages:  22%|‚Ėą‚Ėą‚ĖŹ       | 68/311 [00:04<00:15, 15.99it/s]
Processing pages:  23%|‚Ėą‚Ėą‚Ėé       | 70/311 [00:04<00:15, 15.90it/s]
Processing pages:  23%|‚Ėą‚Ėą‚Ėé       | 72/311 [00:04<00:14, 16.16it/s]
Processing pages:  24%|‚Ėą‚Ėą‚Ėć       | 74/311 [00:04<00:15, 15.65it/s]
Processing pages:  24%|‚Ėą‚Ėą‚Ėć       | 76/311 [00:04<00:15, 15.30it/s]
Processing pages:  25%|‚Ėą‚Ėą‚ĖĆ       | 78/311 [00:05<00:15, 15.10it/s]
Processing pages:  26%|‚Ėą‚Ėą‚ĖĆ       | 80/311 [00:05<00:15, 15.22it/s]
Processing pages:  26%|‚Ėą‚Ėą‚Ėč       | 82/311 [00:05<00:15, 14.93it/s]
Processing pages:  27%|‚Ėą‚Ėą‚Ėč       | 84/311 [00:05<00:14, 15.41it/s]
Processing pages:  28%|‚Ėą‚Ėą‚Ėä       | 86/311 [00:05<00:14, 15.81it/s]
Processing pages:  28%|‚Ėą‚Ėą‚Ėä       | 88/311 [00:05<00:13, 16.06it/s]
Processing pages:  29%|‚Ėą‚Ėą‚ĖČ       | 90/311 [00:05<00:13, 16.39it/s]
Processing pages:  30%|‚Ėą‚Ėą‚ĖČ       | 92/311 [00:05<00:13, 16.24it/s]
Processing pages:  30%|‚Ėą‚Ėą‚Ėą       | 94/311 [00:06<00:13, 15.60it/s]
Processing pages:  31%|‚Ėą‚Ėą‚Ėą       | 96/311 [00:06<00:13, 15.91it/s]
Processing pages:  32%|‚Ėą‚Ėą‚Ėą‚ĖŹ      | 99/311 [00:06<00:12, 17.02it/s]
Processing pages:  32%|‚Ėą‚Ėą‚Ėą‚ĖŹ      | 101/311 [00:06<00:13, 16.10it/s]
Processing pages:  33%|‚Ėą‚Ėą‚Ėą‚Ėé      | 103/311 [00:06<00:13, 15.88it/s]
Processing pages:  34%|‚Ėą‚Ėą‚Ėą‚Ėć      | 105/311 [00:06<00:12, 16.48it/s]
Processing pages:  34%|‚Ėą‚Ėą‚Ėą‚Ėć      | 107/311 [00:06<00:12, 16.54it/s]
Processing pages:  35%|‚Ėą‚Ėą‚Ėą‚ĖĆ      | 109/311 [00:06<00:12, 16.34it/s]
Processing pages:  36%|‚Ėą‚Ėą‚Ėą‚ĖĆ      | 111/311 [00:07<00:11, 16.93it/s]
Processing pages:  36%|‚Ėą‚Ėą‚Ėą‚Ėč      | 113/311 [00:07<00:11, 16.95it/s]
Processing pages:  37%|‚Ėą‚Ėą‚Ėą‚Ėč      | 115/311 [00:07<00:11, 17.06it/s]
Processing pages:  38%|‚Ėą‚Ėą‚Ėą‚Ėä      | 117/311 [00:07<00:17, 10.93it/s]
Processing pages:  38%|‚Ėą‚Ėą‚Ėą‚Ėä      | 119/311 [00:07<00:15, 12.25it/s]
Processing pages:  39%|‚Ėą‚Ėą‚Ėą‚ĖČ      | 121/311 [00:07<00:14, 13.43it/s]
Processing pages:  40%|‚Ėą‚Ėą‚Ėą‚ĖČ      | 123/311 [00:07<00:13, 14.27it/s]
Processing pages:  40%|‚Ėą‚Ėą‚Ėą‚Ėą      | 125/311 [00:08<00:12, 14.96it/s]
Processing pages:  41%|‚Ėą‚Ėą‚Ėą‚Ėą      | 127/311 [00:08<00:11, 15.38it/s]2026-06-20 17:01:13.357 | INFO     | mineru.backend.pipeline.pipeline_analyze:doc_analyze_streaming:264 - Pipeline processing window batch 3/5: 192/311 pages, batch_pages=64, doc_slices=doc0:129-192
2026-06-20 17:01:13.358 | INFO     | mineru.backend.pipeline.pipeline_analyze:batch_image_analyze:364 - GPU Memory: 24 GB, Batch Ratio: 8. 


Layout Predict:   0%|          | 0/64 [00:00<?, ?it/s][A

Layout Predict:  12%|‚Ėą‚Ėé        | 8/64 [00:00<00:02, 25.06it/s][A

Layout Predict:  25%|‚Ėą‚Ėą‚ĖĆ       | 16/64 [00:00<00:01, 26.09it/s][A

Layout Predict:  38%|‚Ėą‚Ėą‚Ėą‚Ėä      | 24/64 [00:00<00:01, 24.04it/s][A

Layout Predict:  50%|‚Ėą‚Ėą‚Ėą‚Ėą‚Ėą     | 32/64 [00:01<00:01, 24.52it/s][A

Layout Predict:  62%|‚Ėą‚Ėą‚Ėą‚Ėą‚Ėą‚Ėą‚Ėé   | 40/64 [00:01<00:00, 24.80it/s][A

Layout Predict:  75%|‚Ėą‚Ėą‚Ėą‚Ėą‚Ėą‚Ėą‚Ėą‚ĖĆ  | 48/64 [00:01<00:00, 25.39it/s][A

Layout Predict:  88%|‚Ėą‚Ėą‚Ėą‚Ėą‚Ėą‚Ėą‚Ėą‚Ėą‚Ėä | 56/64 [00:02<00:00, 25.90it/s][A

Layout Predict: 100%|‚Ėą‚Ėą‚Ėą‚Ėą‚Ėą‚Ėą‚Ėą‚Ėą‚Ėą‚Ėą| 64/64 [00:02<00:00, 26.33it/s][A
Layout Predict: 100%|‚Ėą‚Ėą‚Ėą‚Ėą‚Ėą‚Ėą‚Ėą‚Ėą‚Ėą‚Ėą| 64/64 [00:02<00:00, 25.57it/s]


Table orientation det:   0%|          | 0/80 [00:00<?, ?it/s][A

Table orientation det:  10%|‚Ėą         | 8/80 [00:01<00:11,  6.15it/s][A

Table orientation det:  16%|‚Ėą‚Ėč        | 13/80 [00:01<00:06, 10.02it/s][A

Table orientation det:  21%|‚Ėą‚Ėą‚ĖŹ       | 17/80 [00:01<00:04, 13.07it/s][A

Table orientation det:  26%|‚Ėą‚Ėą‚Ėč       | 21/80 [00:01<00:03, 15.35it/s][A

Table orientation det:  31%|‚Ėą‚Ėą‚Ėą‚ĖŹ      | 25/80 [00:01<00:02, 18.46it/s][A

Table orientation det:  35%|‚Ėą‚Ėą‚Ėą‚ĖĆ      | 28/80 [00:01<00:02, 19.81it/s][A

Table orientation det:  40%|‚Ėą‚Ėą‚Ėą‚Ėą      | 32/80 [00:02<00:02, 21.84it/s][A

Table orientation det:  52%|‚Ėą‚Ėą‚Ėą‚Ėą‚Ėą‚Ėé    | 42/80 [00:02<00:01, 27.93it/s][A

Table orientation det:  57%|‚Ėą‚Ėą‚Ėą‚Ėą‚Ėą‚Ėä    | 46/80 [00:02<00:01, 27.81it/s][A

Table orientation det:  69%|‚Ėą‚Ėą‚Ėą‚Ėą‚Ėą‚Ėą‚ĖČ   | 55/80 [00:02<00:00, 33.60it/s][A

Table orientation det:  76%|‚Ėą‚Ėą‚Ėą‚Ėą‚Ėą‚Ėą‚Ėą‚Ėč  | 61/80 [00:02<00:00, 37.67it/s][A

Table orientation det:  85%|‚Ėą‚Ėą‚Ėą‚Ėą‚Ėą‚Ėą‚Ėą‚Ėą‚ĖĆ | 68/80 [00:03<00:00, 33.92it/s][A

Table orientation det:  90%|‚Ėą‚Ėą‚Ėą‚Ėą‚Ėą‚Ėą‚Ėą‚Ėą‚Ėą | 72/80 [00:03<00:00, 33.90it/s][A

Table orientation det:  95%|‚Ėą‚Ėą‚Ėą‚Ėą‚Ėą‚Ėą‚Ėą‚Ėą‚Ėą‚ĖĆ| 76/80 [00:03<00:00, 30.10it/s][A

Table orientation det: 100%|‚Ėą‚Ėą‚Ėą‚Ėą‚Ėą‚Ėą‚Ėą‚Ėą‚Ėą‚Ėą| 80/80 [00:03<00:00, 25.65it/s][A

Table orientation score: 100%|‚Ėą‚Ėą‚Ėą‚Ėą‚Ėą‚Ėą‚Ėą‚Ėą‚Ėą‚Ėą| 80/80 [00:03<00:00, 25.65it/s][A

Table orientation score: 100%|‚Ėą‚Ėą‚Ėą‚Ėą‚Ėą‚Ėą‚Ėą‚Ėą‚Ėą‚Ėą| 80/80 [00:03<00:00, 25.65it/s][A

Table orientation: 100%|‚Ėą‚Ėą‚Ėą‚Ėą‚Ėą‚Ėą‚Ėą‚Ėą‚Ėą‚Ėą| 80/80 [00:03<00:00, 25.65it/s]      [A

Table orientation: 100%|‚Ėą‚Ėą‚Ėą‚Ėą‚Ėą‚Ėą‚Ėą‚Ėą‚Ėą‚Ėą| 80/80 [00:03<00:00, 25.65it/s][A
Table orientation: 100%|‚Ėą‚Ėą‚Ėą‚Ėą‚Ėą‚Ėą‚Ėą‚Ėą‚Ėą‚Ėą| 80/80 [00:03<00:00, 21.94it/s]


Table-ocr det:   0%|          | 0/80 [00:00<?, ?it/s][A
Processing pages:  41%|‚Ėą‚Ėą‚Ėą‚Ėą      | 128/311 [00:20<00:11, 15.38it/s]

Table-ocr det:  10%|‚Ėą         | 8/80 [00:02<00:24,  2.91it/s][A

Table-ocr det:  16%|‚Ėą‚Ėč        | 13/80 [00:02<00:12,  5.22it/s][A

Table-ocr det:  22%|‚Ėą‚Ėą‚Ėé       | 18/80 [00:02<00:07,  8.10it/s][A

Table-ocr det:  28%|‚Ėą‚Ėą‚Ėä       | 22/80 [00:03<00:05, 10.46it/s][A

Table-ocr det:  35%|‚Ėą‚Ėą‚Ėą‚ĖĆ      | 28/80 [00:03<00:03, 15.42it/s][A

Table-ocr det:  40%|‚Ėą‚Ėą‚Ėą‚Ėą      | 32/80 [00:03<00:02, 18.42it/s][A

Table-ocr det:  52%|‚Ėą‚Ėą‚Ėą‚Ėą‚Ėą‚Ėé    | 42/80 [00:03<00:01, 25.67it/s][A

Table-ocr det:  62%|‚Ėą‚Ėą‚Ėą‚Ėą‚Ėą‚Ėą‚Ėé   | 50/80 [00:03<00:00, 32.31it/s][A

Table-ocr det:  76%|‚Ėą‚Ėą‚Ėą‚Ėą‚Ėą‚Ėą‚Ėą‚Ėč  | 61/80 [00:03<00:00, 43.05it/s][A

Table-ocr det:  85%|‚Ėą‚Ėą‚Ėą‚Ėą‚Ėą‚Ėą‚Ėą‚Ėą‚ĖĆ | 68/80 [00:03<00:00, 46.61it/s][A

Table-ocr det:  92%|‚Ėą‚Ėą‚Ėą‚Ėą‚Ėą‚Ėą‚Ėą‚Ėą‚Ėą‚Ėé| 74/80 [00:04<00:00, 47.92it/s][A

Table-ocr det: 100%|‚Ėą‚Ėą‚Ėą‚Ėą‚Ėą‚Ėą‚Ėą‚Ėą‚Ėą‚Ėą| 80/80 [00:04<00:00, 43.59it/s][A
Table-ocr det: 100%|‚Ėą‚Ėą‚Ėą‚Ėą‚Ėą‚Ėą‚Ėą‚Ėą‚Ėą‚Ėą| 80/80 [00:04<00:00, 18.86it/s]


Table-ocr rec ch:   0%|          | 0/5685 [00:00<?, ?it/s][A

Table-ocr rec ch:   1%|          | 66/5685 [00:00<00:08, 648.23it/s][A

Table-ocr rec ch:   2%|‚ĖŹ         | 138/5685 [00:00<00:08, 671.70it/s][A

Table-ocr rec ch:   4%|‚Ėé         | 210/5685 [00:00<00:08, 678.97it/s][A

Table-ocr rec ch:   5%|‚Ėć         | 282/5685 [00:00<00:08, 660.34it/s][A

Table-ocr rec ch:   6%|‚ĖĆ         | 354/5685 [00:00<00:07, 669.01it/s][A

Table-ocr rec ch:   7%|‚Ėč         | 426/5685 [00:00<00:07, 670.35it/s][A

Table-ocr rec ch:   9%|‚ĖČ         | 498/5685 [00:00<00:07, 679.10it/s][A

Table-ocr rec ch:  10%|‚Ėą         | 570/5685 [00:00<00:07, 679.00it/s][A

Table-ocr rec ch:  11%|‚Ėą‚ĖŹ        | 642/5685 [00:00<00:07, 684.39it/s][A

Table-ocr rec ch:  13%|‚Ėą‚Ėé        | 714/5685 [00:01<00:07, 683.54it/s][A

Table-ocr rec ch:  14%|‚Ėą‚Ėć        | 786/5685 [00:01<00:07, 683.55it/s][A

Table-ocr rec ch:  15%|‚Ėą‚ĖĆ        | 858/5685 [00:01<00:07, 686.65it/s][A

Table-ocr rec ch:  16%|‚Ėą‚Ėč        | 930/5685 [00:01<00:06, 685.38it/s][A

Table-ocr rec ch:  18%|‚Ėą‚Ėä        | 1002/5685 [00:01<00:06, 688.70it/s][A

Table-ocr rec ch:  19%|‚Ėą‚ĖČ        | 1074/5685 [00:01<00:06, 685.69it/s][A

Table-ocr rec ch:  20%|‚Ėą‚Ėą        | 1146/5685 [00:01<00:06, 686.91it/s][A

Table-ocr rec ch:  21%|‚Ėą‚Ėą‚ĖŹ       | 1218/5685 [00:01<00:06, 688.87it/s][A

Table-ocr rec ch:  23%|‚Ėą‚Ėą‚Ėé       | 1290/5685 [00:01<00:06, 683.97it/s][A

Table-ocr rec ch:  24%|‚Ėą‚Ėą‚Ėć       | 1362/5685 [00:02<00:06, 680.28it/s][A

Table-ocr rec ch:  25%|‚Ėą‚Ėą‚ĖĆ       | 1434/5685 [00:02<00:06, 677.67it/s][A

Table-ocr rec ch:  26%|‚Ėą‚Ėą‚Ėč       | 1506/5685 [00:02<00:06, 676.93it/s][A

Table-ocr rec ch:  28%|‚Ėą‚Ėą‚Ėä       | 1578/5685 [00:02<00:06, 672.65it/s][A

Table-ocr rec ch:  29%|‚Ėą‚Ėą‚ĖČ       | 1650/5685 [00:02<00:05, 675.55it/s][A

Table-ocr rec ch:  30%|‚Ėą‚Ėą‚Ėą       | 1722/5685 [00:02<00:05, 678.24it/s][A

Table-ocr rec ch:  32%|‚Ėą‚Ėą‚Ėą‚ĖŹ      | 1794/5685 [00:02<00:05, 675.66it/s][A

Table-ocr rec ch:  33%|‚Ėą‚Ėą‚Ėą‚Ėé      | 1866/5685 [00:02<00:05, 673.93it/s][A

Table-ocr rec ch:  34%|‚Ėą‚Ėą‚Ėą‚Ėć      | 1938/5685 [00:02<00:05, 677.84it/s][A

Table-ocr rec ch:  35%|‚Ėą‚Ėą‚Ėą‚ĖĆ      | 2010/5685 [00:02<00:05, 680.49it/s][A

Table-ocr rec ch:  37%|‚Ėą‚Ėą‚Ėą‚Ėč      | 2082/5685 [00:03<00:05, 674.75it/s][A

Table-ocr rec ch:  38%|‚Ėą‚Ėą‚Ėą‚Ėä      | 2154/5685 [00:03<00:05, 673.34it/s][A

Table-ocr rec ch:  39%|‚Ėą‚Ėą‚Ėą‚ĖČ      | 2226/5685 [00:03<00:05, 675.87it/s][A

Table-ocr rec ch:  40%|‚Ėą‚Ėą‚Ėą‚Ėą      | 2298/5685 [00:03<00:05, 670.40it/s][A

Table-ocr rec ch:  42%|‚Ėą‚Ėą‚Ėą‚Ėą‚ĖŹ     | 2370/5685 [00:03<00:04, 669.88it/s][A

Table-ocr rec ch:  43%|‚Ėą‚Ėą‚Ėą‚Ėą‚Ėé     | 2442/5685 [00:03<00:04, 673.34it/s][A

Table-ocr rec ch:  44%|‚Ėą‚Ėą‚Ėą‚Ėą‚Ėć     | 2514/5685 [00:03<00:04, 667.85it/s][A

Table-ocr rec ch:  45%|‚Ėą‚Ėą‚Ėą‚Ėą‚ĖĆ     | 2586/5685 [00:03<00:04, 671.44it/s][A

Table-ocr rec ch:  47%|‚Ėą‚Ėą‚Ėą‚Ėą‚Ėč     | 2658/5685 [00:03<00:04, 674.10it/s][A

Table-ocr rec ch:  48%|‚Ėą‚Ėą‚Ėą‚Ėą‚Ėä     | 2730/5685 [00:04<00:04, 670.60it/s][A

Table-ocr rec ch:  49%|‚Ėą‚Ėą‚Ėą‚Ėą‚ĖČ     | 2802/5685 [00:04<00:04, 672.46it/s][A

Table-ocr rec ch:  51%|‚Ėą‚Ėą‚Ėą‚Ėą‚Ėą     | 2874/5685 [00:04<00:04, 671.61it/s][A

Table-ocr rec ch:  52%|‚Ėą‚Ėą‚Ėą‚Ėą‚Ėą‚ĖŹ    | 2946/5685 [00:04<00:04, 662.04it/s][A

Table-ocr rec ch:  53%|‚Ėą‚Ėą‚Ėą‚Ėą‚Ėą‚Ėé    | 3018/5685 [00:04<00:04, 663.20it/s][A

Table-ocr rec ch:  54%|‚Ėą‚Ėą‚Ėą‚Ėą‚Ėą‚Ėć    | 3090/5685 [00:04<00:03, 662.34it/s][A

Table-ocr rec ch:  56%|‚Ėą‚Ėą‚Ėą‚Ėą‚Ėą‚ĖĆ    | 3162/5685 [00:04<00:03, 661.45it/s][A

Table-ocr rec ch:  57%|‚Ėą‚Ėą‚Ėą‚Ėą‚Ėą‚Ėč    | 3234/5685 [00:04<00:03, 663.26it/s][A

Table-ocr rec ch:  58%|‚Ėą‚Ėą‚Ėą‚Ėą‚Ėą‚Ėä    | 3306/5685 [00:04<00:03, 660.20it/s][A

Table-ocr rec ch:  59%|‚Ėą‚Ėą‚Ėą‚Ėą‚Ėą‚ĖČ    | 3378/5685 [00:05<00:03, 656.93it/s][A

Table-ocr rec ch:  61%|‚Ėą‚Ėą‚Ėą‚Ėą‚Ėą‚Ėą    | 3450/5685 [00:05<00:03, 662.94it/s][A

Table-ocr rec ch:  62%|‚Ėą‚Ėą‚Ėą‚Ėą‚Ėą‚Ėą‚ĖŹ   | 3522/5685 [00:05<00:03, 655.68it/s][A

Table-ocr rec ch:  63%|‚Ėą‚Ėą‚Ėą‚Ėą‚Ėą‚Ėą‚Ėé   | 3588/5685 [00:05<00:03, 655.21it/s][A

Table-ocr rec ch:  64%|‚Ėą‚Ėą‚Ėą‚Ėą‚Ėą‚Ėą‚Ėć   | 3660/5685 [00:05<00:03, 659.56it/s][A

Table-ocr rec ch:  66%|‚Ėą‚Ėą‚Ėą‚Ėą‚Ėą‚Ėą‚ĖĆ   | 3726/5685 [00:05<00:02, 656.56it/s][A

Table-ocr rec ch:  67%|‚Ėą‚Ėą‚Ėą‚Ėą‚Ėą‚Ėą‚Ėč   | 3798/5685 [00:05<00:02, 660.49it/s][A

Table-ocr rec ch:  68%|‚Ėą‚Ėą‚Ėą‚Ėą‚Ėą‚Ėą‚Ėä   | 3870/5685 [00:05<00:02, 660.96it/s][A

Table-ocr rec ch:  69%|‚Ėą‚Ėą‚Ėą‚Ėą‚Ėą‚Ėą‚ĖČ   | 3942/5685 [00:05<00:02, 663.30it/s][A

Table-ocr rec ch:  71%|‚Ėą‚Ėą‚Ėą‚Ėą‚Ėą‚Ėą‚Ėą   | 4014/5685 [00:05<00:02, 660.97it/s][A

Table-ocr rec ch:  72%|‚Ėą‚Ėą‚Ėą‚Ėą‚Ėą‚Ėą‚Ėą‚ĖŹ  | 4086/5685 [00:06<00:02, 664.40it/s][A

Table-ocr rec ch:  73%|‚Ėą‚Ėą‚Ėą‚Ėą‚Ėą‚Ėą‚Ėą‚Ėé  | 4158/5685 [00:06<00:02, 651.86it/s][A

Table-ocr rec ch:  74%|‚Ėą‚Ėą‚Ėą‚Ėą‚Ėą‚Ėą‚Ėą‚Ėć  | 4230/5685 [00:06<00:02, 656.05it/s][A

Table-ocr rec ch:  76%|‚Ėą‚Ėą‚Ėą‚Ėą‚Ėą‚Ėą‚Ėą‚ĖĆ  | 4296/5685 [00:06<00:02, 653.90it/s][A

Table-ocr rec ch:  77%|‚Ėą‚Ėą‚Ėą‚Ėą‚Ėą‚Ėą‚Ėą‚Ėč  | 4368/5685 [00:06<00:02, 657.64it/s][A

Table-ocr rec ch:  78%|‚Ėą‚Ėą‚Ėą‚Ėą‚Ėą‚Ėą‚Ėą‚Ėä  | 4434/5685 [00:06<00:01, 657.38it/s][A

Table-ocr rec ch:  79%|‚Ėą‚Ėą‚Ėą‚Ėą‚Ėą‚Ėą‚Ėą‚ĖČ  | 4506/5685 [00:06<00:01, 661.34it/s][A

Table-ocr rec ch:  81%|‚Ėą‚Ėą‚Ėą‚Ėą‚Ėą‚Ėą‚Ėą‚Ėą  | 4578/5685 [00:06<00:01, 657.31it/s][A

Table-ocr rec ch:  82%|‚Ėą‚Ėą‚Ėą‚Ėą‚Ėą‚Ėą‚Ėą‚Ėą‚ĖŹ | 4644/5685 [00:06<00:01, 656.65it/s][A

Table-ocr rec ch:  83%|‚Ėą‚Ėą‚Ėą‚Ėą‚Ėą‚Ėą‚Ėą‚Ėą‚Ėé | 4716/5685 [00:07<00:01, 659.28it/s][A

Table-ocr rec ch:  84%|‚Ėą‚Ėą‚Ėą‚Ėą‚Ėą‚Ėą‚Ėą‚Ėą‚Ėć | 4782/5685 [00:07<00:01, 657.83it/s][A

Table-ocr rec ch:  85%|‚Ėą‚Ėą‚Ėą‚Ėą‚Ėą‚Ėą‚Ėą‚Ėą‚ĖĆ | 4848/5685 [00:07<00:01, 649.12it/s][A

Table-ocr rec ch:  86%|‚Ėą‚Ėą‚Ėą‚Ėą‚Ėą‚Ėą‚Ėą‚Ėą‚Ėč | 4914/5685 [00:07<00:01, 646.33it/s][A

Table-ocr rec ch:  88%|‚Ėą‚Ėą‚Ėą‚Ėą‚Ėą‚Ėą‚Ėą‚Ėą‚Ėä | 4980/5685 [00:07<00:01, 648.76it/s][A

Table-ocr rec ch:  89%|‚Ėą‚Ėą‚Ėą‚Ėą‚Ėą‚Ėą‚Ėą‚Ėą‚ĖČ | 5046/5685 [00:07<00:00, 640.40it/s][A

Table-ocr rec ch:  90%|‚Ėą‚Ėą‚Ėą‚Ėą‚Ėą‚Ėą‚Ėą‚Ėą‚ĖČ | 5112/5685 [00:07<00:00, 639.68it/s][A

Table-ocr rec ch:  91%|‚Ėą‚Ėą‚Ėą‚Ėą‚Ėą‚Ėą‚Ėą‚Ėą‚Ėą | 5178/5685 [00:07<00:00, 633.82it/s][A

Table-ocr rec ch:  92%|‚Ėą‚Ėą‚Ėą‚Ėą‚Ėą‚Ėą‚Ėą‚Ėą‚Ėą‚ĖŹ| 5244/5685 [00:07<00:00, 616.85it/s][A

Table-ocr rec ch:  93%|‚Ėą‚Ėą‚Ėą‚Ėą‚Ėą‚Ėą‚Ėą‚Ėą‚Ėą‚Ėé| 5310/5685 [00:08<00:00, 467.02it/s][A

Table-ocr rec ch:  94%|‚Ėą‚Ėą‚Ėą‚Ėą‚Ėą‚Ėą‚Ėą‚Ėą‚Ėą‚Ėć| 5364/5685 [00:08<00:00, 383.99it/s][A

Table-ocr rec ch:  95%|‚Ėą‚Ėą‚Ėą‚Ėą‚Ėą‚Ėą‚Ėą‚Ėą‚Ėą‚ĖĆ| 5412/5685 [00:08<00:00, 381.76it/s][A

Table-ocr rec ch:  96%|‚Ėą‚Ėą‚Ėą‚Ėą‚Ėą‚Ėą‚Ėą‚Ėą‚Ėą‚ĖĆ| 5460/5685 [00:08<00:00, 382.46it/s][A

Table-ocr rec ch:  97%|‚Ėą‚Ėą‚Ėą‚Ėą‚Ėą‚Ėą‚Ėą‚Ėą‚Ėą‚Ėč| 5502/5685 [00:08<00:00, 355.44it/s][A

Table-ocr rec ch:  98%|‚Ėą‚Ėą‚Ėą‚Ėą‚Ėą‚Ėą‚Ėą‚Ėą‚Ėą‚Ėä| 5544/5685 [00:08<00:00, 312.14it/s][A

Table-ocr rec ch:  98%|‚Ėą‚Ėą‚Ėą‚Ėą‚Ėą‚Ėą‚Ėą‚Ėą‚Ėą‚Ėä| 5580/5685 [00:09<00:00, 317.67it/s][A

Table-ocr rec ch:  99%|‚Ėą‚Ėą‚Ėą‚Ėą‚Ėą‚Ėą‚Ėą‚Ėą‚Ėą‚ĖČ| 5616/5685 [00:09<00:00, 299.97it/s][A

Table-ocr rec ch:  99%|‚Ėą‚Ėą‚Ėą‚Ėą‚Ėą‚Ėą‚Ėą‚Ėą‚Ėą‚ĖČ| 5652/5685 [00:09<00:00, 263.10it/s][A

Table-ocr rec ch: 100%|‚Ėą‚Ėą‚Ėą‚Ėą‚Ėą‚Ėą‚Ėą‚Ėą‚Ėą‚ĖČ| 5682/5685 [00:09<00:00, 241.47it/s][A
Table-ocr rec ch: 100%|‚Ėą‚Ėą‚Ėą‚Ėą‚Ėą‚Ėą‚Ėą‚Ėą‚Ėą‚Ėą| 5685/5685 [00:09<00:00, 596.74it/s]


Table-wireless Predict:   0%|          | 0/80 [00:00<?, ?it/s][A

Table-wireless Predict:   5%|‚ĖĆ         | 4/80 [00:01<00:20,  3.75it/s][A

Table-wireless Predict:  10%|‚Ėą         | 8/80 [00:02<00:18,  3.86it/s][A

Table-wireless Predict:  15%|‚Ėą‚ĖĆ        | 12/80 [00:03<00:19,  3.46it/s][A

Table-wireless Predict:  20%|‚Ėą‚Ėą        | 16/80 [00:04<00:17,  3.66it/s][A

Table-wireless Predict:  25%|‚Ėą‚Ėą‚ĖĆ       | 20/80 [00:05<00:16,  3.53it/s][A

Table-wireless Predict:  30%|‚Ėą‚Ėą‚Ėą       | 24/80 [00:06<00:13,  4.19it/s][A

Table-wireless Predict:  35%|‚Ėą‚Ėą‚Ėą‚ĖĆ      | 28/80 [00:07<00:12,  4.01it/s][A

Table-wireless Predict:  40%|‚Ėą‚Ėą‚Ėą‚Ėą      | 32/80 [00:08<00:11,  4.15it/s][A

Table-wireless Predict:  45%|‚Ėą‚Ėą‚Ėą‚Ėą‚ĖĆ     | 36/80 [00:08<00:09,  4.52it/s][A

Table-wireless Predict:  50%|‚Ėą‚Ėą‚Ėą‚Ėą‚Ėą     | 40/80 [00:09<00:08,  4.99it/s][A

Table-wireless Predict:  55%|‚Ėą‚Ėą‚Ėą‚Ėą‚Ėą‚ĖĆ    | 44/80 [00:10<00:08,  4.23it/s][A

Table-wireless Predict:  60%|‚Ėą‚Ėą‚Ėą‚Ėą‚Ėą‚Ėą    | 48/80 [00:11<00:07,  4.28it/s][A

Table-wireless Predict:  65%|‚Ėą‚Ėą‚Ėą‚Ėą‚Ėą‚Ėą‚ĖĆ   | 52/80 [00:12<00:06,  4.31it/s][A

Table-wireless Predict:  70%|‚Ėą‚Ėą‚Ėą‚Ėą‚Ėą‚Ėą‚Ėą   | 56/80 [00:13<00:05,  4.23it/s][A

Table-wireless Predict:  75%|‚Ėą‚Ėą‚Ėą‚Ėą‚Ėą‚Ėą‚Ėą‚ĖĆ  | 60/80 [00:14<00:04,  4.45it/s][A

Table-wireless Predict:  80%|‚Ėą‚Ėą‚Ėą‚Ėą‚Ėą‚Ėą‚Ėą‚Ėą  | 64/80 [00:15<00:03,  4.29it/s][A

Table-wireless Predict:  85%|‚Ėą‚Ėą‚Ėą‚Ėą‚Ėą‚Ėą‚Ėą‚Ėą‚ĖĆ | 68/80 [00:16<00:02,  4.31it/s][A

Table-wireless Predict:  90%|‚Ėą‚Ėą‚Ėą‚Ėą‚Ėą‚Ėą‚Ėą‚Ėą‚Ėą | 72/80 [00:17<00:01,  4.50it/s][A

Table-wireless Predict:  95%|‚Ėą‚Ėą‚Ėą‚Ėą‚Ėą‚Ėą‚Ėą‚Ėą‚Ėą‚ĖĆ| 76/80 [00:18<00:00,  4.08it/s][A

Table-wireless Predict: 100%|‚Ėą‚Ėą‚Ėą‚Ėą‚Ėą‚Ėą‚Ėą‚Ėą‚Ėą‚Ėą| 80/80 [00:19<00:00,  4.05it/s][A
Table-wireless Predict: 100%|‚Ėą‚Ėą‚Ėą‚Ėą‚Ėą‚Ėą‚Ėą‚Ėą‚Ėą‚Ėą| 80/80 [00:19<00:00,  4.15it/s]


Table-wired Predict:   0%|          | 0/80 [00:00<?, ?it/s][A

Table-wired Predict:   1%|‚ĖŹ         | 1/80 [00:05<07:29,  5.68s/it][A

Table-wired Predict:   2%|‚Ėé         | 2/80 [00:07<04:06,  3.16s/it][A

Table-wired Predict:   4%|‚Ėć         | 3/80 [00:07<02:44,  2.13s/it][A

Table-wired Predict:   5%|‚ĖĆ         | 4/80 [00:10<02:59,  2.36s/it][A

Table-wired Predict:   6%|‚Ėč         | 5/80 [00:13<02:57,  2.37s/it][A

Table-wired Predict:   8%|‚Ėä         | 6/80 [00:13<02:13,  1.80s/it][A

Table-wired Predict:   9%|‚ĖČ         | 7/80 [00:15<02:18,  1.90s/it][A

Table-wired Predict:  10%|‚Ėą         | 8/80 [00:17<02:05,  1.74s/it][A

Table-wired Predict:  11%|‚Ėą‚ĖŹ        | 9/80 [00:19<02:14,  1.89s/it][A

Table-wired Predict:  12%|‚Ėą‚Ėé        | 10/80 [00:22<02:31,  2.17s/it][A

Table-wired Predict:  14%|‚Ėą‚Ėć        | 11/80 [00:25<02:41,  2.33s/it][A

Table-wired Predict:  15%|‚Ėą‚ĖĆ        | 12/80 [00:27<02:37,  2.32s/it][A

Table-wired Predict:  16%|‚Ėą‚Ėč        | 13/80 [00:28<02:12,  1.98s/it][A

Table-wired Predict:  18%|‚Ėą‚Ėä        | 14/80 [00:29<01:58,  1.80s/it][A

Table-wired Predict:  19%|‚Ėą‚ĖČ        | 15/80 [00:31<01:49,  1.69s/it][A

Table-wired Predict:  20%|‚Ėą‚Ėą        | 16/80 [00:33<01:59,  1.87s/it][A

Table-wired Predict:  21%|‚Ėą‚Ėą‚ĖŹ       | 17/80 [00:34<01:30,  1.43s/it][A

Table-wired Predict:  22%|‚Ėą‚Ėą‚Ėé       | 18/80 [00:36<01:50,  1.78s/it][A

Table-wired Predict:  24%|‚Ėą‚Ėą‚Ėć       | 19/80 [00:39<02:03,  2.02s/it][A

Table-wired Predict:  25%|‚Ėą‚Ėą‚ĖĆ       | 20/80 [00:41<02:13,  2.23s/it][A

Table-wired Predict:  26%|‚Ėą‚Ėą‚Ėč       | 21/80 [00:42<01:44,  1.77s/it][A

Table-wired Predict:  28%|‚Ėą‚Ėą‚Ėä       | 22/80 [00:43<01:25,  1.48s/it][A

Table-wired Predict:  29%|‚Ėą‚Ėą‚ĖČ       | 23/80 [00:44<01:15,  1.33s/it][A

Table-wired Predict:  30%|‚Ėą‚Ėą‚Ėą       | 24/80 [00:45<01:04,  1.14s/it][A

Table-wired Predict:  31%|‚Ėą‚Ėą‚Ėą‚ĖŹ      | 25/80 [00:46<01:12,  1.31s/it][A

Table-wired Predict:  32%|‚Ėą‚Ėą‚Ėą‚Ėé      | 26/80 [00:49<01:31,  1.70s/it][A

Table-wired Predict:  34%|‚Ėą‚Ėą‚Ėą‚Ėć      | 27/80 [00:51<01:33,  1.76s/it][A

Table-wired Predict:  35%|‚Ėą‚Ėą‚Ėą‚ĖĆ      | 28/80 [00:51<01:14,  1.44s/it][A

Table-wired Predict:  36%|‚Ėą‚Ėą‚Ėą‚Ėč      | 29/80 [00:52<01:03,  1.25s/it][A

Table-wired Predict:  38%|‚Ėą‚Ėą‚Ėą‚Ėä      | 30/80 [00:53<00:55,  1.11s/it][A

Table-wired Predict:  39%|‚Ėą‚Ėą‚Ėą‚ĖČ      | 31/80 [00:55<01:11,  1.47s/it][A

Table-wired Predict:  40%|‚Ėą‚Ėą‚Ėą‚Ėą      | 32/80 [00:57<01:11,  1.48s/it][A

Table-wired Predict:  41%|‚Ėą‚Ėą‚Ėą‚Ėą‚ĖŹ     | 33/80 [00:58<00:57,  1.22s/it][A

Table-wired Predict:  42%|‚Ėą‚Ėą‚Ėą‚Ėą‚Ėé     | 34/80 [00:59<00:55,  1.21s/it][A

Table-wired Predict:  44%|‚Ėą‚Ėą‚Ėą‚Ėą‚Ėć     | 35/80 [01:00<00:52,  1.17s/it][A

Table-wired Predict:  45%|‚Ėą‚Ėą‚Ėą‚Ėą‚ĖĆ     | 36/80 [01:00<00:45,  1.03s/it][A

Table-wired Predict:  46%|‚Ėą‚Ėą‚Ėą‚Ėą‚Ėč     | 37/80 [01:01<00:38,  1.11it/s][A

Table-wired Predict:  48%|‚Ėą‚Ėą‚Ėą‚Ėą‚Ėä     | 38/80 [01:02<00:38,  1.10it/s][A

Table-wired Predict:  49%|‚Ėą‚Ėą‚Ėą‚Ėą‚ĖČ     | 39/80 [01:03<00:34,  1.19it/s][A

Table-wired Predict:  50%|‚Ėą‚Ėą‚Ėą‚Ėą‚Ėą     | 40/80 [01:04<00:35,  1.13it/s][A

Table-wired Predict:  51%|‚Ėą‚Ėą‚Ėą‚Ėą‚Ėą‚ĖŹ    | 41/80 [01:05<00:34,  1.12it/s][A

Table-wired Predict:  52%|‚Ėą‚Ėą‚Ėą‚Ėą‚Ėą‚Ėé    | 42/80 [01:07<00:51,  1.35s/it][A

Table-wired Predict:  54%|‚Ėą‚Ėą‚Ėą‚Ėą‚Ėą‚Ėć    | 43/80 [01:08<00:46,  1.25s/it][A

Table-wired Predict:  55%|‚Ėą‚Ėą‚Ėą‚Ėą‚Ėą‚ĖĆ    | 44/80 [01:09<00:42,  1.17s/it][A

Table-wired Predict:  56%|‚Ėą‚Ėą‚Ėą‚Ėą‚Ėą‚Ėč    | 45/80 [01:10<00:38,  1.09s/it][A

Table-wired Predict:  57%|‚Ėą‚Ėą‚Ėą‚Ėą‚Ėą‚Ėä    | 46/80 [01:10<00:29,  1.17it/s][A

Table-wired Predict:  59%|‚Ėą‚Ėą‚Ėą‚Ėą‚Ėą‚ĖČ    | 47/80 [01:10<00:22,  1.46it/s][A

Table-wired Predict:  60%|‚Ėą‚Ėą‚Ėą‚Ėą‚Ėą‚Ėą    | 48/80 [01:13<00:38,  1.20s/it][A

Table-wired Predict:  61%|‚Ėą‚Ėą‚Ėą‚Ėą‚Ėą‚Ėą‚ĖŹ   | 49/80 [01:15<00:46,  1.50s/it][A

Table-wired Predict:  62%|‚Ėą‚Ėą‚Ėą‚Ėą‚Ėą‚Ėą‚Ėé   | 50/80 [01:16<00:38,  1.29s/it][A

Table-wired Predict:  64%|‚Ėą‚Ėą‚Ėą‚Ėą‚Ėą‚Ėą‚Ėć   | 51/80 [01:17<00:40,  1.38s/it][A

Table-wired Predict:  65%|‚Ėą‚Ėą‚Ėą‚Ėą‚Ėą‚Ėą‚ĖĆ   | 52/80 [01:19<00:37,  1.36s/it][A

Table-wired Predict:  66%|‚Ėą‚Ėą‚Ėą‚Ėą‚Ėą‚Ėą‚Ėč   | 53/80 [01:20<00:38,  1.43s/it][A

Table-wired Predict:  68%|‚Ėą‚Ėą‚Ėą‚Ėą‚Ėą‚Ėą‚Ėä   | 54/80 [01:23<00:43,  1.66s/it][A

Table-wired Predict:  69%|‚Ėą‚Ėą‚Ėą‚Ėą‚Ėą‚Ėą‚ĖČ   | 55/80 [01:23<00:32,  1.28s/it][A

Table-wired Predict:  70%|‚Ėą‚Ėą‚Ėą‚Ėą‚Ėą‚Ėą‚Ėą   | 56/80 [01:25<00:36,  1.53s/it][A

Table-wired Predict:  71%|‚Ėą‚Ėą‚Ėą‚Ėą‚Ėą‚Ėą‚Ėą‚ĖŹ  | 57/80 [01:27<00:37,  1.64s/it][A

Table-wired Predict:  72%|‚Ėą‚Ėą‚Ėą‚Ėą‚Ėą‚Ėą‚Ėą‚Ėé  | 58/80 [01:27<00:28,  1.30s/it][A

Table-wired Predict:  74%|‚Ėą‚Ėą‚Ėą‚Ėą‚Ėą‚Ėą‚Ėą‚Ėć  | 59/80 [01:28<00:21,  1.02s/it][A

Table-wired Predict:  75%|‚Ėą‚Ėą‚Ėą‚Ėą‚Ėą‚Ėą‚Ėą‚ĖĆ  | 60/80 [01:30<00:26,  1.32s/it][A

Table-wired Predict:  76%|‚Ėą‚Ėą‚Ėą‚Ėą‚Ėą‚Ėą‚Ėą‚Ėč  | 61/80 [01:32<00:29,  1.55s/it][A

Table-wired Predict:  78%|‚Ėą‚Ėą‚Ėą‚Ėą‚Ėą‚Ėą‚Ėą‚Ėä  | 62/80 [01:33<00:26,  1.48s/it][A

Table-wired Predict:  79%|‚Ėą‚Ėą‚Ėą‚Ėą‚Ėą‚Ėą‚Ėą‚ĖČ  | 63/80 [01:34<00:21,  1.24s/it][A

Table-wired Predict:  80%|‚Ėą‚Ėą‚Ėą‚Ėą‚Ėą‚Ėą‚Ėą‚Ėą  | 64/80 [01:36<00:25,  1.62s/it][A

Table-wired Predict:  81%|‚Ėą‚Ėą‚Ėą‚Ėą‚Ėą‚Ėą‚Ėą‚Ėą‚ĖŹ | 65/80 [01:39<00:28,  1.89s/it][A

Table-wired Predict:  82%|‚Ėą‚Ėą‚Ėą‚Ėą‚Ėą‚Ėą‚Ėą‚Ėą‚Ėé | 66/80 [01:40<00:21,  1.56s/it][A

Table-wired Predict:  84%|‚Ėą‚Ėą‚Ėą‚Ėą‚Ėą‚Ėą‚Ėą‚Ėą‚Ėć | 67/80 [01:42<00:22,  1.69s/it][A

Table-wired Predict:  85%|‚Ėą‚Ėą‚Ėą‚Ėą‚Ėą‚Ėą‚Ėą‚Ėą‚ĖĆ | 68/80 [01:43<00:18,  1.51s/it][A

Table-wired Predict:  86%|‚Ėą‚Ėą‚Ėą‚Ėą‚Ėą‚Ėą‚Ėą‚Ėą‚Ėč | 69/80 [01:45<00:18,  1.69s/it][A

Table-wired Predict:  88%|‚Ėą‚Ėą‚Ėą‚Ėą‚Ėą‚Ėą‚Ėą‚Ėą‚Ėä | 70/80 [01:47<00:17,  1.78s/it][A

Table-wired Predict:  89%|‚Ėą‚Ėą‚Ėą‚Ėą‚Ėą‚Ėą‚Ėą‚Ėą‚ĖČ | 71/80 [01:48<00:15,  1.67s/it][A

Table-wired Predict:  90%|‚Ėą‚Ėą‚Ėą‚Ėą‚Ėą‚Ėą‚Ėą‚Ėą‚Ėą | 72/80 [01:49<00:10,  1.32s/it][A

Table-wired Predict:  91%|‚Ėą‚Ėą‚Ėą‚Ėą‚Ėą‚Ėą‚Ėą‚Ėą‚Ėą‚ĖŹ| 73/80 [01:52<00:12,  1.73s/it][A

Table-wired Predict:  92%|‚Ėą‚Ėą‚Ėą‚Ėą‚Ėą‚Ėą‚Ėą‚Ėą‚Ėą‚Ėé| 74/80 [01:53<00:09,  1.52s/it][A

Table-wired Predict:  94%|‚Ėą‚Ėą‚Ėą‚Ėą‚Ėą‚Ėą‚Ėą‚Ėą‚Ėą‚Ėć| 75/80 [01:55<00:08,  1.75s/it][A

Table-wired Predict:  95%|‚Ėą‚Ėą‚Ėą‚Ėą‚Ėą‚Ėą‚Ėą‚Ėą‚Ėą‚ĖĆ| 76/80 [01:57<00:07,  1.86s/it][A

Table-wired Predict:  96%|‚Ėą‚Ėą‚Ėą‚Ėą‚Ėą‚Ėą‚Ėą‚Ėą‚Ėą‚Ėč| 77/80 [01:59<00:05,  1.96s/it][A

Table-wired Predict:  98%|‚Ėą‚Ėą‚Ėą‚Ėą‚Ėą‚Ėą‚Ėą‚Ėą‚Ėą‚Ėä| 78/80 [02:01<00:03,  1.88s/it][A

Table-wired Predict:  99%|‚Ėą‚Ėą‚Ėą‚Ėą‚Ėą‚Ėą‚Ėą‚Ėą‚Ėą‚ĖČ| 79/80 [02:01<00:01,  1.50s/it][A

Table-wired Predict: 100%|‚Ėą‚Ėą‚Ėą‚Ėą‚Ėą‚Ėą‚Ėą‚Ėą‚Ėą‚Ėą| 80/80 [02:02<00:00,  1.32s/it][A
Table-wired Predict: 100%|‚Ėą‚Ėą‚Ėą‚Ėą‚Ėą‚Ėą‚Ėą‚Ėą‚Ėą‚Ėą| 80/80 [02:02<00:00,  1.54s/it]


OCR-det ch:   0%|          | 0/368 [00:00<?, ?it/s][A

OCR-det ch:  17%|‚Ėą‚Ėč        | 64/368 [00:01<00:08, 36.24it/s][A

OCR-det ch:  29%|‚Ėą‚Ėą‚Ėä       | 105/368 [00:01<00:04, 62.01it/s][A

OCR-det ch:  40%|‚Ėą‚Ėą‚Ėą‚Ėą      | 148/368 [00:02<00:02, 88.23it/s][A

OCR-det ch:  51%|‚Ėą‚Ėą‚Ėą‚Ėą‚Ėą     | 188/368 [00:02<00:01, 118.56it/s][A

OCR-det ch:  58%|‚Ėą‚Ėą‚Ėą‚Ėą‚Ėą‚Ėä    | 214/368 [00:02<00:01, 122.85it/s][A

OCR-det ch:  64%|‚Ėą‚Ėą‚Ėą‚Ėą‚Ėą‚Ėą‚Ėć   | 236/368 [00:02<00:01, 105.92it/s][A

OCR-det ch:  69%|‚Ėą‚Ėą‚Ėą‚Ėą‚Ėą‚Ėą‚ĖČ   | 253/368 [00:02<00:01, 102.16it/s][A

OCR-det ch:  75%|‚Ėą‚Ėą‚Ėą‚Ėą‚Ėą‚Ėą‚Ėą‚Ėć  | 275/368 [00:03<00:00, 107.57it/s][A

OCR-det ch:  79%|‚Ėą‚Ėą‚Ėą‚Ėą‚Ėą‚Ėą‚Ėą‚ĖČ  | 290/368 [00:03<00:00, 107.84it/s][A

OCR-det ch:  88%|‚Ėą‚Ėą‚Ėą‚Ėą‚Ėą‚Ėą‚Ėą‚Ėą‚Ėä | 325/368 [00:03<00:00, 131.30it/s][A

OCR-det ch:  92%|‚Ėą‚Ėą‚Ėą‚Ėą‚Ėą‚Ėą‚Ėą‚Ėą‚Ėą‚ĖŹ| 340/368 [00:03<00:00, 105.51it/s][A

OCR-det ch:  96%|‚Ėą‚Ėą‚Ėą‚Ėą‚Ėą‚Ėą‚Ėą‚Ėą‚Ėą‚ĖĆ| 353/368 [00:03<00:00, 83.36it/s] [A

OCR-det ch:  99%|‚Ėą‚Ėą‚Ėą‚Ėą‚Ėą‚Ėą‚Ėą‚Ėą‚Ėą‚ĖČ| 364/368 [00:04<00:00, 63.29it/s][A
OCR-det ch: 100%|‚Ėą‚Ėą‚Ėą‚Ėą‚Ėą‚Ėą‚Ėą‚Ėą‚Ėą‚Ėą| 368/368 [00:04<00:00, 81.03it/s]


Seal Predict: 0it [00:00, ?it/s][A
Seal Predict: 0it [00:00, ?it/s]

Processing pages:  42%|‚Ėą‚Ėą‚Ėą‚Ėą‚ĖŹ     | 130/311 [00:08<00:11, 15.30it/s]
Processing pages:  42%|‚Ėą‚Ėą‚Ėą‚Ėą‚ĖŹ     | 132/311 [00:08<00:12, 14.42it/s]
Processing pages:  43%|‚Ėą‚Ėą‚Ėą‚Ėą‚Ėé     | 134/311 [00:08<00:12, 13.88it/s]
Processing pages:  44%|‚Ėą‚Ėą‚Ėą‚Ėą‚Ėé     | 136/311 [00:08<00:12, 13.74it/s]
Processing pages:  44%|‚Ėą‚Ėą‚Ėą‚Ėą‚Ėć     | 138/311 [00:09<00:12, 13.59it/s]
Processing pages:  45%|‚Ėą‚Ėą‚Ėą‚Ėą‚ĖĆ     | 140/311 [00:09<00:12, 13.59it/s]
Processing pages:  46%|‚Ėą‚Ėą‚Ėą‚Ėą‚ĖĆ     | 142/311 [00:09<00:11, 14.41it/s]
Processing pages:  46%|‚Ėą‚Ėą‚Ėą‚Ėą‚Ėč     | 144/311 [00:09<00:11, 14.78it/s]
Processing pages:  47%|‚Ėą‚Ėą‚Ėą‚Ėą‚Ėč     | 146/311 [00:09<00:11, 14.70it/s]
Processing pages:  48%|‚Ėą‚Ėą‚Ėą‚Ėą‚Ėä     | 148/311 [00:09<00:10, 15.84it/s]
Processing pages:  48%|‚Ėą‚Ėą‚Ėą‚Ėą‚Ėä     | 150/311 [00:09<00:10, 15.60it/s]
Processing pages:  49%|‚Ėą‚Ėą‚Ėą‚Ėą‚ĖČ     | 152/311 [00:09<00:10, 15.69it/s]
Processing pages:  50%|‚Ėą‚Ėą‚Ėą‚Ėą‚ĖČ     | 154/311 [00:10<00:10, 15.20it/s]
Processing pages:  50%|‚Ėą‚Ėą‚Ėą‚Ėą‚Ėą     | 156/311 [00:10<00:10, 14.97it/s]
Processing pages:  51%|‚Ėą‚Ėą‚Ėą‚Ėą‚Ėą     | 158/311 [00:10<00:10, 15.04it/s]
Processing pages:  51%|‚Ėą‚Ėą‚Ėą‚Ėą‚Ėą‚ĖŹ    | 160/311 [00:10<00:09, 15.94it/s]
Processing pages:  52%|‚Ėą‚Ėą‚Ėą‚Ėą‚Ėą‚ĖŹ    | 162/311 [00:10<00:09, 16.05it/s]
Processing pages:  53%|‚Ėą‚Ėą‚Ėą‚Ėą‚Ėą‚Ėé    | 164/311 [00:10<00:08, 16.75it/s]
Processing pages:  53%|‚Ėą‚Ėą‚Ėą‚Ėą‚Ėą‚Ėé    | 166/311 [00:10<00:08, 16.53it/s]
Processing pages:  54%|‚Ėą‚Ėą‚Ėą‚Ėą‚Ėą‚Ėć    | 168/311 [00:10<00:08, 16.18it/s]
Processing pages:  55%|‚Ėą‚Ėą‚Ėą‚Ėą‚Ėą‚Ėć    | 170/311 [00:11<00:08, 15.92it/s]
Processing pages:  55%|‚Ėą‚Ėą‚Ėą‚Ėą‚Ėą‚ĖĆ    | 172/311 [00:11<00:08, 15.93it/s]
Processing pages:  56%|‚Ėą‚Ėą‚Ėą‚Ėą‚Ėą‚ĖĆ    | 174/311 [00:11<00:08, 15.28it/s]
Processing pages:  57%|‚Ėą‚Ėą‚Ėą‚Ėą‚Ėą‚Ėč    | 176/311 [00:11<00:08, 15.12it/s]
Processing pages:  57%|‚Ėą‚Ėą‚Ėą‚Ėą‚Ėą‚Ėč    | 178/311 [00:11<00:12, 10.23it/s]
Processing pages:  58%|‚Ėą‚Ėą‚Ėą‚Ėą‚Ėą‚Ėä    | 180/311 [00:11<00:11, 11.39it/s]
Processing pages:  59%|‚Ėą‚Ėą‚Ėą‚Ėą‚Ėą‚Ėä    | 182/311 [00:12<00:10, 12.82it/s]
Processing pages:  59%|‚Ėą‚Ėą‚Ėą‚Ėą‚Ėą‚ĖČ    | 184/311 [00:12<00:09, 14.09it/s]
Processing pages:  60%|‚Ėą‚Ėą‚Ėą‚Ėą‚Ėą‚ĖČ    | 186/311 [00:12<00:08, 14.33it/s]
Processing pages:  60%|‚Ėą‚Ėą‚Ėą‚Ėą‚Ėą‚Ėą    | 188/311 [00:12<00:08, 15.08it/s]
Processing pages:  61%|‚Ėą‚Ėą‚Ėą‚Ėą‚Ėą‚Ėą    | 190/311 [00:12<00:07, 15.21it/s]
Processing pages:  62%|‚Ėą‚Ėą‚Ėą‚Ėą‚Ėą‚Ėą‚ĖŹ   | 192/311 [00:12<00:07, 15.64it/s]2026-06-20 17:04:10.849 | INFO     | mineru.backend.pipeline.pipeline_analyze:doc_analyze_streaming:264 - Pipeline processing window batch 4/5: 256/311 pages, batch_pages=64, doc_slices=doc0:193-256
2026-06-20 17:04:10.850 | INFO     | mineru.backend.pipeline.pipeline_analyze:batch_image_analyze:364 - GPU Memory: 24 GB, Batch Ratio: 8. 


Layout Predict:   0%|          | 0/64 [00:00<?, ?it/s][A

Layout Predict:  12%|‚Ėą‚Ėé        | 8/64 [00:00<00:02, 26.10it/s][A

Layout Predict:  25%|‚Ėą‚Ėą‚ĖĆ       | 16/64 [00:00<00:01, 25.82it/s][A

Layout Predict:  38%|‚Ėą‚Ėą‚Ėą‚Ėä      | 24/64 [00:00<00:01, 26.35it/s][A

Layout Predict:  50%|‚Ėą‚Ėą‚Ėą‚Ėą‚Ėą     | 32/64 [00:01<00:01, 26.75it/s][A

Layout Predict:  62%|‚Ėą‚Ėą‚Ėą‚Ėą‚Ėą‚Ėą‚Ėé   | 40/64 [00:01<00:00, 26.38it/s][A

Layout Predict:  75%|‚Ėą‚Ėą‚Ėą‚Ėą‚Ėą‚Ėą‚Ėą‚ĖĆ  | 48/64 [00:01<00:00, 26.58it/s][A

Layout Predict:  88%|‚Ėą‚Ėą‚Ėą‚Ėą‚Ėą‚Ėą‚Ėą‚Ėą‚Ėä | 56/64 [00:02<00:00, 26.48it/s][A

Layout Predict: 100%|‚Ėą‚Ėą‚Ėą‚Ėą‚Ėą‚Ėą‚Ėą‚Ėą‚Ėą‚Ėą| 64/64 [00:02<00:00, 26.23it/s][A
Layout Predict: 100%|‚Ėą‚Ėą‚Ėą‚Ėą‚Ėą‚Ėą‚Ėą‚Ėą‚Ėą‚Ėą| 64/64 [00:02<00:00, 26.34it/s]


Table orientation det:   0%|          | 0/3 [00:00<?, ?it/s][A

Table orientation det:  67%|‚Ėą‚Ėą‚Ėą‚Ėą‚Ėą‚Ėą‚Ėč   | 2/3 [00:00<00:00, 16.14it/s][A

Table orientation score: 100%|‚Ėą‚Ėą‚Ėą‚Ėą‚Ėą‚Ėą‚Ėą‚Ėą‚Ėą‚Ėą| 3/3 [00:00<00:00, 16.14it/s][A

Table orientation score: 100%|‚Ėą‚Ėą‚Ėą‚Ėą‚Ėą‚Ėą‚Ėą‚Ėą‚Ėą‚Ėą| 3/3 [00:00<00:00, 16.14it/s][A

Table orientation: 100%|‚Ėą‚Ėą‚Ėą‚Ėą‚Ėą‚Ėą‚Ėą‚Ėą‚Ėą‚Ėą| 3/3 [00:00<00:00, 16.14it/s]      [A

Table orientation: 100%|‚Ėą‚Ėą‚Ėą‚Ėą‚Ėą‚Ėą‚Ėą‚Ėą‚Ėą‚Ėą| 3/3 [00:00<00:00, 16.14it/s][A
Table orientation: 100%|‚Ėą‚Ėą‚Ėą‚Ėą‚Ėą‚Ėą‚Ėą‚Ėą‚Ėą‚Ėą| 3/3 [00:00<00:00, 19.20it/s]


Table-ocr det:   0%|          | 0/3 [00:00<?, ?it/s][A

Table-ocr det:  67%|‚Ėą‚Ėą‚Ėą‚Ėą‚Ėą‚Ėą‚Ėč   | 2/3 [00:00<00:00,  3.41it/s][A

Table-ocr det: 100%|‚Ėą‚Ėą‚Ėą‚Ėą‚Ėą‚Ėą‚Ėą‚Ėą‚Ėą‚Ėą| 3/3 [00:00<00:00,  3.95it/s][A
Table-ocr det: 100%|‚Ėą‚Ėą‚Ėą‚Ėą‚Ėą‚Ėą‚Ėą‚Ėą‚Ėą‚Ėą| 3/3 [00:00<00:00,  3.83it/s]


Table-ocr rec ch:   0%|          | 0/462 [00:00<?, ?it/s][A

Table-ocr rec ch:   3%|‚Ėé         | 12/462 [00:00<00:04, 111.66it/s][A

Table-ocr rec ch:   6%|‚Ėč         | 30/462 [00:00<00:04, 100.40it/s][A

Table-ocr rec ch:   9%|‚ĖČ         | 42/462 [00:00<00:03, 106.41it/s][A

Table-ocr rec ch:  12%|‚Ėą‚ĖŹ        | 54/462 [00:00<00:03, 110.69it/s][A

Table-ocr rec ch:  14%|‚Ėą‚Ėć        | 66/462 [00:00<00:03, 113.29it/s][A

Table-ocr rec ch:  17%|‚Ėą‚Ėč        | 78/462 [00:00<00:03, 115.17it/s][A

Table-ocr rec ch:  21%|‚Ėą‚Ėą        | 96/462 [00:00<00:02, 133.51it/s][A

Table-ocr rec ch:  25%|‚Ėą‚Ėą‚Ėć       | 114/462 [00:00<00:03, 115.73it/s][A

Table-ocr rec ch:  29%|‚Ėą‚Ėą‚Ėä       | 132/462 [00:01<00:02, 130.30it/s][A

Table-ocr rec ch:  32%|‚Ėą‚Ėą‚Ėą‚ĖŹ      | 150/462 [00:01<00:02, 138.88it/s][A

Table-ocr rec ch:  39%|‚Ėą‚Ėą‚Ėą‚ĖČ      | 180/462 [00:01<00:01, 177.95it/s][A

Table-ocr rec ch:  53%|‚Ėą‚Ėą‚Ėą‚Ėą‚Ėą‚Ėé    | 246/462 [00:01<00:00, 307.58it/s][A

Table-ocr rec ch:  68%|‚Ėą‚Ėą‚Ėą‚Ėą‚Ėą‚Ėą‚Ėä   | 312/462 [00:01<00:00, 404.36it/s][A

Table-ocr rec ch:  82%|‚Ėą‚Ėą‚Ėą‚Ėą‚Ėą‚Ėą‚Ėą‚Ėą‚ĖŹ | 378/462 [00:01<00:00, 473.17it/s][A

Table-ocr rec ch:  96%|‚Ėą‚Ėą‚Ėą‚Ėą‚Ėą‚Ėą‚Ėą‚Ėą‚Ėą‚ĖĆ| 444/462 [00:01<00:00, 523.98it/s][A
Table-ocr rec ch: 100%|‚Ėą‚Ėą‚Ėą‚Ėą‚Ėą‚Ėą‚Ėą‚Ėą‚Ėą‚Ėą| 462/462 [00:01<00:00, 262.09it/s]


Table-wireless Predict:   0%|          | 0/3 [00:00<?, ?it/s][A

Table-wireless Predict: 100%|‚Ėą‚Ėą‚Ėą‚Ėą‚Ėą‚Ėą‚Ėą‚Ėą‚Ėą‚Ėą| 3/3 [00:00<00:00,  3.59it/s][A
Table-wireless Predict: 100%|‚Ėą‚Ėą‚Ėą‚Ėą‚Ėą‚Ėą‚Ėą‚Ėą‚Ėą‚Ėą| 3/3 [00:00<00:00,  3.59it/s]


Table-wired Predict:   0%|          | 0/3 [00:00<?, ?it/s][A
Processing pages:  62%|‚Ėą‚Ėą‚Ėą‚Ėą‚Ėą‚Ėą‚ĖŹ   | 192/311 [00:27<00:07, 15.64it/s]

Table-wired Predict:  33%|‚Ėą‚Ėą‚Ėą‚Ėé      | 1/3 [00:04<00:08,  4.40s/it][A

Table-wired Predict:  67%|‚Ėą‚Ėą‚Ėą‚Ėą‚Ėą‚Ėą‚Ėč   | 2/3 [00:06<00:03,  3.29s/it][A

Table-wired Predict: 100%|‚Ėą‚Ėą‚Ėą‚Ėą‚Ėą‚Ėą‚Ėą‚Ėą‚Ėą‚Ėą| 3/3 [00:08<00:00,  2.38s/it][A
Table-wired Predict: 100%|‚Ėą‚Ėą‚Ėą‚Ėą‚Ėą‚Ėą‚Ėą‚Ėą‚Ėą‚Ėą| 3/3 [00:08<00:00,  2.74s/it]


OCR-det ch:   0%|          | 0/814 [00:00<?, ?it/s][A

OCR-det ch:   1%|          | 5/814 [00:02<07:50,  1.72it/s][A

OCR-det ch:  10%|‚ĖČ         | 80/814 [00:03<00:20, 35.88it/s][A

OCR-det ch:  18%|‚Ėą‚Ėä        | 148/814 [00:03<00:09, 71.23it/s][A

OCR-det ch:  26%|‚Ėą‚Ėą‚ĖĆ       | 212/814 [00:03<00:05, 113.02it/s][A

OCR-det ch:  37%|‚Ėą‚Ėą‚Ėą‚Ėč      | 299/814 [00:03<00:03, 149.55it/s][A

OCR-det ch:  45%|‚Ėą‚Ėą‚Ėą‚Ėą‚Ėć     | 363/814 [00:03<00:02, 182.51it/s][A

OCR-det ch:  49%|‚Ėą‚Ėą‚Ėą‚Ėą‚ĖČ     | 401/814 [00:04<00:02, 196.35it/s][A

OCR-det ch:  55%|‚Ėą‚Ėą‚Ėą‚Ėą‚Ėą‚Ėć    | 447/814 [00:04<00:02, 174.17it/s][A

OCR-det ch:  64%|‚Ėą‚Ėą‚Ėą‚Ėą‚Ėą‚Ėą‚Ėć   | 524/814 [00:04<00:01, 160.08it/s][A

OCR-det ch:  72%|‚Ėą‚Ėą‚Ėą‚Ėą‚Ėą‚Ėą‚Ėą‚ĖŹ  | 589/814 [00:05<00:01, 167.34it/s][A

OCR-det ch:  77%|‚Ėą‚Ėą‚Ėą‚Ėą‚Ėą‚Ėą‚Ėą‚Ėč  | 628/814 [00:05<00:01, 173.63it/s][A

OCR-det ch:  80%|‚Ėą‚Ėą‚Ėą‚Ėą‚Ėą‚Ėą‚Ėą‚ĖČ  | 649/814 [00:05<00:01, 141.52it/s][A

OCR-det ch:  82%|‚Ėą‚Ėą‚Ėą‚Ėą‚Ėą‚Ėą‚Ėą‚Ėą‚ĖŹ | 670/814 [00:06<00:01, 126.95it/s][A

OCR-det ch:  85%|‚Ėą‚Ėą‚Ėą‚Ėą‚Ėą‚Ėą‚Ėą‚Ėą‚Ėć | 691/814 [00:06<00:00, 130.73it/s][A

OCR-det ch:  87%|‚Ėą‚Ėą‚Ėą‚Ėą‚Ėą‚Ėą‚Ėą‚Ėą‚Ėč | 707/814 [00:06<00:00, 124.21it/s][A

OCR-det ch:  89%|‚Ėą‚Ėą‚Ėą‚Ėą‚Ėą‚Ėą‚Ėą‚Ėą‚Ėä | 721/814 [00:06<00:00, 111.82it/s][A

OCR-det ch:  90%|‚Ėą‚Ėą‚Ėą‚Ėą‚Ėą‚Ėą‚Ėą‚Ėą‚Ėą | 735/814 [00:06<00:00, 112.61it/s][A

OCR-det ch:  92%|‚Ėą‚Ėą‚Ėą‚Ėą‚Ėą‚Ėą‚Ėą‚Ėą‚Ėą‚ĖŹ| 751/814 [00:06<00:00, 104.01it/s][A

OCR-det ch:  94%|‚Ėą‚Ėą‚Ėą‚Ėą‚Ėą‚Ėą‚Ėą‚Ėą‚Ėą‚Ėé| 763/814 [00:06<00:00, 102.05it/s][A

OCR-det ch:  96%|‚Ėą‚Ėą‚Ėą‚Ėą‚Ėą‚Ėą‚Ėą‚Ėą‚Ėą‚ĖĆ| 781/814 [00:07<00:00, 114.50it/s][A

OCR-det ch:  98%|‚Ėą‚Ėą‚Ėą‚Ėą‚Ėą‚Ėą‚Ėą‚Ėą‚Ėą‚Ėä| 795/814 [00:07<00:00, 115.54it/s][A

OCR-det ch:  99%|‚Ėą‚Ėą‚Ėą‚Ėą‚Ėą‚Ėą‚Ėą‚Ėą‚Ėą‚ĖČ| 807/814 [00:07<00:00, 93.88it/s] [A
OCR-det ch: 100%|‚Ėą‚Ėą‚Ėą‚Ėą‚Ėą‚Ėą‚Ėą‚Ėą‚Ėą‚Ėą| 814/814 [00:07<00:00, 106.89it/s]


Seal Predict: 0it [00:00, ?it/s][A
Seal Predict: 0it [00:00, ?it/s]

Processing pages:  62%|‚Ėą‚Ėą‚Ėą‚Ėą‚Ėą‚Ėą‚ĖŹ   | 194/311 [00:12<00:07, 15.24it/s]
Processing pages:  63%|‚Ėą‚Ėą‚Ėą‚Ėą‚Ėą‚Ėą‚Ėé   | 197/311 [00:12<00:06, 17.80it/s]
Processing pages:  64%|‚Ėą‚Ėą‚Ėą‚Ėą‚Ėą‚Ėą‚Ėć   | 200/311 [00:13<00:05, 18.51it/s]
Processing pages:  65%|‚Ėą‚Ėą‚Ėą‚Ėą‚Ėą‚Ėą‚Ėć   | 202/311 [00:13<00:05, 18.52it/s]
Processing pages:  66%|‚Ėą‚Ėą‚Ėą‚Ėą‚Ėą‚Ėą‚ĖĆ   | 204/311 [00:13<00:05, 18.61it/s]
Processing pages:  66%|‚Ėą‚Ėą‚Ėą‚Ėą‚Ėą‚Ėą‚ĖĆ   | 206/311 [00:13<00:05, 18.94it/s]
Processing pages:  67%|‚Ėą‚Ėą‚Ėą‚Ėą‚Ėą‚Ėą‚Ėč   | 208/311 [00:13<00:05, 18.97it/s]
Processing pages:  68%|‚Ėą‚Ėą‚Ėą‚Ėą‚Ėą‚Ėą‚Ėä   | 210/311 [00:13<00:05, 19.03it/s]
Processing pages:  68%|‚Ėą‚Ėą‚Ėą‚Ėą‚Ėą‚Ėą‚Ėä   | 212/311 [00:13<00:05, 19.22it/s]
Processing pages:  69%|‚Ėą‚Ėą‚Ėą‚Ėą‚Ėą‚Ėą‚ĖČ   | 214/311 [00:13<00:05, 19.17it/s]
Processing pages:  69%|‚Ėą‚Ėą‚Ėą‚Ėą‚Ėą‚Ėą‚ĖČ   | 216/311 [00:13<00:05, 18.97it/s]
Processing pages:  70%|‚Ėą‚Ėą‚Ėą‚Ėą‚Ėą‚Ėą‚Ėą   | 218/311 [00:14<00:04, 18.87it/s]
Processing pages:  71%|‚Ėą‚Ėą‚Ėą‚Ėą‚Ėą‚Ėą‚Ėą   | 220/311 [00:14<00:04, 18.99it/s]
Processing pages:  71%|‚Ėą‚Ėą‚Ėą‚Ėą‚Ėą‚Ėą‚Ėą‚ĖŹ  | 222/311 [00:14<00:04, 19.07it/s]
Processing pages:  72%|‚Ėą‚Ėą‚Ėą‚Ėą‚Ėą‚Ėą‚Ėą‚ĖŹ  | 224/311 [00:14<00:04, 18.65it/s]
Processing pages:  73%|‚Ėą‚Ėą‚Ėą‚Ėą‚Ėą‚Ėą‚Ėą‚Ėé  | 226/311 [00:14<00:04, 18.38it/s]
Processing pages:  73%|‚Ėą‚Ėą‚Ėą‚Ėą‚Ėą‚Ėą‚Ėą‚Ėé  | 228/311 [00:14<00:04, 18.59it/s]
Processing pages:  74%|‚Ėą‚Ėą‚Ėą‚Ėą‚Ėą‚Ėą‚Ėą‚Ėć  | 230/311 [00:14<00:04, 18.52it/s]
Processing pages:  75%|‚Ėą‚Ėą‚Ėą‚Ėą‚Ėą‚Ėą‚Ėą‚Ėć  | 232/311 [00:14<00:04, 18.13it/s]
Processing pages:  75%|‚Ėą‚Ėą‚Ėą‚Ėą‚Ėą‚Ėą‚Ėą‚ĖĆ  | 234/311 [00:14<00:04, 17.48it/s]
Processing pages:  76%|‚Ėą‚Ėą‚Ėą‚Ėą‚Ėą‚Ėą‚Ėą‚ĖĆ  | 236/311 [00:15<00:04, 17.55it/s]
Processing pages:  77%|‚Ėą‚Ėą‚Ėą‚Ėą‚Ėą‚Ėą‚Ėą‚Ėč  | 238/311 [00:15<00:04, 17.70it/s]
Processing pages:  77%|‚Ėą‚Ėą‚Ėą‚Ėą‚Ėą‚Ėą‚Ėą‚Ėč  | 240/311 [00:15<00:03, 18.01it/s]
Processing pages:  78%|‚Ėą‚Ėą‚Ėą‚Ėą‚Ėą‚Ėą‚Ėą‚Ėä  | 242/311 [00:15<00:03, 18.22it/s]
Processing pages:  78%|‚Ėą‚Ėą‚Ėą‚Ėą‚Ėą‚Ėą‚Ėą‚Ėä  | 244/311 [00:15<00:03, 18.43it/s]
Processing pages:  79%|‚Ėą‚Ėą‚Ėą‚Ėą‚Ėą‚Ėą‚Ėą‚ĖČ  | 247/311 [00:15<00:03, 19.06it/s]
Processing pages:  80%|‚Ėą‚Ėą‚Ėą‚Ėą‚Ėą‚Ėą‚Ėą‚Ėą  | 249/311 [00:15<00:03, 19.24it/s]
Processing pages:  81%|‚Ėą‚Ėą‚Ėą‚Ėą‚Ėą‚Ėą‚Ėą‚Ėą  | 251/311 [00:15<00:03, 19.28it/s]
Processing pages:  82%|‚Ėą‚Ėą‚Ėą‚Ėą‚Ėą‚Ėą‚Ėą‚Ėą‚ĖŹ | 254/311 [00:15<00:02, 19.99it/s]2026-06-20 17:04:44.745 | INFO     | mineru.backend.pipeline.pipeline_analyze:doc_analyze_streaming:264 - Pipeline processing window batch 5/5: 311/311 pages, batch_pages=55, doc_slices=doc0:257-311
2026-06-20 17:04:44.746 | INFO     | mineru.backend.pipeline.pipeline_analyze:batch_image_analyze:364 - GPU Memory: 24 GB, Batch Ratio: 8. 


Layout Predict:   0%|          | 0/55 [00:00<?, ?it/s][A

Layout Predict:  15%|‚Ėą‚Ėć        | 8/55 [00:00<00:01, 23.66it/s][A

Layout Predict:  29%|‚Ėą‚Ėą‚ĖČ       | 16/55 [00:00<00:01, 25.76it/s][A

Layout Predict:  44%|‚Ėą‚Ėą‚Ėą‚Ėą‚Ėé     | 24/55 [00:00<00:01, 24.80it/s][A

Layout Predict:  58%|‚Ėą‚Ėą‚Ėą‚Ėą‚Ėą‚Ėä    | 32/55 [00:01<00:00, 24.00it/s][A

Layout Predict:  73%|‚Ėą‚Ėą‚Ėą‚Ėą‚Ėą‚Ėą‚Ėą‚Ėé  | 40/55 [00:01<00:00, 24.37it/s][A

Layout Predict:  87%|‚Ėą‚Ėą‚Ėą‚Ėą‚Ėą‚Ėą‚Ėą‚Ėą‚Ėč | 48/55 [00:01<00:00, 24.86it/s][A

Layout Predict: 100%|‚Ėą‚Ėą‚Ėą‚Ėą‚Ėą‚Ėą‚Ėą‚Ėą‚Ėą‚Ėą| 55/55 [00:02<00:00, 25.14it/s][A
Layout Predict: 100%|‚Ėą‚Ėą‚Ėą‚Ėą‚Ėą‚Ėą‚Ėą‚Ėą‚Ėą‚Ėą| 55/55 [00:02<00:00, 24.82it/s]


Table orientation det:   0%|          | 0/6 [00:00<?, ?it/s][A

Table orientation det:  33%|‚Ėą‚Ėą‚Ėą‚Ėé      | 2/6 [00:00<00:00, 13.23it/s][A

Table orientation det:  83%|‚Ėą‚Ėą‚Ėą‚Ėą‚Ėą‚Ėą‚Ėą‚Ėą‚Ėé | 5/6 [00:00<00:00, 19.76it/s][A

Table orientation det:  86%|‚Ėą‚Ėą‚Ėą‚Ėą‚Ėą‚Ėą‚Ėą‚Ėą‚ĖĆ | 6/7 [00:00<00:00, 19.76it/s][A

Table orientation score:  86%|‚Ėą‚Ėą‚Ėą‚Ėą‚Ėą‚Ėą‚Ėą‚Ėą‚ĖĆ | 6/7 [00:00<00:00, 19.76it/s][A

Table orientation score:  86%|‚Ėą‚Ėą‚Ėą‚Ėą‚Ėą‚Ėą‚Ėą‚Ėą‚ĖĆ | 6/7 [00:00<00:00, 19.76it/s][A

Table orientation score:  11%|‚Ėą‚ĖŹ        | 7/61 [00:00<00:02, 19.76it/s][A

Table orientation rec:  11%|‚Ėą‚ĖŹ        | 7/61 [00:00<00:02, 19.76it/s]  [A

Table orientation rec:  11%|‚Ėą‚ĖŹ        | 7/61 [00:00<00:02, 19.76it/s][A

Table orientation rec:  21%|‚Ėą‚Ėą‚ĖŹ       | 13/61 [00:00<00:01, 38.01it/s][A

Table orientation: 100%|‚Ėą‚Ėą‚Ėą‚Ėą‚Ėą‚Ėą‚Ėą‚Ėą‚Ėą‚Ėą| 61/61 [00:00<00:00, 38.01it/s]    [A

Table orientation: 100%|‚Ėą‚Ėą‚Ėą‚Ėą‚Ėą‚Ėą‚Ėą‚Ėą‚Ėą‚Ėą| 61/61 [00:00<00:00, 38.01it/s][A
Table orientation: 100%|‚Ėą‚Ėą‚Ėą‚Ėą‚Ėą‚Ėą‚Ėą‚Ėą‚Ėą‚Ėą| 61/61 [00:00<00:00, 122.50it/s]


Table-ocr det:   0%|          | 0/6 [00:00<?, ?it/s][A

Table-ocr det:  17%|‚Ėą‚Ėč        | 1/6 [00:00<00:01,  3.29it/s][A

Table-ocr det:  33%|‚Ėą‚Ėą‚Ėą‚Ėé      | 2/6 [00:00<00:00,  4.37it/s][A

Table-ocr det:  50%|‚Ėą‚Ėą‚Ėą‚Ėą‚Ėą     | 3/6 [00:00<00:00,  5.75it/s][A

Table-ocr det:  67%|‚Ėą‚Ėą‚Ėą‚Ėą‚Ėą‚Ėą‚Ėč   | 4/6 [00:00<00:00,  5.41it/s][A

Table-ocr det:  83%|‚Ėą‚Ėą‚Ėą‚Ėą‚Ėą‚Ėą‚Ėą‚Ėą‚Ėé | 5/6 [00:00<00:00,  6.43it/s][A

Table-ocr det: 100%|‚Ėą‚Ėą‚Ėą‚Ėą‚Ėą‚Ėą‚Ėą‚Ėą‚Ėą‚Ėą| 6/6 [00:01<00:00,  5.98it/s][A
Table-ocr det: 100%|‚Ėą‚Ėą‚Ėą‚Ėą‚Ėą‚Ėą‚Ėą‚Ėą‚Ėą‚Ėą| 6/6 [00:01<00:00,  5.53it/s]


Table-ocr rec ch:   0%|          | 0/170 [00:00<?, ?it/s][A

Table-ocr rec ch:   7%|‚Ėč         | 12/170 [00:00<00:01, 106.67it/s][A

Table-ocr rec ch:  14%|‚Ėą‚Ėć        | 24/170 [00:00<00:01, 76.98it/s] [A

Table-ocr rec ch:  21%|‚Ėą‚Ėą        | 36/170 [00:00<00:01, 88.84it/s][A

Table-ocr rec ch:  28%|‚Ėą‚Ėą‚Ėä       | 48/170 [00:00<00:01, 75.97it/s][A

Table-ocr rec ch:  35%|‚Ėą‚Ėą‚Ėą‚ĖĆ      | 60/170 [00:00<00:01, 85.20it/s][A

Table-ocr rec ch:  42%|‚Ėą‚Ėą‚Ėą‚Ėą‚ĖŹ     | 72/170 [00:00<00:01, 92.93it/s][A

Table-ocr rec ch:  53%|‚Ėą‚Ėą‚Ėą‚Ėą‚Ėą‚Ėé    | 90/170 [00:00<00:00, 116.12it/s][A

Table-ocr rec ch:  81%|‚Ėą‚Ėą‚Ėą‚Ėą‚Ėą‚Ėą‚Ėą‚Ėą  | 138/170 [00:01<00:00, 216.72it/s][A

Table-ocr rec ch:  99%|‚Ėą‚Ėą‚Ėą‚Ėą‚Ėą‚Ėą‚Ėą‚Ėą‚Ėą‚ĖČ| 168/170 [00:01<00:00, 209.78it/s][A
Table-ocr rec ch: 100%|‚Ėą‚Ėą‚Ėą‚Ėą‚Ėą‚Ėą‚Ėą‚Ėą‚Ėą‚Ėą| 170/170 [00:01<00:00, 138.76it/s]


Table-wireless Predict:   0%|          | 0/6 [00:00<?, ?it/s][A

Table-wireless Predict:  67%|‚Ėą‚Ėą‚Ėą‚Ėą‚Ėą‚Ėą‚Ėč   | 4/6 [00:00<00:00,  5.90it/s][A
Processing pages:  82%|‚Ėą‚Ėą‚Ėą‚Ėą‚Ėą‚Ėą‚Ėą‚Ėą‚ĖŹ | 256/311 [00:29<00:02, 19.99it/s]

Table-wireless Predict: 100%|‚Ėą‚Ėą‚Ėą‚Ėą‚Ėą‚Ėą‚Ėą‚Ėą‚Ėą‚Ėą| 6/6 [00:01<00:00,  4.96it/s][A
Table-wireless Predict: 100%|‚Ėą‚Ėą‚Ėą‚Ėą‚Ėą‚Ėą‚Ėą‚Ėą‚Ėą‚Ėą| 6/6 [00:01<00:00,  5.12it/s]


