===== mineru_pipeline =====
start: 2026-06-20T17:07:08
script:

set -euo pipefail
source /root/autodl-tmp/mineru-work/activate_mineru.sh
export MINERU_MODEL_SOURCE=local
cd /root/autodl-tmp/mineru-work
echo "[sixway] mode=pipeline"
echo "[sixway] pdf=/root/autodl-tmp/airag/public_dataset_a/public_dataset_upload/raw/financial_contracts/text01.pdf"
echo "[sixway] mineru_out=/autodl-fs/data/mineru_popo_sixway_text01/20260620_170708/mineru_raw/pipeline"
echo "[sixway] command: mineru -p /root/autodl-tmp/airag/public_dataset_a/public_dataset_upload/raw/financial_contracts/text01.pdf -o /autodl-fs/data/mineru_popo_sixway_text01/20260620_170708/mineru_raw/pipeline -b pipeline -m auto"
mineru -p /root/autodl-tmp/airag/public_dataset_a/public_dataset_upload/raw/financial_contracts/text01.pdf -o /autodl-fs/data/mineru_popo_sixway_text01/20260620_170708/mineru_raw/pipeline -b pipeline -m auto


===== output =====
[sixway] mode=pipeline
[sixway] pdf=/root/autodl-tmp/airag/public_dataset_a/public_dataset_upload/raw/financial_contracts/text01.pdf
[sixway] mineru_out=/autodl-fs/data/mineru_popo_sixway_text01/20260620_170708/mineru_raw/pipeline
[sixway] command: mineru -p /root/autodl-tmp/airag/public_dataset_a/public_dataset_upload/raw/financial_contracts/text01.pdf -o /autodl-fs/data/mineru_popo_sixway_text01/20260620_170708/mineru_raw/pipeline -b pipeline -m auto

libgomp: Invalid value for environment variable OMP_NUM_THREADS
2026-06-20 17:07:13.504 | INFO     | mineru.cli.client:run_orchestrated_cli:953 - Started local mineru-api at http://127.0.0.1:40487

libgomp: Invalid value for environment variable OMP_NUM_THREADS
2026-06-20 17:07:20.191 | INFO     | __main__:create_app:236 - Request concurrency limited to 3
INFO:     Started server process [4133]
INFO:     Waiting for application startup.
INFO:     Application startup complete.
INFO:     Uvicorn running on http://127.0.0.1:40487 (Press CTRL+C to quit)
2026-06-20 17:07:20.612 | INFO     | mineru.cli.client:run_planned_task:832 - Submitting batch 1/1 | 1 document, 311 pages in this batch | 311 pages total | task#1 [text01]
2026-06-20 17:07:25.345 | INFO     | mineru.backend.pipeline.pipeline_analyze:doc_analyze_streaming:209 - Pipeline processing-window multi-file run. doc_count=1, total_pages=311, window_size=64, total_batches=5
Start MinerU FastAPI Service: http://127.0.0.1:40487
API documentation: http://127.0.0.1:40487/docs

libgomp: Invalid value for environment variable OMP_NUM_THREADS

libgomp: Invalid value for environment variable OMP_NUM_THREADS
2026-06-20 17:07:37.189 | INFO     | mineru.backend.pipeline.pipeline_analyze:doc_analyze_streaming:264 - Pipeline processing window batch 1/5: 64/311 pages, batch_pages=64, doc_slices=doc0:1-64
2026-06-20 17:07:37.309 | INFO     | mineru.backend.pipeline.pipeline_analyze:batch_image_analyze:364 - GPU Memory: 24 GB, Batch Ratio: 8. 
2026-06-20 17:07:37.310 | INFO     | mineru.backend.pipeline.model_init:__init__:239 - DocAnalysis init, this may take some times......
2026-06-20 17:07:43.003 | INFO     | mineru.backend.pipeline.model_init:__init__:291 - DocAnalysis init done!
2026-06-20 17:07:43.003 | INFO     | mineru.backend.pipeline.pipeline_analyze:custom_model_init:83 - model init cost: 5.69349479675293

Layout Predict:   0%|          | 0/64 [00:00<?, ?it/s]
Layout Predict:  12%|‚Ėą‚Ėé        | 8/64 [00:01<00:07,  7.34it/s]
Layout Predict:  25%|‚Ėą‚Ėą‚ĖĆ       | 16/64 [00:01<00:03, 12.16it/s]
Layout Predict:  38%|‚Ėą‚Ėą‚Ėą‚Ėä      | 24/64 [00:01<00:02, 16.13it/s]
Layout Predict:  50%|‚Ėą‚Ėą‚Ėą‚Ėą‚Ėą     | 32/64 [00:02<00:01, 19.14it/s]
Layout Predict:  62%|‚Ėą‚Ėą‚Ėą‚Ėą‚Ėą‚Ėą‚Ėé   | 40/64 [00:02<00:01, 21.29it/s]
Layout Predict:  75%|‚Ėą‚Ėą‚Ėą‚Ėą‚Ėą‚Ėą‚Ėą‚ĖĆ  | 48/64 [00:02<00:00, 21.13it/s]
Layout Predict:  88%|‚Ėą‚Ėą‚Ėą‚Ėą‚Ėą‚Ėą‚Ėą‚Ėą‚Ėä | 56/64 [00:03<00:00, 22.39it/s]
Layout Predict: 100%|‚Ėą‚Ėą‚Ėą‚Ėą‚Ėą‚Ėą‚Ėą‚Ėą‚Ėą‚Ėą| 64/64 [00:03<00:00, 22.16it/s]
Layout Predict: 100%|‚Ėą‚Ėą‚Ėą‚Ėą‚Ėą‚Ėą‚Ėą‚Ėą‚Ėą‚Ėą| 64/64 [00:03<00:00, 18.74it/s]

Table orientation det:   0%|          | 0/24 [00:00<?, ?it/s]
Table orientation det:  29%|‚Ėą‚Ėą‚ĖČ       | 7/24 [00:00<00:01, 10.06it/s]
Table orientation det:  46%|‚Ėą‚Ėą‚Ėą‚Ėą‚ĖĆ     | 11/24 [00:00<00:01, 11.74it/s]
Table orientation det:  54%|‚Ėą‚Ėą‚Ėą‚Ėą‚Ėą‚Ėć    | 13/24 [00:01<00:00, 12.50it/s]
Table orientation det:  67%|‚Ėą‚Ėą‚Ėą‚Ėą‚Ėą‚Ėą‚Ėč   | 16/24 [00:01<00:00, 14.39it/s]
Table orientation det:  79%|‚Ėą‚Ėą‚Ėą‚Ėą‚Ėą‚Ėą‚Ėą‚ĖČ  | 19/24 [00:01<00:00, 16.40it/s]
Table orientation det:  88%|‚Ėą‚Ėą‚Ėą‚Ėą‚Ėą‚Ėą‚Ėą‚Ėą‚Ėä | 21/24 [00:01<00:00, 16.08it/s]
Table orientation det:  96%|‚Ėą‚Ėą‚Ėą‚Ėą‚Ėą‚Ėą‚Ėą‚Ėą‚Ėą‚ĖĆ| 23/24 [00:01<00:00, 16.43it/s]
Table orientation score: 100%|‚Ėą‚Ėą‚Ėą‚Ėą‚Ėą‚Ėą‚Ėą‚Ėą‚Ėą‚Ėą| 24/24 [00:01<00:00, 16.43it/s]
Table orientation score: 100%|‚Ėą‚Ėą‚Ėą‚Ėą‚Ėą‚Ėą‚Ėą‚Ėą‚Ėą‚Ėą| 24/24 [00:01<00:00, 16.43it/s]
Table orientation: 100%|‚Ėą‚Ėą‚Ėą‚Ėą‚Ėą‚Ėą‚Ėą‚Ėą‚Ėą‚Ėą| 24/24 [00:01<00:00, 16.43it/s]      
Table orientation: 100%|‚Ėą‚Ėą‚Ėą‚Ėą‚Ėą‚Ėą‚Ėą‚Ėą‚Ėą‚Ėą| 24/24 [00:01<00:00, 16.43it/s]
Table orientation: 100%|‚Ėą‚Ėą‚Ėą‚Ėą‚Ėą‚Ėą‚Ėą‚Ėą‚Ėą‚Ėą| 24/24 [00:01<00:00, 14.23it/s]

Table-ocr det:   0%|          | 0/24 [00:00<?, ?it/s]
Table-ocr det:  29%|‚Ėą‚Ėą‚ĖČ       | 7/24 [00:01<00:03,  5.01it/s]
Table-ocr det:  33%|‚Ėą‚Ėą‚Ėą‚Ėé      | 8/24 [00:01<00:03,  5.01it/s]
Table-ocr det:  46%|‚Ėą‚Ėą‚Ėą‚Ėą‚ĖĆ     | 11/24 [00:01<00:02,  5.89it/s]
Table-ocr det:  54%|‚Ėą‚Ėą‚Ėą‚Ėą‚Ėą‚Ėć    | 13/24 [00:02<00:01,  7.20it/s]
Table-ocr det:  67%|‚Ėą‚Ėą‚Ėą‚Ėą‚Ėą‚Ėą‚Ėč   | 16/24 [00:02<00:00,  9.73it/s]
Table-ocr det:  88%|‚Ėą‚Ėą‚Ėą‚Ėą‚Ėą‚Ėą‚Ėą‚Ėą‚Ėä | 21/24 [00:02<00:00, 15.60it/s]
Table-ocr det: 100%|‚Ėą‚Ėą‚Ėą‚Ėą‚Ėą‚Ėą‚Ėą‚Ėą‚Ėą‚Ėą| 24/24 [00:02<00:00,  9.95it/s]

Table-ocr rec ch:   0%|          | 0/875 [00:00<?, ?it/s]
Table-ocr rec ch:   4%|‚Ėć         | 36/875 [00:00<00:02, 351.26it/s]
Table-ocr rec ch:  12%|‚Ėą‚ĖŹ        | 108/875 [00:00<00:01, 556.48it/s]
Table-ocr rec ch:  21%|‚Ėą‚Ėą        | 180/875 [00:00<00:01, 619.67it/s]
Table-ocr rec ch:  29%|‚Ėą‚Ėą‚ĖČ       | 252/875 [00:00<00:00, 647.05it/s]
Table-ocr rec ch:  37%|‚Ėą‚Ėą‚Ėą‚Ėč      | 324/875 [00:00<00:00, 660.26it/s]
Table-ocr rec ch:  45%|‚Ėą‚Ėą‚Ėą‚Ėą‚ĖĆ     | 396/875 [00:00<00:00, 666.07it/s]
Table-ocr rec ch:  53%|‚Ėą‚Ėą‚Ėą‚Ėą‚Ėą‚Ėé    | 468/875 [00:00<00:00, 664.25it/s]
Table-ocr rec ch:  62%|‚Ėą‚Ėą‚Ėą‚Ėą‚Ėą‚Ėą‚ĖŹ   | 540/875 [00:00<00:00, 554.90it/s]
Table-ocr rec ch:  69%|‚Ėą‚Ėą‚Ėą‚Ėą‚Ėą‚Ėą‚Ėä   | 600/875 [00:01<00:00, 311.81it/s]
Table-ocr rec ch:  74%|‚Ėą‚Ėą‚Ėą‚Ėą‚Ėą‚Ėą‚Ėą‚Ėć  | 648/875 [00:01<00:00, 239.91it/s]
Table-ocr rec ch:  78%|‚Ėą‚Ėą‚Ėą‚Ėą‚Ėą‚Ėą‚Ėą‚Ėä  | 684/875 [00:01<00:00, 221.92it/s]
Table-ocr rec ch:  82%|‚Ėą‚Ėą‚Ėą‚Ėą‚Ėą‚Ėą‚Ėą‚Ėą‚ĖŹ | 714/875 [00:02<00:00, 195.07it/s]
Table-ocr rec ch:  85%|‚Ėą‚Ėą‚Ėą‚Ėą‚Ėą‚Ėą‚Ėą‚Ėą‚ĖĆ | 744/875 [00:02<00:00, 180.49it/s]
Table-ocr rec ch:  88%|‚Ėą‚Ėą‚Ėą‚Ėą‚Ėą‚Ėą‚Ėą‚Ėą‚Ėä | 768/875 [00:02<00:00, 183.84it/s]
Table-ocr rec ch:  91%|‚Ėą‚Ėą‚Ėą‚Ėą‚Ėą‚Ėą‚Ėą‚Ėą‚Ėą | 792/875 [00:02<00:00, 176.41it/s]
Table-ocr rec ch:  93%|‚Ėą‚Ėą‚Ėą‚Ėą‚Ėą‚Ėą‚Ėą‚Ėą‚Ėą‚Ėé| 816/875 [00:02<00:00, 160.35it/s]
Table-ocr rec ch:  97%|‚Ėą‚Ėą‚Ėą‚Ėą‚Ėą‚Ėą‚Ėą‚Ėą‚Ėą‚Ėč| 846/875 [00:02<00:00, 171.63it/s]
Table-ocr rec ch:  99%|‚Ėą‚Ėą‚Ėą‚Ėą‚Ėą‚Ėą‚Ėą‚Ėą‚Ėą‚ĖČ| 870/875 [00:03<00:00, 155.07it/s]
Table-ocr rec ch: 100%|‚Ėą‚Ėą‚Ėą‚Ėą‚Ėą‚Ėą‚Ėą‚Ėą‚Ėą‚Ėą| 875/875 [00:03<00:00, 274.60it/s]

Table-wireless Predict:   0%|          | 0/24 [00:00<?, ?it/s]
Table-wireless Predict:  17%|‚Ėą‚Ėč        | 4/24 [00:00<00:04,  4.33it/s]
Table-wireless Predict:  33%|‚Ėą‚Ėą‚Ėą‚Ėé      | 8/24 [00:01<00:03,  5.03it/s]
Table-wireless Predict:  50%|‚Ėą‚Ėą‚Ėą‚Ėą‚Ėą     | 12/24 [00:02<00:01,  6.06it/s]
Table-wireless Predict:  67%|‚Ėą‚Ėą‚Ėą‚Ėą‚Ėą‚Ėą‚Ėč   | 16/24 [00:02<00:01,  6.24it/s]
Table-wireless Predict:  83%|‚Ėą‚Ėą‚Ėą‚Ėą‚Ėą‚Ėą‚Ėą‚Ėą‚Ėé | 20/24 [00:03<00:00,  6.06it/s]
Table-wireless Predict: 100%|‚Ėą‚Ėą‚Ėą‚Ėą‚Ėą‚Ėą‚Ėą‚Ėą‚Ėą‚Ėą| 24/24 [00:04<00:00,  5.66it/s]
Table-wireless Predict: 100%|‚Ėą‚Ėą‚Ėą‚Ėą‚Ėą‚Ėą‚Ėą‚Ėą‚Ėą‚Ėą| 24/24 [00:04<00:00,  5.67it/s]

Table-wired Predict:   0%|          | 0/23 [00:00<?, ?it/s]
Table-wired Predict:   4%|‚Ėć         | 1/23 [00:01<00:24,  1.09s/it]
Table-wired Predict:   9%|‚Ėä         | 2/23 [00:05<01:00,  2.86s/it]
Table-wired Predict:  13%|‚Ėą‚Ėé        | 3/23 [00:07<00:50,  2.52s/it]
Table-wired Predict:  17%|‚Ėą‚Ėč        | 4/23 [00:07<00:31,  1.68s/it]
Table-wired Predict:  22%|‚Ėą‚Ėą‚ĖŹ       | 5/23 [00:08<00:22,  1.26s/it]
Table-wired Predict:  26%|‚Ėą‚Ėą‚ĖĆ       | 6/23 [00:10<00:28,  1.68s/it]
Table-wired Predict:  30%|‚Ėą‚Ėą‚Ėą       | 7/23 [00:11<00:20,  1.26s/it]
Table-wired Predict:  35%|‚Ėą‚Ėą‚Ėą‚Ėć      | 8/23 [00:13<00:22,  1.53s/it]
Table-wired Predict:  39%|‚Ėą‚Ėą‚Ėą‚ĖČ      | 9/23 [00:13<00:15,  1.14s/it]
Table-wired Predict:  43%|‚Ėą‚Ėą‚Ėą‚Ėą‚Ėé     | 10/23 [00:13<00:11,  1.10it/s]
Table-wired Predict:  48%|‚Ėą‚Ėą‚Ėą‚Ėą‚Ėä     | 11/23 [00:14<00:08,  1.37it/s]
Table-wired Predict:  52%|‚Ėą‚Ėą‚Ėą‚Ėą‚Ėą‚ĖŹ    | 12/23 [00:14<00:07,  1.52it/s]
Table-wired Predict:  57%|‚Ėą‚Ėą‚Ėą‚Ėą‚Ėą‚Ėč    | 13/23 [00:15<00:07,  1.37it/s]
Table-wired Predict:  61%|‚Ėą‚Ėą‚Ėą‚Ėą‚Ėą‚Ėą    | 14/23 [00:16<00:07,  1.19it/s]
Table-wired Predict:  65%|‚Ėą‚Ėą‚Ėą‚Ėą‚Ėą‚Ėą‚ĖĆ   | 15/23 [00:17<00:05,  1.35it/s]
Table-wired Predict:  70%|‚Ėą‚Ėą‚Ėą‚Ėą‚Ėą‚Ėą‚ĖČ   | 16/23 [00:19<00:08,  1.15s/it]
Table-wired Predict:  74%|‚Ėą‚Ėą‚Ėą‚Ėą‚Ėą‚Ėą‚Ėą‚Ėć  | 17/23 [00:19<00:05,  1.09it/s]
Table-wired Predict:  78%|‚Ėą‚Ėą‚Ėą‚Ėą‚Ėą‚Ėą‚Ėą‚Ėä  | 18/23 [00:21<00:05,  1.07s/it]
Table-wired Predict:  83%|‚Ėą‚Ėą‚Ėą‚Ėą‚Ėą‚Ėą‚Ėą‚Ėą‚Ėé | 19/23 [00:23<00:05,  1.44s/it]
Table-wired Predict:  87%|‚Ėą‚Ėą‚Ėą‚Ėą‚Ėą‚Ėą‚Ėą‚Ėą‚Ėč | 20/23 [00:25<00:05,  1.76s/it]
Table-wired Predict:  91%|‚Ėą‚Ėą‚Ėą‚Ėą‚Ėą‚Ėą‚Ėą‚Ėą‚Ėą‚ĖŹ| 21/23 [00:26<00:03,  1.53s/it]
Table-wired Predict:  96%|‚Ėą‚Ėą‚Ėą‚Ėą‚Ėą‚Ėą‚Ėą‚Ėą‚Ėą‚ĖĆ| 22/23 [00:27<00:01,  1.22s/it]
Table-wired Predict: 100%|‚Ėą‚Ėą‚Ėą‚Ėą‚Ėą‚Ėą‚Ėą‚Ėą‚Ėą‚Ėą| 23/23 [00:28<00:00,  1.30s/it]
Table-wired Predict: 100%|‚Ėą‚Ėą‚Ėą‚Ėą‚Ėą‚Ėą‚Ėą‚Ėą‚Ėą‚Ėą| 23/23 [00:28<00:00,  1.26s/it]

OCR-det ch:   0%|          | 0/526 [00:00<?, ?it/s]
OCR-det ch:   1%|          | 4/526 [00:02<04:25,  1.97it/s]
OCR-det ch:  13%|‚Ėą‚Ėé        | 69/526 [00:02<00:11, 41.00it/s]
OCR-det ch:  18%|‚Ėą‚Ėä        | 93/526 [00:02<00:08, 48.23it/s]
OCR-det ch:  20%|‚Ėą‚Ėą        | 107/526 [00:02<00:09, 46.36it/s]
OCR-det ch:  23%|‚Ėą‚Ėą‚Ėé       | 120/526 [00:03<00:07, 51.70it/s]
OCR-det ch:  32%|‚Ėą‚Ėą‚Ėą‚ĖŹ      | 168/526 [00:03<00:03, 93.36it/s]
OCR-det ch:  36%|‚Ėą‚Ėą‚Ėą‚ĖĆ      | 188/526 [00:03<00:03, 96.80it/s]
OCR-det ch:  40%|‚Ėą‚Ėą‚Ėą‚ĖČ      | 210/526 [00:03<00:02, 105.65it/s]
OCR-det ch:  48%|‚Ėą‚Ėą‚Ėą‚Ėą‚Ėä     | 250/526 [00:03<00:02, 136.99it/s]
OCR-det ch:  61%|‚Ėą‚Ėą‚Ėą‚Ėą‚Ėą‚Ėą    | 319/526 [00:03<00:00, 210.28it/s]
OCR-det ch:  72%|‚Ėą‚Ėą‚Ėą‚Ėą‚Ėą‚Ėą‚Ėą‚ĖŹ  | 378/526 [00:04<00:00, 188.07it/s]
OCR-det ch:  76%|‚Ėą‚Ėą‚Ėą‚Ėą‚Ėą‚Ėą‚Ėą‚Ėč  | 402/526 [00:04<00:00, 128.46it/s]
OCR-det ch:  80%|‚Ėą‚Ėą‚Ėą‚Ėą‚Ėą‚Ėą‚Ėą‚Ėą  | 422/526 [00:05<00:00, 107.35it/s]
OCR-det ch:  83%|‚Ėą‚Ėą‚Ėą‚Ėą‚Ėą‚Ėą‚Ėą‚Ėą‚Ėé | 438/526 [00:05<00:00, 104.91it/s]
OCR-det ch:  87%|‚Ėą‚Ėą‚Ėą‚Ėą‚Ėą‚Ėą‚Ėą‚Ėą‚Ėč | 460/526 [00:05<00:00, 92.86it/s] 
OCR-det ch:  90%|‚Ėą‚Ėą‚Ėą‚Ėą‚Ėą‚Ėą‚Ėą‚Ėą‚Ėą | 475/526 [00:05<00:00, 89.59it/s]
OCR-det ch:  94%|‚Ėą‚Ėą‚Ėą‚Ėą‚Ėą‚Ėą‚Ėą‚Ėą‚Ėą‚Ėć| 494/526 [00:06<00:00, 75.84it/s]
OCR-det ch:  96%|‚Ėą‚Ėą‚Ėą‚Ėą‚Ėą‚Ėą‚Ėą‚Ėą‚Ėą‚ĖĆ| 504/526 [00:06<00:00, 68.51it/s]
OCR-det ch:  98%|‚Ėą‚Ėą‚Ėą‚Ėą‚Ėą‚Ėą‚Ėą‚Ėą‚Ėą‚Ėä| 516/526 [00:06<00:00, 68.01it/s]
OCR-det ch: 100%|‚Ėą‚Ėą‚Ėą‚Ėą‚Ėą‚Ėą‚Ėą‚Ėą‚Ėą‚ĖČ| 524/526 [00:06<00:00, 57.17it/s]
OCR-det ch: 100%|‚Ėą‚Ėą‚Ėą‚Ėą‚Ėą‚Ėą‚Ėą‚Ėą‚Ėą‚Ėą| 526/526 [00:06<00:00, 76.46it/s]

Seal Predict:   0%|          | 0/1 [00:00<?, ?it/s]
Seal Predict: 100%|‚Ėą‚Ėą‚Ėą‚Ėą‚Ėą‚Ėą‚Ėą‚Ėą‚Ėą‚Ėą| 1/1 [00:01<00:00,  1.04s/it]
Seal Predict: 100%|‚Ėą‚Ėą‚Ėą‚Ėą‚Ėą‚Ėą‚Ėą‚Ėą‚Ėą‚Ėą| 1/1 [00:01<00:00,  1.04s/it]

Processing pages:   0%|          | 0/311 [00:00<?, ?it/s]
Processing pages:   1%|          | 2/311 [00:00<00:18, 16.75it/s]
Processing pages:   1%|‚ĖŹ         | 4/311 [00:00<00:16, 18.24it/s]
Processing pages:   2%|‚ĖŹ         | 6/311 [00:00<00:17, 17.46it/s]
Processing pages:   3%|‚Ėé         | 8/311 [00:00<00:19, 15.39it/s]
Processing pages:   3%|‚Ėé         | 10/311 [00:00<00:21, 13.78it/s]
Processing pages:   4%|‚Ėć         | 12/311 [00:00<00:19, 15.38it/s]
Processing pages:   5%|‚Ėć         | 14/311 [00:00<00:18, 16.42it/s]
Processing pages:   5%|‚ĖĆ         | 16/311 [00:00<00:17, 16.49it/s]
Processing pages:   6%|‚ĖĆ         | 18/311 [00:01<00:17, 16.83it/s]
Processing pages:   6%|‚Ėč         | 20/311 [00:01<00:17, 16.94it/s]
Processing pages:   7%|‚Ėč         | 22/311 [00:01<00:16, 17.09it/s]
Processing pages:   8%|‚Ėä         | 24/311 [00:01<00:16, 17.28it/s]
Processing pages:   9%|‚Ėä         | 27/311 [00:01<00:15, 18.17it/s]
Processing pages:   9%|‚ĖČ         | 29/311 [00:01<00:15, 17.92it/s]
Processing pages:  10%|‚Ėą         | 32/311 [00:01<00:15, 18.44it/s]
Processing pages:  11%|‚Ėą         | 34/311 [00:01<00:15, 17.83it/s]
Processing pages:  12%|‚Ėą‚ĖŹ        | 36/311 [00:02<00:15, 17.81it/s]
Processing pages:  12%|‚Ėą‚ĖŹ        | 38/311 [00:02<00:15, 17.23it/s]
Processing pages:  13%|‚Ėą‚Ėé        | 40/311 [00:02<00:15, 16.99it/s]
Processing pages:  14%|‚Ėą‚Ėé        | 42/311 [00:02<00:15, 17.13it/s]
Processing pages:  14%|‚Ėą‚Ėć        | 44/311 [00:02<00:15, 17.06it/s]
Processing pages:  15%|‚Ėą‚Ėć        | 46/311 [00:02<00:16, 16.51it/s]
Processing pages:  15%|‚Ėą‚ĖĆ        | 48/311 [00:02<00:17, 15.41it/s]
Processing pages:  16%|‚Ėą‚ĖĆ        | 50/311 [00:03<00:27,  9.49it/s]
Processing pages:  17%|‚Ėą‚Ėč        | 52/311 [00:03<00:23, 11.22it/s]
Processing pages:  17%|‚Ėą‚Ėč        | 54/311 [00:03<00:20, 12.78it/s]
Processing pages:  18%|‚Ėą‚Ėä        | 56/311 [00:03<00:18, 13.90it/s]
Processing pages:  19%|‚Ėą‚Ėä        | 58/311 [00:03<00:17, 14.76it/s]
Processing pages:  19%|‚Ėą‚ĖČ        | 60/311 [00:03<00:16, 15.31it/s]
Processing pages:  20%|‚Ėą‚ĖČ        | 62/311 [00:03<00:15, 15.71it/s]
Processing pages:  21%|‚Ėą‚Ėą        | 64/311 [00:04<00:15, 15.91it/s]2026-06-20 17:08:48.569 | INFO     | mineru.backend.pipeline.pipeline_analyze:doc_analyze_streaming:264 - Pipeline processing window batch 2/5: 128/311 pages, batch_pages=64, doc_slices=doc0:65-128
2026-06-20 17:08:48.570 | INFO     | mineru.backend.pipeline.pipeline_analyze:batch_image_analyze:364 - GPU Memory: 24 GB, Batch Ratio: 8. 


Layout Predict:   0%|          | 0/64 [00:00<?, ?it/s][A

Layout Predict:  12%|‚Ėą‚Ėé        | 8/64 [00:00<00:02, 20.71it/s][A

Layout Predict:  25%|‚Ėą‚Ėą‚ĖĆ       | 16/64 [00:00<00:02, 22.87it/s][A

Layout Predict:  38%|‚Ėą‚Ėą‚Ėą‚Ėä      | 24/64 [00:01<00:01, 24.83it/s][A

Layout Predict:  50%|‚Ėą‚Ėą‚Ėą‚Ėą‚Ėą     | 32/64 [00:01<00:01, 25.08it/s][A

Layout Predict:  62%|‚Ėą‚Ėą‚Ėą‚Ėą‚Ėą‚Ėą‚Ėé   | 40/64 [00:01<00:00, 25.54it/s][A

Layout Predict:  75%|‚Ėą‚Ėą‚Ėą‚Ėą‚Ėą‚Ėą‚Ėą‚ĖĆ  | 48/64 [00:01<00:00, 25.72it/s][A

Layout Predict:  88%|‚Ėą‚Ėą‚Ėą‚Ėą‚Ėą‚Ėą‚Ėą‚Ėą‚Ėä | 56/64 [00:02<00:00, 25.77it/s][A

Layout Predict: 100%|‚Ėą‚Ėą‚Ėą‚Ėą‚Ėą‚Ėą‚Ėą‚Ėą‚Ėą‚Ėą| 64/64 [00:02<00:00, 24.74it/s][A
Layout Predict: 100%|‚Ėą‚Ėą‚Ėą‚Ėą‚Ėą‚Ėą‚Ėą‚Ėą‚Ėą‚Ėą| 64/64 [00:02<00:00, 24.76it/s]


Table orientation det:   0%|          | 0/83 [00:00<?, ?it/s][A

Table orientation det:   4%|‚Ėé         | 3/83 [00:01<00:26,  3.00it/s][A

Table orientation det:   8%|‚Ėä         | 7/83 [00:01<00:10,  7.44it/s][A

Table orientation det:  25%|‚Ėą‚Ėą‚ĖĆ       | 21/83 [00:01<00:02, 26.07it/s][A

Table orientation det:  34%|‚Ėą‚Ėą‚Ėą‚Ėé      | 28/83 [00:01<00:02, 25.14it/s][A

Table orientation det:  43%|‚Ėą‚Ėą‚Ėą‚Ėą‚Ėé     | 36/83 [00:01<00:01, 25.89it/s][A

Table orientation det:  63%|‚Ėą‚Ėą‚Ėą‚Ėą‚Ėą‚Ėą‚Ėé   | 52/83 [00:02<00:00, 32.35it/s][A

Table orientation det:  73%|‚Ėą‚Ėą‚Ėą‚Ėą‚Ėą‚Ėą‚Ėą‚Ėé  | 61/83 [00:02<00:00, 33.45it/s][A

Table orientation det:  81%|‚Ėą‚Ėą‚Ėą‚Ėą‚Ėą‚Ėą‚Ėą‚Ėą  | 67/83 [00:02<00:00, 33.68it/s][A

Table orientation det:  89%|‚Ėą‚Ėą‚Ėą‚Ėą‚Ėą‚Ėą‚Ėą‚Ėą‚ĖČ | 74/83 [00:02<00:00, 32.37it/s][A

Table orientation det:  94%|‚Ėą‚Ėą‚Ėą‚Ėą‚Ėą‚Ėą‚Ėą‚Ėą‚Ėą‚Ėć| 78/83 [00:03<00:00, 27.46it/s][A

Table orientation det:  98%|‚Ėą‚Ėą‚Ėą‚Ėą‚Ėą‚Ėą‚Ėą‚Ėą‚Ėą‚Ėä| 81/83 [00:03<00:00, 24.27it/s][A

Table orientation det:  99%|‚Ėą‚Ėą‚Ėą‚Ėą‚Ėą‚Ėą‚Ėą‚Ėą‚Ėą‚ĖČ| 83/84 [00:03<00:00, 24.27it/s][A

Table orientation score:  99%|‚Ėą‚Ėą‚Ėą‚Ėą‚Ėą‚Ėą‚Ėą‚Ėą‚Ėą‚ĖČ| 83/84 [00:03<00:00, 24.27it/s][A

Table orientation score:  99%|‚Ėą‚Ėą‚Ėą‚Ėą‚Ėą‚Ėą‚Ėą‚Ėą‚Ėą‚ĖČ| 83/84 [00:03<00:00, 24.27it/s][A

Table orientation score: 100%|‚Ėą‚Ėą‚Ėą‚Ėą‚Ėą‚Ėą‚Ėą‚Ėą‚Ėą‚Ėą| 84/84 [00:03<00:00, 21.26it/s][A

Table orientation score:  61%|‚Ėą‚Ėą‚Ėą‚Ėą‚Ėą‚Ėą    | 84/138 [00:03<00:02, 21.26it/s][A

Table orientation rec:  61%|‚Ėą‚Ėą‚Ėą‚Ėą‚Ėą‚Ėą    | 84/138 [00:03<00:02, 21.26it/s]  [A

Table orientation rec:  61%|‚Ėą‚Ėą‚Ėą‚Ėą‚Ėą‚Ėą    | 84/138 [00:03<00:02, 21.26it/s][A

Table orientation: 100%|‚Ėą‚Ėą‚Ėą‚Ėą‚Ėą‚Ėą‚Ėą‚Ėą‚Ėą‚Ėą| 138/138 [00:03<00:00, 21.26it/s]   [A

Table orientation: 100%|‚Ėą‚Ėą‚Ėą‚Ėą‚Ėą‚Ėą‚Ėą‚Ėą‚Ėą‚Ėą| 138/138 [00:03<00:00, 21.26it/s][A
Table orientation: 100%|‚Ėą‚Ėą‚Ėą‚Ėą‚Ėą‚Ėą‚Ėą‚Ėą‚Ėą‚Ėą| 138/138 [00:03<00:00, 38.08it/s]

Processing pages:  21%|‚Ėą‚Ėą        | 64/311 [00:15<00:15, 15.91it/s]

Table-ocr det:   0%|          | 0/83 [00:00<?, ?it/s][A

Table-ocr det:   4%|‚Ėé         | 3/83 [00:02<01:05,  1.22it/s][A

Table-ocr det:  22%|‚Ėą‚Ėą‚ĖŹ       | 18/83 [00:02<00:06,  9.35it/s][A

Table-ocr det:  34%|‚Ėą‚Ėą‚Ėą‚Ėé      | 28/83 [00:02<00:03, 14.51it/s][A

Table-ocr det:  43%|‚Ėą‚Ėą‚Ėą‚Ėą‚Ėé     | 36/83 [00:02<00:02, 18.73it/s][A

Table-ocr det:  63%|‚Ėą‚Ėą‚Ėą‚Ėą‚Ėą‚Ėą‚Ėé   | 52/83 [00:03<00:01, 29.86it/s][A

Table-ocr det:  73%|‚Ėą‚Ėą‚Ėą‚Ėą‚Ėą‚Ėą‚Ėą‚Ėé  | 61/83 [00:03<00:00, 33.41it/s][A

Table-ocr det:  84%|‚Ėą‚Ėą‚Ėą‚Ėą‚Ėą‚Ėą‚Ėą‚Ėą‚Ėć | 70/83 [00:03<00:00, 37.56it/s][A

Table-ocr det:  93%|‚Ėą‚Ėą‚Ėą‚Ėą‚Ėą‚Ėą‚Ėą‚Ėą‚Ėą‚Ėé| 77/83 [00:03<00:00, 37.66it/s][A

Table-ocr det: 100%|‚Ėą‚Ėą‚Ėą‚Ėą‚Ėą‚Ėą‚Ėą‚Ėą‚Ėą‚Ėą| 83/83 [00:03<00:00, 36.64it/s][A
Table-ocr det: 100%|‚Ėą‚Ėą‚Ėą‚Ėą‚Ėą‚Ėą‚Ėą‚Ėą‚Ėą‚Ėą| 83/83 [00:03<00:00, 21.18it/s]


Table-ocr rec ch:   0%|          | 0/3761 [00:00<?, ?it/s][A

Table-ocr rec ch:   2%|‚ĖŹ         | 66/3761 [00:00<00:05, 633.57it/s][A

Table-ocr rec ch:   4%|‚Ėé         | 138/3761 [00:00<00:05, 651.72it/s][A

Table-ocr rec ch:   5%|‚ĖĆ         | 204/3761 [00:00<00:05, 641.42it/s][A

Table-ocr rec ch:   7%|‚Ėč         | 270/3761 [00:00<00:05, 644.63it/s][A

Table-ocr rec ch:   9%|‚ĖČ         | 342/3761 [00:00<00:05, 653.51it/s][A

Table-ocr rec ch:  11%|‚Ėą         | 414/3761 [00:00<00:05, 658.50it/s][A

Table-ocr rec ch:  13%|‚Ėą‚Ėé        | 480/3761 [00:00<00:04, 656.48it/s][A

Table-ocr rec ch:  15%|‚Ėą‚Ėć        | 552/3761 [00:00<00:04, 663.13it/s][A

Table-ocr rec ch:  17%|‚Ėą‚Ėč        | 624/3761 [00:00<00:05, 584.58it/s][A

Table-ocr rec ch:  18%|‚Ėą‚Ėä        | 690/3761 [00:01<00:05, 603.12it/s][A

Table-ocr rec ch:  20%|‚Ėą‚Ėą        | 762/3761 [00:01<00:04, 623.70it/s][A

Table-ocr rec ch:  22%|‚Ėą‚Ėą‚ĖŹ       | 834/3761 [00:01<00:04, 638.74it/s][A

Table-ocr rec ch:  24%|‚Ėą‚Ėą‚Ėć       | 906/3761 [00:01<00:04, 650.07it/s][A

Table-ocr rec ch:  26%|‚Ėą‚Ėą‚ĖĆ       | 978/3761 [00:01<00:04, 654.83it/s][A

Table-ocr rec ch:  28%|‚Ėą‚Ėą‚Ėä       | 1044/3761 [00:01<00:04, 653.21it/s][A

Table-ocr rec ch:  30%|‚Ėą‚Ėą‚ĖČ       | 1110/3761 [00:01<00:04, 654.98it/s][A

Table-ocr rec ch:  31%|‚Ėą‚Ėą‚Ėą‚ĖŹ      | 1182/3761 [00:01<00:03, 659.13it/s][A

Table-ocr rec ch:  33%|‚Ėą‚Ėą‚Ėą‚Ėé      | 1254/3761 [00:01<00:03, 657.36it/s][A

Table-ocr rec ch:  35%|‚Ėą‚Ėą‚Ėą‚ĖĆ      | 1326/3761 [00:02<00:03, 662.59it/s][A

Table-ocr rec ch:  37%|‚Ėą‚Ėą‚Ėą‚Ėč      | 1398/3761 [00:02<00:03, 663.02it/s][A

Table-ocr rec ch:  39%|‚Ėą‚Ėą‚Ėą‚ĖČ      | 1470/3761 [00:02<00:03, 666.76it/s][A

Table-ocr rec ch:  41%|‚Ėą‚Ėą‚Ėą‚Ėą      | 1542/3761 [00:02<00:03, 669.13it/s][A

Table-ocr rec ch:  43%|‚Ėą‚Ėą‚Ėą‚Ėą‚Ėé     | 1614/3761 [00:02<00:03, 669.41it/s][A

Table-ocr rec ch:  45%|‚Ėą‚Ėą‚Ėą‚Ėą‚Ėć     | 1686/3761 [00:02<00:03, 662.35it/s][A

Table-ocr rec ch:  47%|‚Ėą‚Ėą‚Ėą‚Ėą‚Ėč     | 1758/3761 [00:02<00:03, 664.79it/s][A

Table-ocr rec ch:  49%|‚Ėą‚Ėą‚Ėą‚Ėą‚Ėä     | 1830/3761 [00:02<00:02, 667.63it/s][A

Table-ocr rec ch:  51%|‚Ėą‚Ėą‚Ėą‚Ėą‚Ėą     | 1902/3761 [00:02<00:02, 669.86it/s][A

Table-ocr rec ch:  52%|‚Ėą‚Ėą‚Ėą‚Ėą‚Ėą‚ĖŹ    | 1974/3761 [00:03<00:02, 671.83it/s][A

Table-ocr rec ch:  54%|‚Ėą‚Ėą‚Ėą‚Ėą‚Ėą‚Ėć    | 2046/3761 [00:03<00:02, 669.22it/s][A

Table-ocr rec ch:  56%|‚Ėą‚Ėą‚Ėą‚Ėą‚Ėą‚Ėč    | 2118/3761 [00:03<00:02, 666.96it/s][A

Table-ocr rec ch:  58%|‚Ėą‚Ėą‚Ėą‚Ėą‚Ėą‚Ėä    | 2190/3761 [00:03<00:02, 664.87it/s][A

Table-ocr rec ch:  60%|‚Ėą‚Ėą‚Ėą‚Ėą‚Ėą‚Ėą    | 2262/3761 [00:03<00:02, 662.30it/s][A

Table-ocr rec ch:  62%|‚Ėą‚Ėą‚Ėą‚Ėą‚Ėą‚Ėą‚ĖŹ   | 2334/3761 [00:03<00:02, 653.76it/s][A

Table-ocr rec ch:  64%|‚Ėą‚Ėą‚Ėą‚Ėą‚Ėą‚Ėą‚Ėć   | 2400/3761 [00:03<00:02, 653.66it/s][A

Table-ocr rec ch:  66%|‚Ėą‚Ėą‚Ėą‚Ėą‚Ėą‚Ėą‚ĖĆ   | 2472/3761 [00:03<00:01, 656.46it/s][A

Table-ocr rec ch:  67%|‚Ėą‚Ėą‚Ėą‚Ėą‚Ėą‚Ėą‚Ėč   | 2538/3761 [00:03<00:01, 647.18it/s][A

Table-ocr rec ch:  69%|‚Ėą‚Ėą‚Ėą‚Ėą‚Ėą‚Ėą‚ĖČ   | 2604/3761 [00:03<00:01, 646.45it/s][A

Table-ocr rec ch:  71%|‚Ėą‚Ėą‚Ėą‚Ėą‚Ėą‚Ėą‚Ėą   | 2670/3761 [00:04<00:01, 648.60it/s][A

Table-ocr rec ch:  73%|‚Ėą‚Ėą‚Ėą‚Ėą‚Ėą‚Ėą‚Ėą‚Ėé  | 2736/3761 [00:04<00:01, 649.50it/s][A

Table-ocr rec ch:  75%|‚Ėą‚Ėą‚Ėą‚Ėą‚Ėą‚Ėą‚Ėą‚Ėć  | 2802/3761 [00:04<00:01, 648.33it/s][A

Table-ocr rec ch:  76%|‚Ėą‚Ėą‚Ėą‚Ėą‚Ėą‚Ėą‚Ėą‚Ėč  | 2868/3761 [00:04<00:01, 646.11it/s][A

Table-ocr rec ch:  78%|‚Ėą‚Ėą‚Ėą‚Ėą‚Ėą‚Ėą‚Ėą‚Ėä  | 2934/3761 [00:04<00:01, 646.26it/s][A

Table-ocr rec ch:  80%|‚Ėą‚Ėą‚Ėą‚Ėą‚Ėą‚Ėą‚Ėą‚ĖČ  | 3000/3761 [00:04<00:01, 641.82it/s][A

Table-ocr rec ch:  82%|‚Ėą‚Ėą‚Ėą‚Ėą‚Ėą‚Ėą‚Ėą‚Ėą‚ĖŹ | 3066/3761 [00:04<00:01, 640.19it/s][A

Table-ocr rec ch:  83%|‚Ėą‚Ėą‚Ėą‚Ėą‚Ėą‚Ėą‚Ėą‚Ėą‚Ėé | 3132/3761 [00:04<00:00, 638.54it/s][A

Table-ocr rec ch:  85%|‚Ėą‚Ėą‚Ėą‚Ėą‚Ėą‚Ėą‚Ėą‚Ėą‚ĖĆ | 3198/3761 [00:04<00:00, 633.58it/s][A

Table-ocr rec ch:  87%|‚Ėą‚Ėą‚Ėą‚Ėą‚Ėą‚Ėą‚Ėą‚Ėą‚Ėč | 3264/3761 [00:05<00:00, 497.99it/s][A

Table-ocr rec ch:  88%|‚Ėą‚Ėą‚Ėą‚Ėą‚Ėą‚Ėą‚Ėą‚Ėą‚Ėä | 3324/3761 [00:05<00:01, 374.91it/s][A

Table-ocr rec ch:  90%|‚Ėą‚Ėą‚Ėą‚Ėą‚Ėą‚Ėą‚Ėą‚Ėą‚ĖČ | 3372/3761 [00:05<00:01, 315.14it/s][A

Table-ocr rec ch:  91%|‚Ėą‚Ėą‚Ėą‚Ėą‚Ėą‚Ėą‚Ėą‚Ėą‚Ėą | 3414/3761 [00:05<00:01, 275.00it/s][A

Table-ocr rec ch:  92%|‚Ėą‚Ėą‚Ėą‚Ėą‚Ėą‚Ėą‚Ėą‚Ėą‚Ėą‚ĖŹ| 3450/3761 [00:05<00:01, 260.06it/s][A

Table-ocr rec ch:  93%|‚Ėą‚Ėą‚Ėą‚Ėą‚Ėą‚Ėą‚Ėą‚Ėą‚Ėą‚Ėé| 3480/3761 [00:06<00:01, 250.23it/s][A

Table-ocr rec ch:  93%|‚Ėą‚Ėą‚Ėą‚Ėą‚Ėą‚Ėą‚Ėą‚Ėą‚Ėą‚Ėé| 3510/3761 [00:06<00:01, 234.07it/s][A

Table-ocr rec ch:  94%|‚Ėą‚Ėą‚Ėą‚Ėą‚Ėą‚Ėą‚Ėą‚Ėą‚Ėą‚Ėć| 3540/3761 [00:06<00:01, 207.96it/s][A

Table-ocr rec ch:  95%|‚Ėą‚Ėą‚Ėą‚Ėą‚Ėą‚Ėą‚Ėą‚Ėą‚Ėą‚Ėć| 3564/3761 [00:06<00:01, 196.38it/s][A

Table-ocr rec ch:  95%|‚Ėą‚Ėą‚Ėą‚Ėą‚Ėą‚Ėą‚Ėą‚Ėą‚Ėą‚ĖĆ| 3588/3761 [00:06<00:00, 178.45it/s][A

Table-ocr rec ch:  96%|‚Ėą‚Ėą‚Ėą‚Ėą‚Ėą‚Ėą‚Ėą‚Ėą‚Ėą‚ĖĆ| 3612/3761 [00:06<00:00, 173.83it/s][A

Table-ocr rec ch:  97%|‚Ėą‚Ėą‚Ėą‚Ėą‚Ėą‚Ėą‚Ėą‚Ėą‚Ėą‚Ėč| 3630/3761 [00:07<00:00, 172.52it/s][A

Table-ocr rec ch:  97%|‚Ėą‚Ėą‚Ėą‚Ėą‚Ėą‚Ėą‚Ėą‚Ėą‚Ėą‚Ėč| 3648/3761 [00:07<00:00, 171.55it/s][A

Table-ocr rec ch:  97%|‚Ėą‚Ėą‚Ėą‚Ėą‚Ėą‚Ėą‚Ėą‚Ėą‚Ėą‚Ėč| 3666/3761 [00:07<00:00, 160.39it/s][A

Table-ocr rec ch:  98%|‚Ėą‚Ėą‚Ėą‚Ėą‚Ėą‚Ėą‚Ėą‚Ėą‚Ėą‚Ėä| 3684/3761 [00:07<00:00, 152.21it/s][A

Table-ocr rec ch:  98%|‚Ėą‚Ėą‚Ėą‚Ėą‚Ėą‚Ėą‚Ėą‚Ėą‚Ėą‚Ėä| 3702/3761 [00:07<00:00, 145.85it/s][A

Table-ocr rec ch:  99%|‚Ėą‚Ėą‚Ėą‚Ėą‚Ėą‚Ėą‚Ėą‚Ėą‚Ėą‚ĖČ| 3720/3761 [00:07<00:00, 139.51it/s][A

Table-ocr rec ch:  99%|‚Ėą‚Ėą‚Ėą‚Ėą‚Ėą‚Ėą‚Ėą‚Ėą‚Ėą‚ĖČ| 3738/3761 [00:07<00:00, 144.76it/s][A

Table-ocr rec ch: 100%|‚Ėą‚Ėą‚Ėą‚Ėą‚Ėą‚Ėą‚Ėą‚Ėą‚Ėą‚ĖČ| 3756/3761 [00:07<00:00, 136.00it/s][A
Table-ocr rec ch: 100%|‚Ėą‚Ėą‚Ėą‚Ėą‚Ėą‚Ėą‚Ėą‚Ėą‚Ėą‚Ėą| 3761/3761 [00:08<00:00, 469.03it/s]


Table-wireless Predict:   0%|          | 0/83 [00:00<?, ?it/s][A

Table-wireless Predict:   5%|‚Ėć         | 4/83 [00:00<00:13,  5.81it/s][A

Table-wireless Predict:  10%|‚ĖČ         | 8/83 [00:01<00:19,  3.82it/s][A

Table-wireless Predict:  14%|‚Ėą‚Ėć        | 12/83 [00:03<00:19,  3.58it/s][A

Table-wireless Predict:  19%|‚Ėą‚ĖČ        | 16/83 [00:03<00:15,  4.20it/s][A

Table-wireless Predict:  24%|‚Ėą‚Ėą‚Ėć       | 20/83 [00:04<00:14,  4.28it/s][A

Table-wireless Predict:  29%|‚Ėą‚Ėą‚ĖČ       | 24/83 [00:05<00:13,  4.34it/s][A

Table-wireless Predict:  34%|‚Ėą‚Ėą‚Ėą‚Ėé      | 28/83 [00:06<00:12,  4.25it/s][A

Table-wireless Predict:  39%|‚Ėą‚Ėą‚Ėą‚Ėä      | 32/83 [00:07<00:11,  4.29it/s][A

Table-wireless Predict:  43%|‚Ėą‚Ėą‚Ėą‚Ėą‚Ėé     | 36/83 [00:08<00:09,  4.82it/s][A

Table-wireless Predict:  48%|‚Ėą‚Ėą‚Ėą‚Ėą‚Ėä     | 40/83 [00:08<00:08,  5.09it/s][A

Table-wireless Predict:  53%|‚Ėą‚Ėą‚Ėą‚Ėą‚Ėą‚Ėé    | 44/83 [00:09<00:07,  5.48it/s][A

Table-wireless Predict:  58%|‚Ėą‚Ėą‚Ėą‚Ėą‚Ėą‚Ėä    | 48/83 [00:10<00:06,  5.54it/s][A

Table-wireless Predict:  63%|‚Ėą‚Ėą‚Ėą‚Ėą‚Ėą‚Ėą‚Ėé   | 52/83 [00:10<00:05,  5.34it/s][A

Table-wireless Predict:  67%|‚Ėą‚Ėą‚Ėą‚Ėą‚Ėą‚Ėą‚Ėč   | 56/83 [00:12<00:05,  4.53it/s][A

Table-wireless Predict:  72%|‚Ėą‚Ėą‚Ėą‚Ėą‚Ėą‚Ėą‚Ėą‚ĖŹ  | 60/83 [00:12<00:04,  4.99it/s][A

Table-wireless Predict:  77%|‚Ėą‚Ėą‚Ėą‚Ėą‚Ėą‚Ėą‚Ėą‚Ėč  | 64/83 [00:13<00:03,  5.21it/s][A

Table-wireless Predict:  82%|‚Ėą‚Ėą‚Ėą‚Ėą‚Ėą‚Ėą‚Ėą‚Ėą‚ĖŹ | 68/83 [00:14<00:02,  5.55it/s][A

Table-wireless Predict:  87%|‚Ėą‚Ėą‚Ėą‚Ėą‚Ėą‚Ėą‚Ėą‚Ėą‚Ėč | 72/83 [00:14<00:01,  5.65it/s][A

Table-wireless Predict:  92%|‚Ėą‚Ėą‚Ėą‚Ėą‚Ėą‚Ėą‚Ėą‚Ėą‚Ėą‚ĖŹ| 76/83 [00:15<00:01,  5.65it/s][A

Table-wireless Predict:  96%|‚Ėą‚Ėą‚Ėą‚Ėą‚Ėą‚Ėą‚Ėą‚Ėą‚Ėą‚Ėč| 80/83 [00:16<00:00,  5.68it/s][A

Table-wireless Predict: 100%|‚Ėą‚Ėą‚Ėą‚Ėą‚Ėą‚Ėą‚Ėą‚Ėą‚Ėą‚Ėą| 83/83 [00:17<00:00,  4.84it/s][A
Table-wireless Predict: 100%|‚Ėą‚Ėą‚Ėą‚Ėą‚Ėą‚Ėą‚Ėą‚Ėą‚Ėą‚Ėą| 83/83 [00:17<00:00,  4.86it/s]


Table-wired Predict:   0%|          | 0/82 [00:00<?, ?it/s][A

Table-wired Predict:   1%|          | 1/82 [00:04<06:28,  4.79s/it][A

Table-wired Predict:   2%|‚ĖŹ         | 2/82 [00:05<03:24,  2.56s/it][A

Table-wired Predict:   4%|‚Ėé         | 3/82 [00:06<02:04,  1.57s/it][A

Table-wired Predict:   5%|‚Ėć         | 4/82 [00:06<01:35,  1.23s/it][A

Table-wired Predict:   6%|‚ĖĆ         | 5/82 [00:07<01:31,  1.18s/it][A

Table-wired Predict:   7%|‚Ėč         | 6/82 [00:08<01:25,  1.12s/it][A

Table-wired Predict:   9%|‚Ėä         | 7/82 [00:11<01:58,  1.58s/it][A

Table-wired Predict:  10%|‚ĖČ         | 8/82 [00:13<01:59,  1.61s/it][A

Table-wired Predict:  11%|‚Ėą         | 9/82 [00:14<01:54,  1.58s/it][A

Table-wired Predict:  12%|‚Ėą‚ĖŹ        | 10/82 [00:16<02:07,  1.77s/it][A

Table-wired Predict:  13%|‚Ėą‚Ėé        | 11/82 [00:17<01:42,  1.45s/it][A

Table-wired Predict:  15%|‚Ėą‚Ėć        | 12/82 [00:18<01:18,  1.13s/it][A

Table-wired Predict:  16%|‚Ėą‚ĖĆ        | 13/82 [00:18<01:08,  1.01it/s][A

Table-wired Predict:  17%|‚Ėą‚Ėč        | 14/82 [00:19<00:59,  1.14it/s][A

Table-wired Predict:  18%|‚Ėą‚Ėä        | 15/82 [00:19<00:54,  1.22it/s][A

Table-wired Predict:  20%|‚Ėą‚ĖČ        | 16/82 [00:20<00:49,  1.32it/s][A

Table-wired Predict:  21%|‚Ėą‚Ėą        | 17/82 [00:21<00:59,  1.09it/s][A

Table-wired Predict:  22%|‚Ėą‚Ėą‚ĖŹ       | 18/82 [00:22<00:52,  1.21it/s][A

Table-wired Predict:  23%|‚Ėą‚Ėą‚Ėé       | 19/82 [00:23<00:51,  1.23it/s][A

Table-wired Predict:  24%|‚Ėą‚Ėą‚Ėć       | 20/82 [00:24<00:48,  1.28it/s][A

Table-wired Predict:  26%|‚Ėą‚Ėą‚ĖĆ       | 21/82 [00:24<00:38,  1.57it/s][A

Table-wired Predict:  27%|‚Ėą‚Ėą‚Ėč       | 22/82 [00:25<00:50,  1.20it/s][A

Table-wired Predict:  28%|‚Ėą‚Ėą‚Ėä       | 23/82 [00:27<01:04,  1.10s/it][A

Table-wired Predict:  29%|‚Ėą‚Ėą‚ĖČ       | 24/82 [00:27<00:51,  1.13it/s][A

Table-wired Predict:  30%|‚Ėą‚Ėą‚Ėą       | 25/82 [00:28<00:45,  1.24it/s][A

Table-wired Predict:  32%|‚Ėą‚Ėą‚Ėą‚ĖŹ      | 26/82 [00:29<00:53,  1.05it/s][A

Table-wired Predict:  33%|‚Ėą‚Ėą‚Ėą‚Ėé      | 27/82 [00:30<00:46,  1.19it/s][A

Table-wired Predict:  34%|‚Ėą‚Ėą‚Ėą‚Ėć      | 28/82 [00:31<01:01,  1.13s/it][A

Table-wired Predict:  35%|‚Ėą‚Ėą‚Ėą‚ĖĆ      | 29/82 [00:33<01:01,  1.15s/it][A

Table-wired Predict:  37%|‚Ėą‚Ėą‚Ėą‚Ėč      | 30/82 [00:34<00:55,  1.08s/it][A

Table-wired Predict:  38%|‚Ėą‚Ėą‚Ėą‚Ėä      | 31/82 [00:34<00:46,  1.11it/s][A

Table-wired Predict:  39%|‚Ėą‚Ėą‚Ėą‚ĖČ      | 32/82 [00:34<00:36,  1.38it/s][A

Table-wired Predict:  40%|‚Ėą‚Ėą‚Ėą‚Ėą      | 33/82 [00:35<00:35,  1.39it/s][A

Table-wired Predict:  41%|‚Ėą‚Ėą‚Ėą‚Ėą‚ĖŹ     | 34/82 [00:35<00:29,  1.61it/s][A

Table-wired Predict:  43%|‚Ėą‚Ėą‚Ėą‚Ėą‚Ėé     | 35/82 [00:36<00:30,  1.55it/s][A

Table-wired Predict:  44%|‚Ėą‚Ėą‚Ėą‚Ėą‚Ėć     | 36/82 [00:37<00:26,  1.74it/s][A

Table-wired Predict:  45%|‚Ėą‚Ėą‚Ėą‚Ėą‚ĖĆ     | 37/82 [00:37<00:23,  1.92it/s][A

Table-wired Predict:  46%|‚Ėą‚Ėą‚Ėą‚Ėą‚Ėč     | 38/82 [00:38<00:25,  1.74it/s][A

Table-wired Predict:  48%|‚Ėą‚Ėą‚Ėą‚Ėą‚Ėä     | 39/82 [00:38<00:21,  2.02it/s][A

Table-wired Predict:  49%|‚Ėą‚Ėą‚Ėą‚Ėą‚ĖČ     | 40/82 [00:39<00:24,  1.71it/s][A

Table-wired Predict:  50%|‚Ėą‚Ėą‚Ėą‚Ėą‚Ėą     | 41/82 [00:40<00:27,  1.48it/s][A

Table-wired Predict:  51%|‚Ėą‚Ėą‚Ėą‚Ėą‚Ėą     | 42/82 [00:40<00:23,  1.69it/s][A

Table-wired Predict:  52%|‚Ėą‚Ėą‚Ėą‚Ėą‚Ėą‚ĖŹ    | 43/82 [00:41<00:23,  1.66it/s][A

Table-wired Predict:  54%|‚Ėą‚Ėą‚Ėą‚Ėą‚Ėą‚Ėé    | 44/82 [00:41<00:19,  1.96it/s][A

Table-wired Predict:  55%|‚Ėą‚Ėą‚Ėą‚Ėą‚Ėą‚Ėć    | 45/82 [00:42<00:20,  1.77it/s][A

Table-wired Predict:  56%|‚Ėą‚Ėą‚Ėą‚Ėą‚Ėą‚ĖĆ    | 46/82 [00:43<00:27,  1.32it/s][A

Table-wired Predict:  57%|‚Ėą‚Ėą‚Ėą‚Ėą‚Ėą‚Ėč    | 47/82 [00:43<00:22,  1.55it/s][A

Table-wired Predict:  59%|‚Ėą‚Ėą‚Ėą‚Ėą‚Ėą‚Ėä    | 48/82 [00:44<00:21,  1.58it/s][A

Table-wired Predict:  60%|‚Ėą‚Ėą‚Ėą‚Ėą‚Ėą‚ĖČ    | 49/82 [00:44<00:18,  1.78it/s][A

Table-wired Predict:  61%|‚Ėą‚Ėą‚Ėą‚Ėą‚Ėą‚Ėą    | 50/82 [00:45<00:18,  1.74it/s][A

Table-wired Predict:  62%|‚Ėą‚Ėą‚Ėą‚Ėą‚Ėą‚Ėą‚ĖŹ   | 51/82 [00:47<00:31,  1.00s/it][A

Table-wired Predict:  63%|‚Ėą‚Ėą‚Ėą‚Ėą‚Ėą‚Ėą‚Ėé   | 52/82 [00:49<00:41,  1.40s/it][A

Table-wired Predict:  65%|‚Ėą‚Ėą‚Ėą‚Ėą‚Ėą‚Ėą‚Ėć   | 53/82 [00:51<00:43,  1.51s/it][A

Table-wired Predict:  66%|‚Ėą‚Ėą‚Ėą‚Ėą‚Ėą‚Ėą‚ĖĆ   | 54/82 [00:53<00:45,  1.63s/it][A

Table-wired Predict:  67%|‚Ėą‚Ėą‚Ėą‚Ėą‚Ėą‚Ėą‚Ėč   | 55/82 [00:55<00:44,  1.66s/it][A

Table-wired Predict:  68%|‚Ėą‚Ėą‚Ėą‚Ėą‚Ėą‚Ėą‚Ėä   | 56/82 [00:57<00:46,  1.78s/it][A

Table-wired Predict:  70%|‚Ėą‚Ėą‚Ėą‚Ėą‚Ėą‚Ėą‚ĖČ   | 57/82 [00:59<00:49,  2.00s/it][A

Table-wired Predict:  71%|‚Ėą‚Ėą‚Ėą‚Ėą‚Ėą‚Ėą‚Ėą   | 58/82 [01:01<00:50,  2.09s/it][A

Table-wired Predict:  72%|‚Ėą‚Ėą‚Ėą‚Ėą‚Ėą‚Ėą‚Ėą‚ĖŹ  | 59/82 [01:04<00:50,  2.18s/it][A

Table-wired Predict:  73%|‚Ėą‚Ėą‚Ėą‚Ėą‚Ėą‚Ėą‚Ėą‚Ėé  | 60/82 [01:06<00:48,  2.19s/it][A

Table-wired Predict:  74%|‚Ėą‚Ėą‚Ėą‚Ėą‚Ėą‚Ėą‚Ėą‚Ėć  | 61/82 [01:08<00:46,  2.22s/it][A

Table-wired Predict:  76%|‚Ėą‚Ėą‚Ėą‚Ėą‚Ėą‚Ėą‚Ėą‚ĖĆ  | 62/82 [01:11<00:44,  2.22s/it][A

Table-wired Predict:  77%|‚Ėą‚Ėą‚Ėą‚Ėą‚Ėą‚Ėą‚Ėą‚Ėč  | 63/82 [01:12<00:37,  2.00s/it][A

Table-wired Predict:  78%|‚Ėą‚Ėą‚Ėą‚Ėą‚Ėą‚Ėą‚Ėą‚Ėä  | 64/82 [01:13<00:30,  1.70s/it][A

Table-wired Predict:  79%|‚Ėą‚Ėą‚Ėą‚Ėą‚Ėą‚Ėą‚Ėą‚ĖČ  | 65/82 [01:15<00:27,  1.64s/it][A

Table-wired Predict:  80%|‚Ėą‚Ėą‚Ėą‚Ėą‚Ėą‚Ėą‚Ėą‚Ėą  | 66/82 [01:16<00:26,  1.66s/it][A

Table-wired Predict:  82%|‚Ėą‚Ėą‚Ėą‚Ėą‚Ėą‚Ėą‚Ėą‚Ėą‚ĖŹ | 67/82 [01:16<00:17,  1.19s/it][A

Table-wired Predict:  83%|‚Ėą‚Ėą‚Ėą‚Ėą‚Ėą‚Ėą‚Ėą‚Ėą‚Ėé | 68/82 [01:18<00:17,  1.28s/it][A

Table-wired Predict:  84%|‚Ėą‚Ėą‚Ėą‚Ėą‚Ėą‚Ėą‚Ėą‚Ėą‚Ėć | 69/82 [01:18<00:14,  1.08s/it][A

Table-wired Predict:  85%|‚Ėą‚Ėą‚Ėą‚Ėą‚Ėą‚Ėą‚Ėą‚Ėą‚ĖĆ | 70/82 [01:19<00:12,  1.02s/it][A

Table-wired Predict:  87%|‚Ėą‚Ėą‚Ėą‚Ėą‚Ėą‚Ėą‚Ėą‚Ėą‚Ėč | 71/82 [01:21<00:12,  1.16s/it][A

Table-wired Predict:  88%|‚Ėą‚Ėą‚Ėą‚Ėą‚Ėą‚Ėą‚Ėą‚Ėą‚Ėä | 72/82 [01:21<00:09,  1.06it/s][A

Table-wired Predict:  89%|‚Ėą‚Ėą‚Ėą‚Ėą‚Ėą‚Ėą‚Ėą‚Ėą‚ĖČ | 73/82 [01:22<00:08,  1.08it/s][A

Table-wired Predict:  90%|‚Ėą‚Ėą‚Ėą‚Ėą‚Ėą‚Ėą‚Ėą‚Ėą‚Ėą | 74/82 [01:22<00:05,  1.35it/s][A

Table-wired Predict:  91%|‚Ėą‚Ėą‚Ėą‚Ėą‚Ėą‚Ėą‚Ėą‚Ėą‚Ėą‚ĖŹ| 75/82 [01:24<00:07,  1.12s/it][A

Table-wired Predict:  93%|‚Ėą‚Ėą‚Ėą‚Ėą‚Ėą‚Ėą‚Ėą‚Ėą‚Ėą‚Ėé| 76/82 [01:25<00:06,  1.05s/it][A

Table-wired Predict:  94%|‚Ėą‚Ėą‚Ėą‚Ėą‚Ėą‚Ėą‚Ėą‚Ėą‚Ėą‚Ėć| 77/82 [01:26<00:04,  1.09it/s][A

Table-wired Predict:  95%|‚Ėą‚Ėą‚Ėą‚Ėą‚Ėą‚Ėą‚Ėą‚Ėą‚Ėą‚ĖĆ| 78/82 [01:27<00:03,  1.21it/s][A

Table-wired Predict:  96%|‚Ėą‚Ėą‚Ėą‚Ėą‚Ėą‚Ėą‚Ėą‚Ėą‚Ėą‚Ėč| 79/82 [01:28<00:03,  1.09s/it][A

Table-wired Predict:  98%|‚Ėą‚Ėą‚Ėą‚Ėą‚Ėą‚Ėą‚Ėą‚Ėą‚Ėą‚Ėä| 80/82 [01:31<00:03,  1.51s/it][A

Table-wired Predict:  99%|‚Ėą‚Ėą‚Ėą‚Ėą‚Ėą‚Ėą‚Ėą‚Ėą‚Ėą‚ĖČ| 81/82 [01:33<00:01,  1.84s/it][A

Table-wired Predict: 100%|‚Ėą‚Ėą‚Ėą‚Ėą‚Ėą‚Ėą‚Ėą‚Ėą‚Ėą‚Ėą| 82/82 [01:36<00:00,  2.13s/it][A
Table-wired Predict: 100%|‚Ėą‚Ėą‚Ėą‚Ėą‚Ėą‚Ėą‚Ėą‚Ėą‚Ėą‚Ėą| 82/82 [01:36<00:00,  1.18s/it]


OCR-det ch:   0%|          | 0/445 [00:00<?, ?it/s][A

OCR-det ch:  14%|‚Ėą‚Ėć        | 64/445 [00:01<00:09, 38.98it/s][A

OCR-det ch:  20%|‚Ėą‚Ėą        | 89/445 [00:01<00:07, 50.81it/s][A

OCR-det ch:  23%|‚Ėą‚Ėą‚Ėé       | 104/445 [00:02<00:06, 53.13it/s][A

OCR-det ch:  44%|‚Ėą‚Ėą‚Ėą‚Ėą‚Ėć     | 195/445 [00:02<00:01, 127.21it/s][A

OCR-det ch:  49%|‚Ėą‚Ėą‚Ėą‚Ėą‚Ėä     | 216/445 [00:02<00:01, 128.92it/s][A

OCR-det ch:  54%|‚Ėą‚Ėą‚Ėą‚Ėą‚Ėą‚Ėć    | 242/445 [00:02<00:01, 111.14it/s][A

OCR-det ch:  59%|‚Ėą‚Ėą‚Ėą‚Ėą‚Ėą‚Ėä    | 261/445 [00:02<00:01, 112.47it/s][A

OCR-det ch:  63%|‚Ėą‚Ėą‚Ėą‚Ėą‚Ėą‚Ėą‚Ėé   | 280/445 [00:03<00:01, 118.96it/s][A

OCR-det ch:  68%|‚Ėą‚Ėą‚Ėą‚Ėą‚Ėą‚Ėą‚Ėä   | 304/445 [00:03<00:01, 132.96it/s][A

OCR-det ch:  73%|‚Ėą‚Ėą‚Ėą‚Ėą‚Ėą‚Ėą‚Ėą‚Ėé  | 327/445 [00:03<00:00, 129.30it/s][A

OCR-det ch:  78%|‚Ėą‚Ėą‚Ėą‚Ėą‚Ėą‚Ėą‚Ėą‚Ėä  | 345/445 [00:03<00:00, 107.55it/s][A

OCR-det ch:  81%|‚Ėą‚Ėą‚Ėą‚Ėą‚Ėą‚Ėą‚Ėą‚Ėą  | 359/445 [00:03<00:00, 100.01it/s][A

OCR-det ch:  84%|‚Ėą‚Ėą‚Ėą‚Ėą‚Ėą‚Ėą‚Ėą‚Ėą‚Ėć | 373/445 [00:04<00:00, 86.82it/s] [A

OCR-det ch:  87%|‚Ėą‚Ėą‚Ėą‚Ėą‚Ėą‚Ėą‚Ėą‚Ėą‚Ėč | 385/445 [00:04<00:00, 78.88it/s][A

OCR-det ch:  92%|‚Ėą‚Ėą‚Ėą‚Ėą‚Ėą‚Ėą‚Ėą‚Ėą‚Ėą‚ĖŹ| 411/445 [00:04<00:00, 98.66it/s][A

OCR-det ch:  98%|‚Ėą‚Ėą‚Ėą‚Ėą‚Ėą‚Ėą‚Ėą‚Ėą‚Ėą‚Ėä| 437/445 [00:04<00:00, 122.44it/s][A
OCR-det ch: 100%|‚Ėą‚Ėą‚Ėą‚Ėą‚Ėą‚Ėą‚Ėą‚Ėą‚Ėą‚Ėą| 445/445 [00:04<00:00, 91.32it/s] 


Seal Predict: 0it [00:00, ?it/s][A
Seal Predict: 0it [00:00, ?it/s]

Processing pages:  21%|‚Ėą‚Ėą        | 66/311 [00:04<00:15, 16.09it/s]
Processing pages:  22%|‚Ėą‚Ėą‚ĖŹ       | 68/311 [00:04<00:14, 16.46it/s]
Processing pages:  23%|‚Ėą‚Ėą‚Ėé       | 70/311 [00:04<00:14, 16.28it/s]
Processing pages:  23%|‚Ėą‚Ėą‚Ėé       | 72/311 [00:04<00:14, 16.39it/s]
Processing pages:  24%|‚Ėą‚Ėą‚Ėć       | 74/311 [00:04<00:14, 15.92it/s]
Processing pages:  24%|‚Ėą‚Ėą‚Ėć       | 76/311 [00:04<00:15, 15.52it/s]
Processing pages:  25%|‚Ėą‚Ėą‚ĖĆ       | 78/311 [00:05<00:14, 15.64it/s]
Processing pages:  26%|‚Ėą‚Ėą‚ĖĆ       | 80/311 [00:05<00:14, 15.61it/s]
Processing pages:  26%|‚Ėą‚Ėą‚Ėč       | 82/311 [00:05<00:14, 15.28it/s]
Processing pages:  27%|‚Ėą‚Ėą‚Ėč       | 84/311 [00:05<00:14, 15.72it/s]
Processing pages:  28%|‚Ėą‚Ėą‚Ėä       | 86/311 [00:05<00:13, 16.07it/s]
Processing pages:  28%|‚Ėą‚Ėą‚Ėä       | 88/311 [00:05<00:13, 16.38it/s]
Processing pages:  29%|‚Ėą‚Ėą‚ĖČ       | 90/311 [00:05<00:13, 16.67it/s]
Processing pages:  30%|‚Ėą‚Ėą‚ĖČ       | 92/311 [00:05<00:13, 16.65it/s]
Processing pages:  30%|‚Ėą‚Ėą‚Ėą       | 94/311 [00:06<00:13, 15.97it/s]
Processing pages:  31%|‚Ėą‚Ėą‚Ėą       | 96/311 [00:06<00:13, 16.33it/s]
Processing pages:  32%|‚Ėą‚Ėą‚Ėą‚ĖŹ      | 99/311 [00:06<00:12, 17.46it/s]
Processing pages:  32%|‚Ėą‚Ėą‚Ėą‚ĖŹ      | 101/311 [00:06<00:12, 16.34it/s]
Processing pages:  33%|‚Ėą‚Ėą‚Ėą‚Ėé      | 103/311 [00:06<00:12, 16.12it/s]
Processing pages:  34%|‚Ėą‚Ėą‚Ėą‚Ėć      | 105/311 [00:06<00:12, 16.71it/s]
Processing pages:  34%|‚Ėą‚Ėą‚Ėą‚Ėć      | 107/311 [00:06<00:12, 16.90it/s]
Processing pages:  35%|‚Ėą‚Ėą‚Ėą‚ĖĆ      | 109/311 [00:06<00:12, 16.70it/s]
Processing pages:  36%|‚Ėą‚Ėą‚Ėą‚ĖĆ      | 111/311 [00:06<00:11, 17.26it/s]
Processing pages:  36%|‚Ėą‚Ėą‚Ėą‚Ėč      | 113/311 [00:07<00:11, 17.24it/s]
Processing pages:  37%|‚Ėą‚Ėą‚Ėą‚Ėč      | 115/311 [00:07<00:11, 17.57it/s]
Processing pages:  38%|‚Ėą‚Ėą‚Ėą‚Ėä      | 117/311 [00:07<00:17, 11.05it/s]
Processing pages:  38%|‚Ėą‚Ėą‚Ėą‚Ėä      | 119/311 [00:07<00:15, 12.26it/s]
Processing pages:  39%|‚Ėą‚Ėą‚Ėą‚ĖČ      | 121/311 [00:07<00:14, 13.40it/s]
Processing pages:  40%|‚Ėą‚Ėą‚Ėą‚ĖČ      | 123/311 [00:07<00:13, 14.29it/s]
Processing pages:  40%|‚Ėą‚Ėą‚Ėą‚Ėą      | 125/311 [00:08<00:12, 15.04it/s]
Processing pages:  41%|‚Ėą‚Ėą‚Ėą‚Ėą      | 127/311 [00:08<00:11, 15.50it/s]2026-06-20 17:11:15.611 | INFO     | mineru.backend.pipeline.pipeline_analyze:doc_analyze_streaming:264 - Pipeline processing window batch 3/5: 192/311 pages, batch_pages=64, doc_slices=doc0:129-192
2026-06-20 17:11:15.611 | INFO     | mineru.backend.pipeline.pipeline_analyze:batch_image_analyze:364 - GPU Memory: 24 GB, Batch Ratio: 8. 


Layout Predict:   0%|          | 0/64 [00:00<?, ?it/s][A

Layout Predict:  12%|‚Ėą‚Ėé        | 8/64 [00:00<00:01, 29.71it/s][A

Layout Predict:  25%|‚Ėą‚Ėą‚ĖĆ       | 16/64 [00:00<00:01, 28.14it/s][A

Layout Predict:  38%|‚Ėą‚Ėą‚Ėą‚Ėä      | 24/64 [00:00<00:01, 27.26it/s][A

Layout Predict:  50%|‚Ėą‚Ėą‚Ėą‚Ėą‚Ėą     | 32/64 [00:01<00:01, 27.08it/s][A

Layout Predict:  62%|‚Ėą‚Ėą‚Ėą‚Ėą‚Ėą‚Ėą‚Ėé   | 40/64 [00:01<00:00, 27.19it/s][A

Layout Predict:  75%|‚Ėą‚Ėą‚Ėą‚Ėą‚Ėą‚Ėą‚Ėą‚ĖĆ  | 48/64 [00:01<00:00, 26.81it/s][A

Layout Predict:  88%|‚Ėą‚Ėą‚Ėą‚Ėą‚Ėą‚Ėą‚Ėą‚Ėą‚Ėä | 56/64 [00:02<00:00, 26.50it/s][A

Layout Predict: 100%|‚Ėą‚Ėą‚Ėą‚Ėą‚Ėą‚Ėą‚Ėą‚Ėą‚Ėą‚Ėą| 64/64 [00:02<00:00, 26.88it/s][A
Layout Predict: 100%|‚Ėą‚Ėą‚Ėą‚Ėą‚Ėą‚Ėą‚Ėą‚Ėą‚Ėą‚Ėą| 64/64 [00:02<00:00, 27.08it/s]


Table orientation det:   0%|          | 0/80 [00:00<?, ?it/s][A

Table orientation det:  10%|‚Ėą         | 8/80 [00:01<00:11,  6.30it/s][A

Table orientation det:  12%|‚Ėą‚Ėé        | 10/80 [00:01<00:09,  7.69it/s][A

Table orientation det:  20%|‚Ėą‚Ėą        | 16/80 [00:01<00:04, 12.95it/s][A

Table orientation det:  24%|‚Ėą‚Ėą‚Ėć       | 19/80 [00:01<00:04, 14.11it/s][A

Table orientation det:  28%|‚Ėą‚Ėą‚Ėä       | 22/80 [00:01<00:03, 15.96it/s][A

Table orientation det:  34%|‚Ėą‚Ėą‚Ėą‚Ėć      | 27/80 [00:02<00:02, 19.31it/s][A

Table orientation det:  40%|‚Ėą‚Ėą‚Ėą‚Ėą      | 32/80 [00:02<00:02, 21.98it/s][A

Table orientation det:  52%|‚Ėą‚Ėą‚Ėą‚Ėą‚Ėą‚Ėé    | 42/80 [00:02<00:01, 27.55it/s][A

Table orientation det:  57%|‚Ėą‚Ėą‚Ėą‚Ėą‚Ėą‚Ėä    | 46/80 [00:02<00:01, 27.55it/s][A

Table orientation det:  69%|‚Ėą‚Ėą‚Ėą‚Ėą‚Ėą‚Ėą‚ĖČ   | 55/80 [00:02<00:00, 33.42it/s][A

Table orientation det:  76%|‚Ėą‚Ėą‚Ėą‚Ėą‚Ėą‚Ėą‚Ėą‚Ėč  | 61/80 [00:02<00:00, 37.26it/s][A

Table orientation det:  81%|‚Ėą‚Ėą‚Ėą‚Ėą‚Ėą‚Ėą‚Ėą‚Ėą‚ĖŹ | 65/80 [00:03<00:00, 32.80it/s][A

Table orientation det:  88%|‚Ėą‚Ėą‚Ėą‚Ėą‚Ėą‚Ėą‚Ėą‚Ėą‚Ėä | 70/80 [00:03<00:00, 35.68it/s][A

Table orientation det:  92%|‚Ėą‚Ėą‚Ėą‚Ėą‚Ėą‚Ėą‚Ėą‚Ėą‚Ėą‚Ėé| 74/80 [00:03<00:00, 35.18it/s][A

Table orientation det:  98%|‚Ėą‚Ėą‚Ėą‚Ėą‚Ėą‚Ėą‚Ėą‚Ėą‚Ėą‚Ėä| 78/80 [00:03<00:00, 27.66it/s][A

Table orientation score: 100%|‚Ėą‚Ėą‚Ėą‚Ėą‚Ėą‚Ėą‚Ėą‚Ėą‚Ėą‚Ėą| 80/80 [00:03<00:00, 27.66it/s][A

Table orientation score: 100%|‚Ėą‚Ėą‚Ėą‚Ėą‚Ėą‚Ėą‚Ėą‚Ėą‚Ėą‚Ėą| 80/80 [00:03<00:00, 27.66it/s][A

Table orientation: 100%|‚Ėą‚Ėą‚Ėą‚Ėą‚Ėą‚Ėą‚Ėą‚Ėą‚Ėą‚Ėą| 80/80 [00:03<00:00, 27.66it/s]      [A

Table orientation: 100%|‚Ėą‚Ėą‚Ėą‚Ėą‚Ėą‚Ėą‚Ėą‚Ėą‚Ėą‚Ėą| 80/80 [00:03<00:00, 27.66it/s][A
Table orientation: 100%|‚Ėą‚Ėą‚Ėą‚Ėą‚Ėą‚Ėą‚Ėą‚Ėą‚Ėą‚Ėą| 80/80 [00:03<00:00, 21.66it/s]


Table-ocr det:   0%|          | 0/80 [00:00<?, ?it/s][A

Table-ocr det:  10%|‚Ėą         | 8/80 [00:02<00:24,  2.93it/s][A

Table-ocr det:  16%|‚Ėą‚Ėč        | 13/80 [00:02<00:12,  5.25it/s][A

Table-ocr det:  22%|‚Ėą‚Ėą‚Ėé       | 18/80 [00:02<00:07,  8.14it/s][A

Table-ocr det:  28%|‚Ėą‚Ėą‚Ėä       | 22/80 [00:03<00:05, 10.51it/s][A

Table-ocr det:  35%|‚Ėą‚Ėą‚Ėą‚ĖĆ      | 28/80 [00:03<00:03, 15.47it/s][A

Table-ocr det:  40%|‚Ėą‚Ėą‚Ėą‚Ėą      | 32/80 [00:03<00:02, 18.57it/s][A
Processing pages:  41%|‚Ėą‚Ėą‚Ėą‚Ėą      | 128/311 [00:22<00:11, 15.50it/s]

Table-ocr det:  52%|‚Ėą‚Ėą‚Ėą‚Ėą‚Ėą‚Ėé    | 42/80 [00:03<00:01, 25.75it/s][A

Table-ocr det:  62%|‚Ėą‚Ėą‚Ėą‚Ėą‚Ėą‚Ėą‚Ėé   | 50/80 [00:03<00:00, 32.67it/s][A

Table-ocr det:  76%|‚Ėą‚Ėą‚Ėą‚Ėą‚Ėą‚Ėą‚Ėą‚Ėč  | 61/80 [00:03<00:00, 43.55it/s][A

Table-ocr det:  85%|‚Ėą‚Ėą‚Ėą‚Ėą‚Ėą‚Ėą‚Ėą‚Ėą‚ĖĆ | 68/80 [00:03<00:00, 47.46it/s][A

Table-ocr det:  92%|‚Ėą‚Ėą‚Ėą‚Ėą‚Ėą‚Ėą‚Ėą‚Ėą‚Ėą‚Ėé| 74/80 [00:04<00:00, 48.66it/s][A

Table-ocr det: 100%|‚Ėą‚Ėą‚Ėą‚Ėą‚Ėą‚Ėą‚Ėą‚Ėą‚Ėą‚Ėą| 80/80 [00:04<00:00, 44.44it/s][A
Table-ocr det: 100%|‚Ėą‚Ėą‚Ėą‚Ėą‚Ėą‚Ėą‚Ėą‚Ėą‚Ėą‚Ėą| 80/80 [00:04<00:00, 19.02it/s]


Table-ocr rec ch:   0%|          | 0/5685 [00:00<?, ?it/s][A

Table-ocr rec ch:   1%|‚ĖŹ         | 72/5685 [00:00<00:08, 662.85it/s][A

Table-ocr rec ch:   3%|‚Ėé         | 144/5685 [00:00<00:08, 678.03it/s][A

Table-ocr rec ch:   4%|‚Ėć         | 216/5685 [00:00<00:08, 682.78it/s][A

Table-ocr rec ch:   5%|‚ĖĆ         | 288/5685 [00:00<00:07, 684.02it/s][A

Table-ocr rec ch:   6%|‚Ėč         | 360/5685 [00:00<00:07, 686.72it/s][A

Table-ocr rec ch:   8%|‚Ėä         | 432/5685 [00:00<00:07, 684.91it/s][A

Table-ocr rec ch:   9%|‚ĖČ         | 504/5685 [00:00<00:07, 685.92it/s][A

Table-ocr rec ch:  10%|‚Ėą         | 576/5685 [00:00<00:07, 686.27it/s][A

Table-ocr rec ch:  11%|‚Ėą‚ĖŹ        | 648/5685 [00:00<00:07, 685.47it/s][A

Table-ocr rec ch:  13%|‚Ėą‚Ėé        | 720/5685 [00:01<00:07, 685.51it/s][A

Table-ocr rec ch:  14%|‚Ėą‚Ėć        | 792/5685 [00:01<00:07, 685.38it/s][A

Table-ocr rec ch:  15%|‚Ėą‚ĖĆ        | 864/5685 [00:01<00:07, 685.42it/s][A

Table-ocr rec ch:  16%|‚Ėą‚Ėč        | 936/5685 [00:01<00:06, 682.78it/s][A

Table-ocr rec ch:  18%|‚Ėą‚Ėä        | 1008/5685 [00:01<00:06, 682.92it/s][A

Table-ocr rec ch:  19%|‚Ėą‚ĖČ        | 1080/5685 [00:01<00:06, 680.53it/s][A

Table-ocr rec ch:  20%|‚Ėą‚Ėą        | 1152/5685 [00:01<00:06, 681.30it/s][A

Table-ocr rec ch:  22%|‚Ėą‚Ėą‚ĖŹ       | 1224/5685 [00:01<00:06, 682.46it/s][A

Table-ocr rec ch:  23%|‚Ėą‚Ėą‚Ėé       | 1296/5685 [00:01<00:06, 683.18it/s][A

Table-ocr rec ch:  24%|‚Ėą‚Ėą‚Ėć       | 1368/5685 [00:02<00:06, 683.68it/s][A

Table-ocr rec ch:  25%|‚Ėą‚Ėą‚ĖĆ       | 1440/5685 [00:02<00:06, 683.85it/s][A

Table-ocr rec ch:  27%|‚Ėą‚Ėą‚Ėč       | 1512/5685 [00:02<00:06, 680.13it/s][A

Table-ocr rec ch:  28%|‚Ėą‚Ėą‚Ėä       | 1584/5685 [00:02<00:06, 678.61it/s][A

Table-ocr rec ch:  29%|‚Ėą‚Ėą‚ĖČ       | 1656/5685 [00:02<00:05, 678.98it/s][A

Table-ocr rec ch:  30%|‚Ėą‚Ėą‚Ėą       | 1728/5685 [00:02<00:05, 679.74it/s][A

Table-ocr rec ch:  32%|‚Ėą‚Ėą‚Ėą‚ĖŹ      | 1800/5685 [00:02<00:05, 677.52it/s][A

Table-ocr rec ch:  33%|‚Ėą‚Ėą‚Ėą‚Ėé      | 1872/5685 [00:02<00:05, 678.81it/s][A

Table-ocr rec ch:  34%|‚Ėą‚Ėą‚Ėą‚Ėć      | 1944/5685 [00:02<00:05, 678.65it/s][A

Table-ocr rec ch:  35%|‚Ėą‚Ėą‚Ėą‚ĖĆ      | 2016/5685 [00:02<00:05, 679.60it/s][A

Table-ocr rec ch:  37%|‚Ėą‚Ėą‚Ėą‚Ėč      | 2088/5685 [00:03<00:05, 680.10it/s][A

Table-ocr rec ch:  38%|‚Ėą‚Ėą‚Ėą‚Ėä      | 2160/5685 [00:03<00:05, 679.89it/s][A

Table-ocr rec ch:  39%|‚Ėą‚Ėą‚Ėą‚ĖČ      | 2232/5685 [00:03<00:05, 679.85it/s][A

Table-ocr rec ch:  41%|‚Ėą‚Ėą‚Ėą‚Ėą      | 2304/5685 [00:03<00:04, 679.34it/s][A

Table-ocr rec ch:  42%|‚Ėą‚Ėą‚Ėą‚Ėą‚ĖŹ     | 2376/5685 [00:03<00:04, 678.25it/s][A

Table-ocr rec ch:  43%|‚Ėą‚Ėą‚Ėą‚Ėą‚Ėé     | 2448/5685 [00:03<00:04, 669.09it/s][A

Table-ocr rec ch:  44%|‚Ėą‚Ėą‚Ėą‚Ėą‚Ėć     | 2520/5685 [00:03<00:04, 669.85it/s][A

Table-ocr rec ch:  46%|‚Ėą‚Ėą‚Ėą‚Ėą‚ĖĆ     | 2592/5685 [00:03<00:04, 670.63it/s][A

Table-ocr rec ch:  47%|‚Ėą‚Ėą‚Ėą‚Ėą‚Ėč     | 2664/5685 [00:03<00:04, 670.33it/s][A

Table-ocr rec ch:  48%|‚Ėą‚Ėą‚Ėą‚Ėą‚Ėä     | 2736/5685 [00:04<00:04, 671.66it/s][A

Table-ocr rec ch:  49%|‚Ėą‚Ėą‚Ėą‚Ėą‚ĖČ     | 2808/5685 [00:04<00:04, 672.35it/s][A

Table-ocr rec ch:  51%|‚Ėą‚Ėą‚Ėą‚Ėą‚Ėą     | 2880/5685 [00:04<00:04, 672.80it/s][A

Table-ocr rec ch:  52%|‚Ėą‚Ėą‚Ėą‚Ėą‚Ėą‚ĖŹ    | 2952/5685 [00:04<00:04, 672.91it/s][A

Table-ocr rec ch:  53%|‚Ėą‚Ėą‚Ėą‚Ėą‚Ėą‚Ėé    | 3024/5685 [00:04<00:03, 671.48it/s][A

Table-ocr rec ch:  54%|‚Ėą‚Ėą‚Ėą‚Ėą‚Ėą‚Ėć    | 3096/5685 [00:04<00:03, 664.28it/s][A

Table-ocr rec ch:  56%|‚Ėą‚Ėą‚Ėą‚Ėą‚Ėą‚ĖĆ    | 3168/5685 [00:04<00:03, 662.23it/s][A

Table-ocr rec ch:  57%|‚Ėą‚Ėą‚Ėą‚Ėą‚Ėą‚Ėč    | 3240/5685 [00:04<00:03, 663.29it/s][A

Table-ocr rec ch:  58%|‚Ėą‚Ėą‚Ėą‚Ėą‚Ėą‚Ėä    | 3312/5685 [00:04<00:03, 663.94it/s][A

Table-ocr rec ch:  60%|‚Ėą‚Ėą‚Ėą‚Ėą‚Ėą‚ĖČ    | 3384/5685 [00:04<00:03, 664.57it/s][A

Table-ocr rec ch:  61%|‚Ėą‚Ėą‚Ėą‚Ėą‚Ėą‚Ėą    | 3456/5685 [00:05<00:03, 666.42it/s][A

Table-ocr rec ch:  62%|‚Ėą‚Ėą‚Ėą‚Ėą‚Ėą‚Ėą‚ĖŹ   | 3528/5685 [00:05<00:03, 667.42it/s][A

Table-ocr rec ch:  63%|‚Ėą‚Ėą‚Ėą‚Ėą‚Ėą‚Ėą‚Ėé   | 3600/5685 [00:05<00:03, 667.97it/s][A

Table-ocr rec ch:  65%|‚Ėą‚Ėą‚Ėą‚Ėą‚Ėą‚Ėą‚Ėć   | 3672/5685 [00:05<00:03, 668.03it/s][A

Table-ocr rec ch:  66%|‚Ėą‚Ėą‚Ėą‚Ėą‚Ėą‚Ėą‚ĖĆ   | 3744/5685 [00:05<00:02, 668.75it/s][A

Table-ocr rec ch:  67%|‚Ėą‚Ėą‚Ėą‚Ėą‚Ėą‚Ėą‚Ėč   | 3816/5685 [00:05<00:02, 663.67it/s][A

Table-ocr rec ch:  68%|‚Ėą‚Ėą‚Ėą‚Ėą‚Ėą‚Ėą‚Ėä   | 3888/5685 [00:05<00:02, 656.57it/s][A

Table-ocr rec ch:  70%|‚Ėą‚Ėą‚Ėą‚Ėą‚Ėą‚Ėą‚ĖČ   | 3960/5685 [00:05<00:02, 658.48it/s][A

Table-ocr rec ch:  71%|‚Ėą‚Ėą‚Ėą‚Ėą‚Ėą‚Ėą‚Ėą   | 4032/5685 [00:05<00:02, 659.51it/s][A

Table-ocr rec ch:  72%|‚Ėą‚Ėą‚Ėą‚Ėą‚Ėą‚Ėą‚Ėą‚ĖŹ  | 4104/5685 [00:06<00:02, 660.63it/s][A

Table-ocr rec ch:  73%|‚Ėą‚Ėą‚Ėą‚Ėą‚Ėą‚Ėą‚Ėą‚Ėé  | 4176/5685 [00:06<00:02, 661.52it/s][A

Table-ocr rec ch:  75%|‚Ėą‚Ėą‚Ėą‚Ėą‚Ėą‚Ėą‚Ėą‚Ėć  | 4248/5685 [00:06<00:02, 662.13it/s][A

Table-ocr rec ch:  76%|‚Ėą‚Ėą‚Ėą‚Ėą‚Ėą‚Ėą‚Ėą‚ĖĆ  | 4320/5685 [00:06<00:02, 661.96it/s][A

Table-ocr rec ch:  77%|‚Ėą‚Ėą‚Ėą‚Ėą‚Ėą‚Ėą‚Ėą‚Ėč  | 4392/5685 [00:06<00:01, 664.08it/s][A

Table-ocr rec ch:  79%|‚Ėą‚Ėą‚Ėą‚Ėą‚Ėą‚Ėą‚Ėą‚Ėä  | 4464/5685 [00:06<00:01, 662.71it/s][A

Table-ocr rec ch:  80%|‚Ėą‚Ėą‚Ėą‚Ėą‚Ėą‚Ėą‚Ėą‚ĖČ  | 4536/5685 [00:06<00:01, 663.95it/s][A

Table-ocr rec ch:  81%|‚Ėą‚Ėą‚Ėą‚Ėą‚Ėą‚Ėą‚Ėą‚Ėą  | 4608/5685 [00:06<00:01, 657.90it/s][A

Table-ocr rec ch:  82%|‚Ėą‚Ėą‚Ėą‚Ėą‚Ėą‚Ėą‚Ėą‚Ėą‚ĖŹ | 4674/5685 [00:06<00:01, 658.48it/s][A

Table-ocr rec ch:  83%|‚Ėą‚Ėą‚Ėą‚Ėą‚Ėą‚Ėą‚Ėą‚Ėą‚Ėé | 4740/5685 [00:07<00:01, 658.60it/s][A

Table-ocr rec ch:  85%|‚Ėą‚Ėą‚Ėą‚Ėą‚Ėą‚Ėą‚Ėą‚Ėą‚Ėć | 4806/5685 [00:07<00:01, 658.13it/s][A

Table-ocr rec ch:  86%|‚Ėą‚Ėą‚Ėą‚Ėą‚Ėą‚Ėą‚Ėą‚Ėą‚ĖĆ | 4872/5685 [00:07<00:01, 658.07it/s][A

Table-ocr rec ch:  87%|‚Ėą‚Ėą‚Ėą‚Ėą‚Ėą‚Ėą‚Ėą‚Ėą‚Ėč | 4938/5685 [00:07<00:01, 657.73it/s][A

Table-ocr rec ch:  88%|‚Ėą‚Ėą‚Ėą‚Ėą‚Ėą‚Ėą‚Ėą‚Ėą‚Ėä | 5004/5685 [00:07<00:01, 654.69it/s][A

Table-ocr rec ch:  89%|‚Ėą‚Ėą‚Ėą‚Ėą‚Ėą‚Ėą‚Ėą‚Ėą‚ĖČ | 5070/5685 [00:07<00:00, 648.36it/s][A

Table-ocr rec ch:  90%|‚Ėą‚Ėą‚Ėą‚Ėą‚Ėą‚Ėą‚Ėą‚Ėą‚Ėą | 5136/5685 [00:07<00:00, 643.31it/s][A

Table-ocr rec ch:  92%|‚Ėą‚Ėą‚Ėą‚Ėą‚Ėą‚Ėą‚Ėą‚Ėą‚Ėą‚ĖŹ| 5202/5685 [00:07<00:00, 639.44it/s][A

Table-ocr rec ch:  93%|‚Ėą‚Ėą‚Ėą‚Ėą‚Ėą‚Ėą‚Ėą‚Ėą‚Ėą‚Ėé| 5268/5685 [00:07<00:00, 564.04it/s][A

Table-ocr rec ch:  94%|‚Ėą‚Ėą‚Ėą‚Ėą‚Ėą‚Ėą‚Ėą‚Ėą‚Ėą‚Ėé| 5328/5685 [00:08<00:00, 447.26it/s][A

Table-ocr rec ch:  95%|‚Ėą‚Ėą‚Ėą‚Ėą‚Ėą‚Ėą‚Ėą‚Ėą‚Ėą‚Ėć| 5382/5685 [00:08<00:00, 400.96it/s][A

Table-ocr rec ch:  96%|‚Ėą‚Ėą‚Ėą‚Ėą‚Ėą‚Ėą‚Ėą‚Ėą‚Ėą‚ĖĆ| 5430/5685 [00:08<00:00, 374.49it/s][A

Table-ocr rec ch:  96%|‚Ėą‚Ėą‚Ėą‚Ėą‚Ėą‚Ėą‚Ėą‚Ėą‚Ėą‚Ėč| 5484/5685 [00:08<00:00, 406.94it/s][A

Table-ocr rec ch:  97%|‚Ėą‚Ėą‚Ėą‚Ėą‚Ėą‚Ėą‚Ėą‚Ėą‚Ėą‚Ėč| 5532/5685 [00:08<00:00, 351.22it/s][A

Table-ocr rec ch:  98%|‚Ėą‚Ėą‚Ėą‚Ėą‚Ėą‚Ėą‚Ėą‚Ėą‚Ėą‚Ėä| 5574/5685 [00:08<00:00, 317.01it/s][A

Table-ocr rec ch:  99%|‚Ėą‚Ėą‚Ėą‚Ėą‚Ėą‚Ėą‚Ėą‚Ėą‚Ėą‚Ėä| 5610/5685 [00:09<00:00, 300.32it/s][A

Table-ocr rec ch:  99%|‚Ėą‚Ėą‚Ėą‚Ėą‚Ėą‚Ėą‚Ėą‚Ėą‚Ėą‚ĖČ| 5646/5685 [00:09<00:00, 269.29it/s][A

Table-ocr rec ch: 100%|‚Ėą‚Ėą‚Ėą‚Ėą‚Ėą‚Ėą‚Ėą‚Ėą‚Ėą‚ĖČ| 5676/5685 [00:09<00:00, 244.48it/s][A
Table-ocr rec ch: 100%|‚Ėą‚Ėą‚Ėą‚Ėą‚Ėą‚Ėą‚Ėą‚Ėą‚Ėą‚Ėą| 5685/5685 [00:09<00:00, 602.05it/s]


Table-wireless Predict:   0%|          | 0/80 [00:00<?, ?it/s][A

Table-wireless Predict:   5%|‚ĖĆ         | 4/80 [00:01<00:20,  3.67it/s][A

Table-wireless Predict:  10%|‚Ėą         | 8/80 [00:02<00:19,  3.63it/s][A

Table-wireless Predict:  15%|‚Ėą‚ĖĆ        | 12/80 [00:03<00:20,  3.25it/s][A

Table-wireless Predict:  20%|‚Ėą‚Ėą        | 16/80 [00:04<00:18,  3.39it/s][A

Table-wireless Predict:  25%|‚Ėą‚Ėą‚ĖĆ       | 20/80 [00:05<00:18,  3.27it/s][A

Table-wireless Predict:  30%|‚Ėą‚Ėą‚Ėą       | 24/80 [00:06<00:14,  3.82it/s][A

Table-wireless Predict:  35%|‚Ėą‚Ėą‚Ėą‚ĖĆ      | 28/80 [00:07<00:14,  3.54it/s][A

Table-wireless Predict:  40%|‚Ėą‚Ėą‚Ėą‚Ėą      | 32/80 [00:08<00:13,  3.67it/s][A

Table-wireless Predict:  45%|‚Ėą‚Ėą‚Ėą‚Ėą‚ĖĆ     | 36/80 [00:09<00:10,  4.13it/s][A

Table-wireless Predict:  50%|‚Ėą‚Ėą‚Ėą‚Ėą‚Ėą     | 40/80 [00:10<00:08,  4.51it/s][A

Table-wireless Predict:  55%|‚Ėą‚Ėą‚Ėą‚Ėą‚Ėą‚ĖĆ    | 44/80 [00:11<00:09,  3.84it/s][A

Table-wireless Predict:  60%|‚Ėą‚Ėą‚Ėą‚Ėą‚Ėą‚Ėą    | 48/80 [00:12<00:08,  3.78it/s][A

Table-wireless Predict:  65%|‚Ėą‚Ėą‚Ėą‚Ėą‚Ėą‚Ėą‚ĖĆ   | 52/80 [00:13<00:07,  3.73it/s][A

Table-wireless Predict:  70%|‚Ėą‚Ėą‚Ėą‚Ėą‚Ėą‚Ėą‚Ėą   | 56/80 [00:15<00:06,  3.70it/s][A

Table-wireless Predict:  75%|‚Ėą‚Ėą‚Ėą‚Ėą‚Ėą‚Ėą‚Ėą‚ĖĆ  | 60/80 [00:15<00:05,  3.90it/s][A

Table-wireless Predict:  80%|‚Ėą‚Ėą‚Ėą‚Ėą‚Ėą‚Ėą‚Ėą‚Ėą  | 64/80 [00:17<00:04,  3.81it/s][A

Table-wireless Predict:  85%|‚Ėą‚Ėą‚Ėą‚Ėą‚Ėą‚Ėą‚Ėą‚Ėą‚ĖĆ | 68/80 [00:18<00:03,  3.67it/s][A

Table-wireless Predict:  90%|‚Ėą‚Ėą‚Ėą‚Ėą‚Ėą‚Ėą‚Ėą‚Ėą‚Ėą | 72/80 [00:19<00:02,  3.87it/s][A

Table-wireless Predict:  95%|‚Ėą‚Ėą‚Ėą‚Ėą‚Ėą‚Ėą‚Ėą‚Ėą‚Ėą‚ĖĆ| 76/80 [00:20<00:01,  3.69it/s][A

Table-wireless Predict: 100%|‚Ėą‚Ėą‚Ėą‚Ėą‚Ėą‚Ėą‚Ėą‚Ėą‚Ėą‚Ėą| 80/80 [00:21<00:00,  3.76it/s][A
Table-wireless Predict: 100%|‚Ėą‚Ėą‚Ėą‚Ėą‚Ėą‚Ėą‚Ėą‚Ėą‚Ėą‚Ėą| 80/80 [00:21<00:00,  3.74it/s]


Table-wired Predict:   0%|          | 0/80 [00:00<?, ?it/s][A

Table-wired Predict:   1%|‚ĖŹ         | 1/80 [00:05<07:29,  5.69s/it][A

Table-wired Predict:   2%|‚Ėé         | 2/80 [00:07<04:16,  3.29s/it][A

Table-wired Predict:   4%|‚Ėć         | 3/80 [00:08<02:56,  2.29s/it][A

Table-wired Predict:   5%|‚ĖĆ         | 4/80 [00:10<03:03,  2.41s/it][A

Table-wired Predict:   6%|‚Ėč         | 5/80 [00:13<02:57,  2.37s/it][A

Table-wired Predict:   8%|‚Ėä         | 6/80 [00:14<02:15,  1.83s/it][A

Table-wired Predict:   9%|‚ĖČ         | 7/80 [00:16<02:20,  1.93s/it][A

Table-wired Predict:  10%|‚Ėą         | 8/80 [00:17<02:01,  1.69s/it][A

Table-wired Predict:  11%|‚Ėą‚ĖŹ        | 9/80 [00:19<02:09,  1.82s/it][A

Table-wired Predict:  12%|‚Ėą‚Ėé        | 10/80 [00:21<02:17,  1.97s/it][A

Table-wired Predict:  14%|‚Ėą‚Ėć        | 11/80 [00:24<02:27,  2.13s/it][A

Table-wired Predict:  15%|‚Ėą‚ĖĆ        | 12/80 [00:26<02:26,  2.15s/it][A

Table-wired Predict:  16%|‚Ėą‚Ėč        | 13/80 [00:27<02:00,  1.80s/it][A

Table-wired Predict:  18%|‚Ėą‚Ėä        | 14/80 [00:28<01:52,  1.71s/it][A

Table-wired Predict:  19%|‚Ėą‚ĖČ        | 15/80 [00:30<01:51,  1.71s/it][A

Table-wired Predict:  20%|‚Ėą‚Ėą        | 16/80 [00:32<01:58,  1.86s/it][A

Table-wired Predict:  21%|‚Ėą‚Ėą‚ĖŹ       | 17/80 [00:33<01:29,  1.42s/it][A

Table-wired Predict:  22%|‚Ėą‚Ėą‚Ėé       | 18/80 [00:35<01:46,  1.71s/it][A

Table-wired Predict:  24%|‚Ėą‚Ėą‚Ėć       | 19/80 [00:37<01:53,  1.86s/it][A

Table-wired Predict:  25%|‚Ėą‚Ėą‚ĖĆ       | 20/80 [00:40<01:59,  1.99s/it][A

Table-wired Predict:  26%|‚Ėą‚Ėą‚Ėč       | 21/80 [00:40<01:33,  1.58s/it][A

Table-wired Predict:  28%|‚Ėą‚Ėą‚Ėä       | 22/80 [00:41<01:14,  1.28s/it][A

Table-wired Predict:  29%|‚Ėą‚Ėą‚ĖČ       | 23/80 [00:42<01:04,  1.13s/it][A

Table-wired Predict:  30%|‚Ėą‚Ėą‚Ėą       | 24/80 [00:42<00:52,  1.06it/s][A

Table-wired Predict:  31%|‚Ėą‚Ėą‚Ėą‚ĖŹ      | 25/80 [00:43<00:57,  1.05s/it][A

Table-wired Predict:  32%|‚Ėą‚Ėą‚Ėą‚Ėé      | 26/80 [00:46<01:13,  1.37s/it][A

Table-wired Predict:  34%|‚Ėą‚Ėą‚Ėą‚Ėć      | 27/80 [00:47<01:17,  1.46s/it][A

Table-wired Predict:  35%|‚Ėą‚Ėą‚Ėą‚ĖĆ      | 28/80 [00:48<01:01,  1.18s/it][A

Table-wired Predict:  36%|‚Ėą‚Ėą‚Ėą‚Ėč      | 29/80 [00:48<00:52,  1.03s/it][A

Table-wired Predict:  38%|‚Ėą‚Ėą‚Ėą‚Ėä      | 30/80 [00:49<00:45,  1.11it/s][A

Table-wired Predict:  39%|‚Ėą‚Ėą‚Ėą‚ĖČ      | 31/80 [00:51<01:04,  1.32s/it][A

Table-wired Predict:  40%|‚Ėą‚Ėą‚Ėą‚Ėą      | 32/80 [00:53<01:04,  1.34s/it][A

Table-wired Predict:  41%|‚Ėą‚Ėą‚Ėą‚Ėą‚ĖŹ     | 33/80 [00:53<00:51,  1.09s/it][A

Table-wired Predict:  42%|‚Ėą‚Ėą‚Ėą‚Ėą‚Ėé     | 34/80 [00:54<00:49,  1.07s/it][A

Table-wired Predict:  44%|‚Ėą‚Ėą‚Ėą‚Ėą‚Ėć     | 35/80 [00:55<00:46,  1.04s/it][A

Table-wired Predict:  45%|‚Ėą‚Ėą‚Ėą‚Ėą‚ĖĆ     | 36/80 [00:56<00:41,  1.06it/s][A

Table-wired Predict:  46%|‚Ėą‚Ėą‚Ėą‚Ėą‚Ėč     | 37/80 [00:56<00:33,  1.28it/s][A

Table-wired Predict:  48%|‚Ėą‚Ėą‚Ėą‚Ėą‚Ėä     | 38/80 [00:57<00:34,  1.23it/s][A

Table-wired Predict:  49%|‚Ėą‚Ėą‚Ėą‚Ėą‚ĖČ     | 39/80 [00:58<00:30,  1.34it/s][A

Table-wired Predict:  50%|‚Ėą‚Ėą‚Ėą‚Ėą‚Ėą     | 40/80 [00:59<00:29,  1.36it/s][A

Table-wired Predict:  51%|‚Ėą‚Ėą‚Ėą‚Ėą‚Ėą‚ĖŹ    | 41/80 [00:59<00:29,  1.32it/s][A

Table-wired Predict:  52%|‚Ėą‚Ėą‚Ėą‚Ėą‚Ėą‚Ėé    | 42/80 [01:02<00:49,  1.31s/it][A

Table-wired Predict:  54%|‚Ėą‚Ėą‚Ėą‚Ėą‚Ėą‚Ėć    | 43/80 [01:03<00:48,  1.31s/it][A

Table-wired Predict:  55%|‚Ėą‚Ėą‚Ėą‚Ėą‚Ėą‚ĖĆ    | 44/80 [01:04<00:44,  1.25s/it][A

Table-wired Predict:  56%|‚Ėą‚Ėą‚Ėą‚Ėą‚Ėą‚Ėč    | 45/80 [01:05<00:40,  1.17s/it][A

Table-wired Predict:  57%|‚Ėą‚Ėą‚Ėą‚Ėą‚Ėą‚Ėä    | 46/80 [01:06<00:31,  1.10it/s][A

Table-wired Predict:  59%|‚Ėą‚Ėą‚Ėą‚Ėą‚Ėą‚ĖČ    | 47/80 [01:06<00:23,  1.38it/s][A

Table-wired Predict:  60%|‚Ėą‚Ėą‚Ėą‚Ėą‚Ėą‚Ėą    | 48/80 [01:09<00:41,  1.29s/it][A

Table-wired Predict:  61%|‚Ėą‚Ėą‚Ėą‚Ėą‚Ėą‚Ėą‚ĖŹ   | 49/80 [01:11<00:51,  1.65s/it][A

Table-wired Predict:  62%|‚Ėą‚Ėą‚Ėą‚Ėą‚Ėą‚Ėą‚Ėé   | 50/80 [01:12<00:41,  1.40s/it][A

Table-wired Predict:  64%|‚Ėą‚Ėą‚Ėą‚Ėą‚Ėą‚Ėą‚Ėć   | 51/80 [01:13<00:42,  1.45s/it][A

Table-wired Predict:  65%|‚Ėą‚Ėą‚Ėą‚Ėą‚Ėą‚Ėą‚ĖĆ   | 52/80 [01:15<00:40,  1.44s/it][A

Table-wired Predict:  66%|‚Ėą‚Ėą‚Ėą‚Ėą‚Ėą‚Ėą‚Ėč   | 53/80 [01:17<00:41,  1.55s/it][A

Table-wired Predict:  68%|‚Ėą‚Ėą‚Ėą‚Ėą‚Ėą‚Ėą‚Ėä   | 54/80 [01:19<00:46,  1.81s/it][A

Table-wired Predict:  69%|‚Ėą‚Ėą‚Ėą‚Ėą‚Ėą‚Ėą‚ĖČ   | 55/80 [01:20<00:35,  1.41s/it][A

Table-wired Predict:  70%|‚Ėą‚Ėą‚Ėą‚Ėą‚Ėą‚Ėą‚Ėą   | 56/80 [01:22<00:40,  1.68s/it][A

Table-wired Predict:  71%|‚Ėą‚Ėą‚Ėą‚Ėą‚Ėą‚Ėą‚Ėą‚ĖŹ  | 57/80 [01:24<00:40,  1.75s/it][A

Table-wired Predict:  72%|‚Ėą‚Ėą‚Ėą‚Ėą‚Ėą‚Ėą‚Ėą‚Ėé  | 58/80 [01:24<00:30,  1.37s/it][A

Table-wired Predict:  74%|‚Ėą‚Ėą‚Ėą‚Ėą‚Ėą‚Ėą‚Ėą‚Ėć  | 59/80 [01:25<00:22,  1.08s/it][A

Table-wired Predict:  75%|‚Ėą‚Ėą‚Ėą‚Ėą‚Ėą‚Ėą‚Ėą‚ĖĆ  | 60/80 [01:27<00:27,  1.39s/it][A

Table-wired Predict:  76%|‚Ėą‚Ėą‚Ėą‚Ėą‚Ėą‚Ėą‚Ėą‚Ėč  | 61/80 [01:29<00:32,  1.69s/it][A

Table-wired Predict:  78%|‚Ėą‚Ėą‚Ėą‚Ėą‚Ėą‚Ėą‚Ėą‚Ėä  | 62/80 [01:30<00:28,  1.57s/it][A

Table-wired Predict:  79%|‚Ėą‚Ėą‚Ėą‚Ėą‚Ėą‚Ėą‚Ėą‚ĖČ  | 63/80 [01:31<00:22,  1.34s/it][A

Table-wired Predict:  80%|‚Ėą‚Ėą‚Ėą‚Ėą‚Ėą‚Ėą‚Ėą‚Ėą  | 64/80 [01:34<00:27,  1.69s/it][A

Table-wired Predict:  81%|‚Ėą‚Ėą‚Ėą‚Ėą‚Ėą‚Ėą‚Ėą‚Ėą‚ĖŹ | 65/80 [01:36<00:29,  1.96s/it][A

Table-wired Predict:  82%|‚Ėą‚Ėą‚Ėą‚Ėą‚Ėą‚Ėą‚Ėą‚Ėą‚Ėé | 66/80 [01:37<00:22,  1.58s/it][A

Table-wired Predict:  84%|‚Ėą‚Ėą‚Ėą‚Ėą‚Ėą‚Ėą‚Ėą‚Ėą‚Ėć | 67/80 [01:39<00:22,  1.74s/it][A

Table-wired Predict:  85%|‚Ėą‚Ėą‚Ėą‚Ėą‚Ėą‚Ėą‚Ėą‚Ėą‚ĖĆ | 68/80 [01:40<00:18,  1.55s/it][A

Table-wired Predict:  86%|‚Ėą‚Ėą‚Ėą‚Ėą‚Ėą‚Ėą‚Ėą‚Ėą‚Ėč | 69/80 [01:42<00:18,  1.66s/it][A

Table-wired Predict:  88%|‚Ėą‚Ėą‚Ėą‚Ėą‚Ėą‚Ėą‚Ėą‚Ėą‚Ėä | 70/80 [01:44<00:17,  1.75s/it][A

Table-wired Predict:  89%|‚Ėą‚Ėą‚Ėą‚Ėą‚Ėą‚Ėą‚Ėą‚Ėą‚ĖČ | 71/80 [01:45<00:14,  1.59s/it][A

Table-wired Predict:  90%|‚Ėą‚Ėą‚Ėą‚Ėą‚Ėą‚Ėą‚Ėą‚Ėą‚Ėą | 72/80 [01:46<00:09,  1.24s/it][A

Table-wired Predict:  91%|‚Ėą‚Ėą‚Ėą‚Ėą‚Ėą‚Ėą‚Ėą‚Ėą‚Ėą‚ĖŹ| 73/80 [01:48<00:11,  1.61s/it][A

Table-wired Predict:  92%|‚Ėą‚Ėą‚Ėą‚Ėą‚Ėą‚Ėą‚Ėą‚Ėą‚Ėą‚Ėé| 74/80 [01:49<00:08,  1.43s/it][A

Table-wired Predict:  94%|‚Ėą‚Ėą‚Ėą‚Ėą‚Ėą‚Ėą‚Ėą‚Ėą‚Ėą‚Ėć| 75/80 [01:52<00:08,  1.75s/it][A

Table-wired Predict:  95%|‚Ėą‚Ėą‚Ėą‚Ėą‚Ėą‚Ėą‚Ėą‚Ėą‚Ėą‚ĖĆ| 76/80 [01:54<00:07,  1.92s/it][A

Table-wired Predict:  96%|‚Ėą‚Ėą‚Ėą‚Ėą‚Ėą‚Ėą‚Ėą‚Ėą‚Ėą‚Ėč| 77/80 [01:56<00:06,  2.03s/it][A

Table-wired Predict:  98%|‚Ėą‚Ėą‚Ėą‚Ėą‚Ėą‚Ėą‚Ėą‚Ėą‚Ėą‚Ėä| 78/80 [01:58<00:03,  1.96s/it][A

Table-wired Predict:  99%|‚Ėą‚Ėą‚Ėą‚Ėą‚Ėą‚Ėą‚Ėą‚Ėą‚Ėą‚ĖČ| 79/80 [01:59<00:01,  1.55s/it][A

Table-wired Predict: 100%|‚Ėą‚Ėą‚Ėą‚Ėą‚Ėą‚Ėą‚Ėą‚Ėą‚Ėą‚Ėą| 80/80 [02:00<00:00,  1.35s/it][A
Table-wired Predict: 100%|‚Ėą‚Ėą‚Ėą‚Ėą‚Ėą‚Ėą‚Ėą‚Ėą‚Ėą‚Ėą| 80/80 [02:00<00:00,  1.50s/it]


OCR-det ch:   0%|          | 0/368 [00:00<?, ?it/s][A

OCR-det ch:  17%|‚Ėą‚Ėč        | 64/368 [00:01<00:08, 33.89it/s][A

OCR-det ch:  29%|‚Ėą‚Ėą‚Ėä       | 105/368 [00:02<00:04, 58.37it/s][A

OCR-det ch:  40%|‚Ėą‚Ėą‚Ėą‚Ėą      | 148/368 [00:02<00:02, 83.84it/s][A

OCR-det ch:  51%|‚Ėą‚Ėą‚Ėą‚Ėą‚Ėą     | 188/368 [00:02<00:01, 113.23it/s][A

OCR-det ch:  58%|‚Ėą‚Ėą‚Ėą‚Ėą‚Ėą‚Ėä    | 214/368 [00:02<00:01, 118.31it/s][A

OCR-det ch:  64%|‚Ėą‚Ėą‚Ėą‚Ėą‚Ėą‚Ėą‚Ėć   | 236/368 [00:02<00:01, 102.74it/s][A

OCR-det ch:  69%|‚Ėą‚Ėą‚Ėą‚Ėą‚Ėą‚Ėą‚ĖČ   | 253/368 [00:03<00:01, 99.91it/s] [A

OCR-det ch:  75%|‚Ėą‚Ėą‚Ėą‚Ėą‚Ėą‚Ėą‚Ėą‚Ėć  | 275/368 [00:03<00:00, 103.70it/s][A

OCR-det ch:  79%|‚Ėą‚Ėą‚Ėą‚Ėą‚Ėą‚Ėą‚Ėą‚ĖČ  | 290/368 [00:03<00:00, 104.83it/s][A

OCR-det ch:  88%|‚Ėą‚Ėą‚Ėą‚Ėą‚Ėą‚Ėą‚Ėą‚Ėą‚Ėä | 325/368 [00:03<00:00, 129.30it/s][A

OCR-det ch:  92%|‚Ėą‚Ėą‚Ėą‚Ėą‚Ėą‚Ėą‚Ėą‚Ėą‚Ėą‚ĖŹ| 340/368 [00:03<00:00, 106.25it/s][A

OCR-det ch:  96%|‚Ėą‚Ėą‚Ėą‚Ėą‚Ėą‚Ėą‚Ėą‚Ėą‚Ėą‚ĖĆ| 353/368 [00:04<00:00, 78.13it/s] [A

OCR-det ch:  99%|‚Ėą‚Ėą‚Ėą‚Ėą‚Ėą‚Ėą‚Ėą‚Ėą‚Ėą‚ĖČ| 364/368 [00:04<00:00, 61.23it/s][A
OCR-det ch: 100%|‚Ėą‚Ėą‚Ėą‚Ėą‚Ėą‚Ėą‚Ėą‚Ėą‚Ėą‚Ėą| 368/368 [00:04<00:00, 78.13it/s]


Seal Predict: 0it [00:00, ?it/s][A
Seal Predict: 0it [00:00, ?it/s]

Processing pages:  42%|‚Ėą‚Ėą‚Ėą‚Ėą‚ĖŹ     | 130/311 [00:08<00:11, 15.32it/s]
Processing pages:  42%|‚Ėą‚Ėą‚Ėą‚Ėą‚ĖŹ     | 132/311 [00:08<00:12, 14.36it/s]
Processing pages:  43%|‚Ėą‚Ėą‚Ėą‚Ėą‚Ėé     | 134/311 [00:08<00:12, 13.68it/s]
Processing pages:  44%|‚Ėą‚Ėą‚Ėą‚Ėą‚Ėé     | 136/311 [00:08<00:12, 13.49it/s]
Processing pages:  44%|‚Ėą‚Ėą‚Ėą‚Ėą‚Ėć     | 138/311 [00:08<00:12, 13.47it/s]
Processing pages:  45%|‚Ėą‚Ėą‚Ėą‚Ėą‚ĖĆ     | 140/311 [00:09<00:12, 13.62it/s]
Processing pages:  46%|‚Ėą‚Ėą‚Ėą‚Ėą‚ĖĆ     | 142/311 [00:09<00:11, 14.36it/s]
Processing pages:  46%|‚Ėą‚Ėą‚Ėą‚Ėą‚Ėč     | 144/311 [00:09<00:11, 15.01it/s]
Processing pages:  47%|‚Ėą‚Ėą‚Ėą‚Ėą‚Ėč     | 146/311 [00:09<00:10, 15.23it/s]
Processing pages:  48%|‚Ėą‚Ėą‚Ėą‚Ėą‚Ėä     | 149/311 [00:09<00:10, 16.18it/s]
Processing pages:  49%|‚Ėą‚Ėą‚Ėą‚Ėą‚Ėä     | 151/311 [00:09<00:09, 16.10it/s]
Processing pages:  49%|‚Ėą‚Ėą‚Ėą‚Ėą‚ĖČ     | 153/311 [00:09<00:10, 15.74it/s]
Processing pages:  50%|‚Ėą‚Ėą‚Ėą‚Ėą‚ĖČ     | 155/311 [00:10<00:10, 15.36it/s]
Processing pages:  50%|‚Ėą‚Ėą‚Ėą‚Ėą‚Ėą     | 157/311 [00:10<00:10, 15.19it/s]
Processing pages:  51%|‚Ėą‚Ėą‚Ėą‚Ėą‚Ėą     | 159/311 [00:10<00:09, 15.31it/s]
Processing pages:  52%|‚Ėą‚Ėą‚Ėą‚Ėą‚Ėą‚ĖŹ    | 161/311 [00:10<00:09, 15.81it/s]
Processing pages:  52%|‚Ėą‚Ėą‚Ėą‚Ėą‚Ėą‚ĖŹ    | 163/311 [00:10<00:09, 16.09it/s]
Processing pages:  53%|‚Ėą‚Ėą‚Ėą‚Ėą‚Ėą‚Ėé    | 165/311 [00:10<00:08, 16.76it/s]
Processing pages:  54%|‚Ėą‚Ėą‚Ėą‚Ėą‚Ėą‚Ėé    | 167/311 [00:10<00:08, 16.53it/s]
Processing pages:  54%|‚Ėą‚Ėą‚Ėą‚Ėą‚Ėą‚Ėć    | 169/311 [00:10<00:08, 16.02it/s]
Processing pages:  55%|‚Ėą‚Ėą‚Ėą‚Ėą‚Ėą‚Ėć    | 171/311 [00:11<00:08, 15.81it/s]
Processing pages:  56%|‚Ėą‚Ėą‚Ėą‚Ėą‚Ėą‚ĖĆ    | 173/311 [00:11<00:08, 15.89it/s]
Processing pages:  56%|‚Ėą‚Ėą‚Ėą‚Ėą‚Ėą‚Ėč    | 175/311 [00:11<00:09, 14.69it/s]
Processing pages:  57%|‚Ėą‚Ėą‚Ėą‚Ėą‚Ėą‚Ėč    | 177/311 [00:11<00:13,  9.73it/s]
Processing pages:  58%|‚Ėą‚Ėą‚Ėą‚Ėą‚Ėą‚Ėä    | 179/311 [00:11<00:12, 11.00it/s]
Processing pages:  58%|‚Ėą‚Ėą‚Ėą‚Ėą‚Ėą‚Ėä    | 181/311 [00:11<00:10, 12.12it/s]
Processing pages:  59%|‚Ėą‚Ėą‚Ėą‚Ėą‚Ėą‚ĖČ    | 183/311 [00:12<00:09, 13.60it/s]
Processing pages:  59%|‚Ėą‚Ėą‚Ėą‚Ėą‚Ėą‚ĖČ    | 185/311 [00:12<00:08, 14.51it/s]
Processing pages:  60%|‚Ėą‚Ėą‚Ėą‚Ėą‚Ėą‚Ėą    | 187/311 [00:12<00:08, 14.83it/s]
Processing pages:  61%|‚Ėą‚Ėą‚Ėą‚Ėą‚Ėą‚Ėą    | 189/311 [00:12<00:08, 15.14it/s]
Processing pages:  61%|‚Ėą‚Ėą‚Ėą‚Ėą‚Ėą‚Ėą‚ĖŹ   | 191/311 [00:12<00:07, 15.36it/s]2026-06-20 17:14:11.418 | INFO     | mineru.backend.pipeline.pipeline_analyze:doc_analyze_streaming:264 - Pipeline processing window batch 4/5: 256/311 pages, batch_pages=64, doc_slices=doc0:193-256
2026-06-20 17:14:11.419 | INFO     | mineru.backend.pipeline.pipeline_analyze:batch_image_analyze:364 - GPU Memory: 24 GB, Batch Ratio: 8. 


Layout Predict:   0%|          | 0/64 [00:00<?, ?it/s][A

Layout Predict:  12%|‚Ėą‚Ėé        | 8/64 [00:00<00:02, 25.71it/s][A

Layout Predict:  25%|‚Ėą‚Ėą‚ĖĆ       | 16/64 [00:00<00:01, 25.80it/s][A

Layout Predict:  38%|‚Ėą‚Ėą‚Ėą‚Ėä      | 24/64 [00:00<00:01, 26.02it/s][A

Layout Predict:  50%|‚Ėą‚Ėą‚Ėą‚Ėą‚Ėą     | 32/64 [00:01<00:01, 26.04it/s][A

Layout Predict:  62%|‚Ėą‚Ėą‚Ėą‚Ėą‚Ėą‚Ėą‚Ėé   | 40/64 [00:01<00:00, 24.09it/s][A

Layout Predict:  75%|‚Ėą‚Ėą‚Ėą‚Ėą‚Ėą‚Ėą‚Ėą‚ĖĆ  | 48/64 [00:01<00:00, 22.98it/s][A

Layout Predict:  88%|‚Ėą‚Ėą‚Ėą‚Ėą‚Ėą‚Ėą‚Ėą‚Ėą‚Ėä | 56/64 [00:02<00:00, 22.28it/s][A

Layout Predict: 100%|‚Ėą‚Ėą‚Ėą‚Ėą‚Ėą‚Ėą‚Ėą‚Ėą‚Ėą‚Ėą| 64/64 [00:02<00:00, 22.45it/s][A
Layout Predict: 100%|‚Ėą‚Ėą‚Ėą‚Ėą‚Ėą‚Ėą‚Ėą‚Ėą‚Ėą‚Ėą| 64/64 [00:02<00:00, 23.53it/s]


Table orientation det:   0%|          | 0/3 [00:00<?, ?it/s][A

Table orientation det:  67%|‚Ėą‚Ėą‚Ėą‚Ėą‚Ėą‚Ėą‚Ėč   | 2/3 [00:00<00:00, 13.20it/s][A

Table orientation score: 100%|‚Ėą‚Ėą‚Ėą‚Ėą‚Ėą‚Ėą‚Ėą‚Ėą‚Ėą‚Ėą| 3/3 [00:00<00:00, 13.20it/s][A

Table orientation score: 100%|‚Ėą‚Ėą‚Ėą‚Ėą‚Ėą‚Ėą‚Ėą‚Ėą‚Ėą‚Ėą| 3/3 [00:00<00:00, 13.20it/s][A

Table orientation: 100%|‚Ėą‚Ėą‚Ėą‚Ėą‚Ėą‚Ėą‚Ėą‚Ėą‚Ėą‚Ėą| 3/3 [00:00<00:00, 13.20it/s]      [A

Table orientation: 100%|‚Ėą‚Ėą‚Ėą‚Ėą‚Ėą‚Ėą‚Ėą‚Ėą‚Ėą‚Ėą| 3/3 [00:00<00:00, 13.20it/s][A
Table orientation: 100%|‚Ėą‚Ėą‚Ėą‚Ėą‚Ėą‚Ėą‚Ėą‚Ėą‚Ėą‚Ėą| 3/3 [00:00<00:00, 15.75it/s]


Table-ocr det:   0%|          | 0/3 [00:00<?, ?it/s][A

Table-ocr det:  67%|‚Ėą‚Ėą‚Ėą‚Ėą‚Ėą‚Ėą‚Ėč   | 2/3 [00:00<00:00,  2.33it/s][A

Table-ocr det: 100%|‚Ėą‚Ėą‚Ėą‚Ėą‚Ėą‚Ėą‚Ėą‚Ėą‚Ėą‚Ėą| 3/3 [00:01<00:00,  2.97it/s][A
Table-ocr det: 100%|‚Ėą‚Ėą‚Ėą‚Ėą‚Ėą‚Ėą‚Ėą‚Ėą‚Ėą‚Ėą| 3/3 [00:01<00:00,  2.81it/s]


Table-ocr rec ch:   0%|          | 0/462 [00:00<?, ?it/s][A

Table-ocr rec ch:   3%|‚Ėé         | 12/462 [00:00<00:07, 63.46it/s][A

Table-ocr rec ch:   5%|‚ĖĆ         | 24/462 [00:00<00:05, 84.29it/s][A

Table-ocr rec ch:   8%|‚Ėä         | 36/462 [00:00<00:05, 73.37it/s][A

Table-ocr rec ch:  10%|‚Ėą         | 48/462 [00:00<00:06, 68.82it/s][A

Table-ocr rec ch:  13%|‚Ėą‚Ėé        | 60/462 [00:00<00:05, 78.89it/s][A

Table-ocr rec ch:  16%|‚Ėą‚ĖĆ        | 72/462 [00:00<00:04, 86.98it/s][A

Table-ocr rec ch:  18%|‚Ėą‚Ėä        | 84/462 [00:01<00:03, 95.15it/s][A

Table-ocr rec ch:  30%|‚Ėą‚Ėą‚ĖČ       | 138/462 [00:01<00:01, 212.17it/s][A

Table-ocr rec ch:  43%|‚Ėą‚Ėą‚Ėą‚Ėą‚Ėé     | 198/462 [00:01<00:00, 313.95it/s][A

Table-ocr rec ch:  56%|‚Ėą‚Ėą‚Ėą‚Ėą‚Ėą‚ĖĆ    | 258/462 [00:01<00:00, 387.58it/s][A

Table-ocr rec ch:  69%|‚Ėą‚Ėą‚Ėą‚Ėą‚Ėą‚Ėą‚ĖČ   | 318/462 [00:01<00:00, 438.83it/s][A

Table-ocr rec ch:  82%|‚Ėą‚Ėą‚Ėą‚Ėą‚Ėą‚Ėą‚Ėą‚Ėą‚ĖŹ | 378/462 [00:01<00:00, 471.22it/s][A

Table-ocr rec ch:  94%|‚Ėą‚Ėą‚Ėą‚Ėą‚Ėą‚Ėą‚Ėą‚Ėą‚Ėą‚Ėé| 432/462 [00:01<00:00, 490.10it/s][A
Table-ocr rec ch: 100%|‚Ėą‚Ėą‚Ėą‚Ėą‚Ėą‚Ėą‚Ėą‚Ėą‚Ėą‚Ėą| 462/462 [00:01<00:00, 272.31it/s]


Table-wireless Predict:   0%|          | 0/3 [00:00<?, ?it/s][A

Table-wireless Predict: 100%|‚Ėą‚Ėą‚Ėą‚Ėą‚Ėą‚Ėą‚Ėą‚Ėą‚Ėą‚Ėą| 3/3 [00:00<00:00,  3.01it/s][A
Table-wireless Predict: 100%|‚Ėą‚Ėą‚Ėą‚Ėą‚Ėą‚Ėą‚Ėą‚Ėą‚Ėą‚Ėą| 3/3 [00:00<00:00,  3.01it/s]


Table-wired Predict:   0%|          | 0/3 [00:00<?, ?it/s][A

Table-wired Predict:  33%|‚Ėą‚Ėą‚Ėą‚Ėé      | 1/3 [00:05<00:11,  5.69s/it][A
Processing pages:  62%|‚Ėą‚Ėą‚Ėą‚Ėą‚Ėą‚Ėą‚ĖŹ   | 192/311 [00:30<00:07, 15.36it/s]

Table-wired Predict:  67%|‚Ėą‚Ėą‚Ėą‚Ėą‚Ėą‚Ėą‚Ėč   | 2/3 [00:08<00:03,  3.95s/it][A

Table-wired Predict: 100%|‚Ėą‚Ėą‚Ėą‚Ėą‚Ėą‚Ėą‚Ėą‚Ėą‚Ėą‚Ėą| 3/3 [00:10<00:00,  2.91s/it][A
Table-wired Predict: 100%|‚Ėą‚Ėą‚Ėą‚Ėą‚Ėą‚Ėą‚Ėą‚Ėą‚Ėą‚Ėą| 3/3 [00:10<00:00,  3.36s/it]


OCR-det ch:   0%|          | 0/814 [00:00<?, ?it/s][A

OCR-det ch:   1%|          | 5/814 [00:03<08:25,  1.60it/s][A

OCR-det ch:  10%|‚ĖČ         | 80/814 [00:03<00:21, 33.52it/s][A

OCR-det ch:  18%|‚Ėą‚Ėä        | 148/814 [00:03<00:09, 66.76it/s][A

OCR-det ch:  26%|‚Ėą‚Ėą‚ĖĆ       | 212/814 [00:03<00:05, 105.97it/s][A

OCR-det ch:  37%|‚Ėą‚Ėą‚Ėą‚Ėč      | 299/814 [00:03<00:03, 143.06it/s][A

OCR-det ch:  45%|‚Ėą‚Ėą‚Ėą‚Ėą‚Ėć     | 363/814 [00:04<00:02, 178.05it/s][A

OCR-det ch:  49%|‚Ėą‚Ėą‚Ėą‚Ėą‚ĖČ     | 401/814 [00:04<00:02, 190.78it/s][A

OCR-det ch:  55%|‚Ėą‚Ėą‚Ėą‚Ėą‚Ėą‚Ėć    | 447/814 [00:04<00:02, 171.88it/s][A

OCR-det ch:  64%|‚Ėą‚Ėą‚Ėą‚Ėą‚Ėą‚Ėą‚Ėć   | 524/814 [00:05<00:01, 155.98it/s][A

OCR-det ch:  72%|‚Ėą‚Ėą‚Ėą‚Ėą‚Ėą‚Ėą‚Ėą‚ĖŹ  | 589/814 [00:05<00:01, 162.58it/s][A

OCR-det ch:  77%|‚Ėą‚Ėą‚Ėą‚Ėą‚Ėą‚Ėą‚Ėą‚Ėč  | 628/814 [00:05<00:01, 167.17it/s][A

OCR-det ch:  80%|‚Ėą‚Ėą‚Ėą‚Ėą‚Ėą‚Ėą‚Ėą‚ĖČ  | 649/814 [00:06<00:01, 136.11it/s][A

OCR-det ch:  82%|‚Ėą‚Ėą‚Ėą‚Ėą‚Ėą‚Ėą‚Ėą‚Ėą‚ĖŹ | 670/814 [00:06<00:01, 122.16it/s][A

OCR-det ch:  85%|‚Ėą‚Ėą‚Ėą‚Ėą‚Ėą‚Ėą‚Ėą‚Ėą‚Ėć | 691/814 [00:06<00:00, 126.25it/s][A

OCR-det ch:  87%|‚Ėą‚Ėą‚Ėą‚Ėą‚Ėą‚Ėą‚Ėą‚Ėą‚Ėč | 707/814 [00:06<00:00, 120.87it/s][A

OCR-det ch:  89%|‚Ėą‚Ėą‚Ėą‚Ėą‚Ėą‚Ėą‚Ėą‚Ėą‚Ėä | 721/814 [00:06<00:00, 109.94it/s][A

OCR-det ch:  90%|‚Ėą‚Ėą‚Ėą‚Ėą‚Ėą‚Ėą‚Ėą‚Ėą‚Ėą | 735/814 [00:06<00:00, 109.50it/s][A

OCR-det ch:  92%|‚Ėą‚Ėą‚Ėą‚Ėą‚Ėą‚Ėą‚Ėą‚Ėą‚Ėą‚ĖŹ| 751/814 [00:07<00:00, 100.40it/s][A

OCR-det ch:  94%|‚Ėą‚Ėą‚Ėą‚Ėą‚Ėą‚Ėą‚Ėą‚Ėą‚Ėą‚Ėé| 763/814 [00:07<00:00, 98.61it/s] [A

OCR-det ch:  96%|‚Ėą‚Ėą‚Ėą‚Ėą‚Ėą‚Ėą‚Ėą‚Ėą‚Ėą‚ĖĆ| 781/814 [00:07<00:00, 111.24it/s][A

OCR-det ch:  98%|‚Ėą‚Ėą‚Ėą‚Ėą‚Ėą‚Ėą‚Ėą‚Ėą‚Ėą‚Ėä| 795/814 [00:07<00:00, 111.89it/s][A

OCR-det ch:  99%|‚Ėą‚Ėą‚Ėą‚Ėą‚Ėą‚Ėą‚Ėą‚Ėą‚Ėą‚ĖČ| 807/814 [00:07<00:00, 91.64it/s] [A
OCR-det ch: 100%|‚Ėą‚Ėą‚Ėą‚Ėą‚Ėą‚Ėą‚Ėą‚Ėą‚Ėą‚Ėą| 814/814 [00:07<00:00, 102.41it/s]


Seal Predict: 0it [00:00, ?it/s][A
Seal Predict: 0it [00:00, ?it/s]

Processing pages:  62%|‚Ėą‚Ėą‚Ėą‚Ėą‚Ėą‚Ėą‚ĖŹ   | 194/311 [00:12<00:08, 13.91it/s]
Processing pages:  63%|‚Ėą‚Ėą‚Ėą‚Ėą‚Ėą‚Ėą‚Ėé   | 196/311 [00:12<00:07, 14.62it/s]
Processing pages:  64%|‚Ėą‚Ėą‚Ėą‚Ėą‚Ėą‚Ėą‚Ėé   | 198/311 [00:13<00:07, 15.16it/s]
Processing pages:  64%|‚Ėą‚Ėą‚Ėą‚Ėą‚Ėą‚Ėą‚Ėć   | 200/311 [00:13<00:07, 15.27it/s]
Processing pages:  65%|‚Ėą‚Ėą‚Ėą‚Ėą‚Ėą‚Ėą‚Ėć   | 202/311 [00:13<00:07, 15.03it/s]
Processing pages:  66%|‚Ėą‚Ėą‚Ėą‚Ėą‚Ėą‚Ėą‚ĖĆ   | 204/311 [00:13<00:06, 16.12it/s]
Processing pages:  67%|‚Ėą‚Ėą‚Ėą‚Ėą‚Ėą‚Ėą‚Ėč   | 207/311 [00:13<00:06, 16.85it/s]
Processing pages:  67%|‚Ėą‚Ėą‚Ėą‚Ėą‚Ėą‚Ėą‚Ėč   | 209/311 [00:13<00:06, 16.89it/s]
Processing pages:  68%|‚Ėą‚Ėą‚Ėą‚Ėą‚Ėą‚Ėą‚Ėä   | 211/311 [00:13<00:05, 17.33it/s]
Processing pages:  68%|‚Ėą‚Ėą‚Ėą‚Ėą‚Ėą‚Ėą‚Ėä   | 213/311 [00:13<00:05, 17.79it/s]
Processing pages:  69%|‚Ėą‚Ėą‚Ėą‚Ėą‚Ėą‚Ėą‚ĖČ   | 215/311 [00:14<00:05, 17.74it/s]
Processing pages:  70%|‚Ėą‚Ėą‚Ėą‚Ėą‚Ėą‚Ėą‚ĖČ   | 217/311 [00:14<00:05, 17.79it/s]
Processing pages:  70%|‚Ėą‚Ėą‚Ėą‚Ėą‚Ėą‚Ėą‚Ėą   | 219/311 [00:14<00:05, 17.85it/s]
Processing pages:  71%|‚Ėą‚Ėą‚Ėą‚Ėą‚Ėą‚Ėą‚Ėą   | 221/311 [00:14<00:04, 18.02it/s]
Processing pages:  72%|‚Ėą‚Ėą‚Ėą‚Ėą‚Ėą‚Ėą‚Ėą‚ĖŹ  | 223/311 [00:14<00:04, 18.15it/s]
Processing pages:  72%|‚Ėą‚Ėą‚Ėą‚Ėą‚Ėą‚Ėą‚Ėą‚ĖŹ  | 225/311 [00:14<00:04, 18.08it/s]
Processing pages:  73%|‚Ėą‚Ėą‚Ėą‚Ėą‚Ėą‚Ėą‚Ėą‚Ėé  | 227/311 [00:14<00:04, 18.46it/s]
Processing pages:  74%|‚Ėą‚Ėą‚Ėą‚Ėą‚Ėą‚Ėą‚Ėą‚Ėé  | 229/311 [00:14<00:04, 18.65it/s]
Processing pages:  74%|‚Ėą‚Ėą‚Ėą‚Ėą‚Ėą‚Ėą‚Ėą‚Ėć  | 231/311 [00:14<00:04, 18.61it/s]
Processing pages:  75%|‚Ėą‚Ėą‚Ėą‚Ėą‚Ėą‚Ėą‚Ėą‚Ėć  | 233/311 [00:14<00:04, 18.48it/s]
Processing pages:  76%|‚Ėą‚Ėą‚Ėą‚Ėą‚Ėą‚Ėą‚Ėą‚ĖĆ  | 235/311 [00:15<00:04, 18.36it/s]
Processing pages:  76%|‚Ėą‚Ėą‚Ėą‚Ėą‚Ėą‚Ėą‚Ėą‚ĖĆ  | 237/311 [00:15<00:04, 18.31it/s]
Processing pages:  77%|‚Ėą‚Ėą‚Ėą‚Ėą‚Ėą‚Ėą‚Ėą‚Ėč  | 239/311 [00:15<00:03, 18.26it/s]
Processing pages:  77%|‚Ėą‚Ėą‚Ėą‚Ėą‚Ėą‚Ėą‚Ėą‚Ėč  | 241/311 [00:15<00:03, 18.13it/s]
Processing pages:  78%|‚Ėą‚Ėą‚Ėą‚Ėą‚Ėą‚Ėą‚Ėą‚Ėä  | 243/311 [00:15<00:03, 18.17it/s]
Processing pages:  79%|‚Ėą‚Ėą‚Ėą‚Ėą‚Ėą‚Ėą‚Ėą‚ĖČ  | 245/311 [00:15<00:03, 18.19it/s]
Processing pages:  79%|‚Ėą‚Ėą‚Ėą‚Ėą‚Ėą‚Ėą‚Ėą‚ĖČ  | 247/311 [00:15<00:03, 18.48it/s]
Processing pages:  80%|‚Ėą‚Ėą‚Ėą‚Ėą‚Ėą‚Ėą‚Ėą‚Ėą  | 249/311 [00:15<00:03, 18.55it/s]
Processing pages:  81%|‚Ėą‚Ėą‚Ėą‚Ėą‚Ėą‚Ėą‚Ėą‚Ėą  | 251/311 [00:15<00:03, 18.53it/s]
Processing pages:  81%|‚Ėą‚Ėą‚Ėą‚Ėą‚Ėą‚Ėą‚Ėą‚Ėą‚ĖŹ | 253/311 [00:16<00:03, 18.90it/s]
Processing pages:  82%|‚Ėą‚Ėą‚Ėą‚Ėą‚Ėą‚Ėą‚Ėą‚Ėą‚ĖŹ | 256/311 [00:16<00:02, 19.64it/s]2026-06-20 17:14:48.431 | INFO     | mineru.backend.pipeline.pipeline_analyze:doc_analyze_streaming:264 - Pipeline processing window batch 5/5: 311/311 pages, batch_pages=55, doc_slices=doc0:257-311
2026-06-20 17:14:48.432 | INFO     | mineru.backend.pipeline.pipeline_analyze:batch_image_analyze:364 - GPU Memory: 24 GB, Batch Ratio: 8. 


Layout Predict:   0%|          | 0/55 [00:00<?, ?it/s][A

Layout Predict:  15%|‚Ėą‚Ėć        | 8/55 [00:00<00:02, 22.31it/s][A

Layout Predict:  29%|‚Ėą‚Ėą‚ĖČ       | 16/55 [00:00<00:01, 25.16it/s][A

Layout Predict:  44%|‚Ėą‚Ėą‚Ėą‚Ėą‚Ėé     | 24/55 [00:00<00:01, 25.69it/s][A

Layout Predict:  58%|‚Ėą‚Ėą‚Ėą‚Ėą‚Ėą‚Ėä    | 32/55 [00:01<00:00, 25.64it/s][A

Layout Predict:  73%|‚Ėą‚Ėą‚Ėą‚Ėą‚Ėą‚Ėą‚Ėą‚Ėé  | 40/55 [00:01<00:00, 26.30it/s][A

Layout Predict:  87%|‚Ėą‚Ėą‚Ėą‚Ėą‚Ėą‚Ėą‚Ėą‚Ėą‚Ėč | 48/55 [00:01<00:00, 24.44it/s][A

Layout Predict: 100%|‚Ėą‚Ėą‚Ėą‚Ėą‚Ėą‚Ėą‚Ėą‚Ėą‚Ėą‚Ėą| 55/55 [00:02<00:00, 23.87it/s][A
Layout Predict: 100%|‚Ėą‚Ėą‚Ėą‚Ėą‚Ėą‚Ėą‚Ėą‚Ėą‚Ėą‚Ėą| 55/55 [00:02<00:00, 24.59it/s]


Table orientation det:   0%|          | 0/6 [00:00<?, ?it/s][A

Table orientation det:  33%|‚Ėą‚Ėą‚Ėą‚Ėé      | 2/6 [00:00<00:00, 12.81it/s][A

Table orientation det:  83%|‚Ėą‚Ėą‚Ėą‚Ėą‚Ėą‚Ėą‚Ėą‚Ėą‚Ėé | 5/6 [00:00<00:00, 19.24it/s][A

Table orientation det:  86%|‚Ėą‚Ėą‚Ėą‚Ėą‚Ėą‚Ėą‚Ėą‚Ėą‚ĖĆ | 6/7 [00:00<00:00, 19.24it/s][A

Table orientation score:  86%|‚Ėą‚Ėą‚Ėą‚Ėą‚Ėą‚Ėą‚Ėą‚Ėą‚ĖĆ | 6/7 [00:00<00:00, 19.24it/s][A

Table orientation score:  86%|‚Ėą‚Ėą‚Ėą‚Ėą‚Ėą‚Ėą‚Ėą‚Ėą‚ĖĆ | 6/7 [00:00<00:00, 19.24it/s][A

Table orientation score:  11%|‚Ėą‚ĖŹ        | 7/61 [00:00<00:02, 19.24it/s][A

Table orientation rec:  11%|‚Ėą‚ĖŹ        | 7/61 [00:00<00:02, 19.24it/s]  [A

Table orientation rec:  11%|‚Ėą‚ĖŹ        | 7/61 [00:00<00:02, 19.24it/s][A

Table orientation rec:  21%|‚Ėą‚Ėą‚ĖŹ       | 13/61 [00:00<00:01, 36.62it/s][A

Table orientation: 100%|‚Ėą‚Ėą‚Ėą‚Ėą‚Ėą‚Ėą‚Ėą‚Ėą‚Ėą‚Ėą| 61/61 [00:00<00:00, 36.62it/s]    [A

Table orientation: 100%|‚Ėą‚Ėą‚Ėą‚Ėą‚Ėą‚Ėą‚Ėą‚Ėą‚Ėą‚Ėą| 61/61 [00:00<00:00, 36.62it/s][A
Table orientation: 100%|‚Ėą‚Ėą‚Ėą‚Ėą‚Ėą‚Ėą‚Ėą‚Ėą‚Ėą‚Ėą| 61/61 [00:00<00:00, 118.05it/s]


Table-ocr det:   0%|          | 0/6 [00:00<?, ?it/s][A

Table-ocr det:  17%|‚Ėą‚Ėč        | 1/6 [00:00<00:01,  2.92it/s][A

Table-ocr det:  33%|‚Ėą‚Ėą‚Ėą‚Ėé      | 2/6 [00:00<00:00,  4.98it/s][A

Table-ocr det:  50%|‚Ėą‚Ėą‚Ėą‚Ėą‚Ėą     | 3/6 [00:00<00:00,  6.28it/s][A

Table-ocr det:  67%|‚Ėą‚Ėą‚Ėą‚Ėą‚Ėą‚Ėą‚Ėč   | 4/6 [00:00<00:00,  5.66it/s][A

Table-ocr det: 100%|‚Ėą‚Ėą‚Ėą‚Ėą‚Ėą‚Ėą‚Ėą‚Ėą‚Ėą‚Ėą| 6/6 [00:01<00:00,  6.26it/s][A
Table-ocr det: 100%|‚Ėą‚Ėą‚Ėą‚Ėą‚Ėą‚Ėą‚Ėą‚Ėą‚Ėą‚Ėą| 6/6 [00:01<00:00,  5.73it/s]


Table-ocr rec ch:   0%|          | 0/170 [00:00<?, ?it/s][A

Table-ocr rec ch:   7%|‚Ėč         | 12/170 [00:00<00:02, 64.85it/s][A

Table-ocr rec ch:  14%|‚Ėą‚Ėć        | 24/170 [00:00<00:01, 84.98it/s][A

Table-ocr rec ch:  21%|‚Ėą‚Ėą        | 36/170 [00:00<00:01, 73.95it/s][A

Table-ocr rec ch:  28%|‚Ėą‚Ėą‚Ėä       | 48/170 [00:00<00:01, 85.10it/s][A

Table-ocr rec ch:  35%|‚Ėą‚Ėą‚Ėą‚ĖĆ      | 60/170 [00:00<00:01, 74.80it/s][A

Table-ocr rec ch:  42%|‚Ėą‚Ėą‚Ėą‚Ėą‚ĖŹ     | 72/170 [00:00<00:01, 70.20it/s][A

Table-ocr rec ch:  71%|‚Ėą‚Ėą‚Ėą‚Ėą‚Ėą‚Ėą‚Ėą   | 120/170 [00:01<00:00, 159.70it/s][A

Table-ocr rec ch:  95%|‚Ėą‚Ėą‚Ėą‚Ėą‚Ėą‚Ėą‚Ėą‚Ėą‚Ėą‚ĖĆ| 162/170 [00:01<00:00, 205.94it/s][A
Table-ocr rec ch: 100%|‚Ėą‚Ėą‚Ėą‚Ėą‚Ėą‚Ėą‚Ėą‚Ėą‚Ėą‚Ėą| 170/170 [00:01<00:00, 128.79it/s]


Table-wireless Predict:   0%|          | 0/6 [00:00<?, ?it/s][A

Table-wireless Predict:  67%|‚Ėą‚Ėą‚Ėą‚Ėą‚Ėą‚Ėą‚Ėč   | 4/6 [00:00<00:00,  5.95it/s][A

Table-wireless Predict: 100%|‚Ėą‚Ėą‚Ėą‚Ėą‚Ėą‚Ėą‚Ėą‚Ėą‚Ėą‚Ėą| 6/6 [00:01<00:00,  5.59it/s][A
Table-wireless Predict: 100%|‚Ėą‚Ėą‚Ėą‚Ėą‚Ėą‚Ėą‚Ėą‚Ėą‚Ėą‚Ėą| 6/6 [00:01<00:00,  5.65it/s]


Table-wired Predict:   0%|          | 0/6 [00:00<?, ?it/s][A
Processing pages:  82%|‚Ėą‚Ėą‚Ėą‚Ėą‚Ėą‚Ėą‚Ėą‚Ėą‚ĖŹ | 256/311 [00:30<00:02, 19.64it/s]

Table-wired Predict:  17%|‚Ėą‚Ėč        | 1/6 [00:04<00:21,  4.39s/it][A

Table-wired Predict:  33%|‚Ėą‚Ėą‚Ėą‚Ėé      | 2/6 [00:04<00:08,  2.11s/it][A

Table-wired Predict:  50%|‚Ėą‚Ėą‚Ėą‚Ėą‚Ėą     | 3/6 [00:05<00:04,  1.60s/it][A

Table-wired Predict:  67%|‚Ėą‚Ėą‚Ėą‚Ėą‚Ėą‚Ėą‚Ėč   | 4/6 [00:06<00:02,  1.36s/it][A2026-06-20 17:15:02.696 | WARNING  | mineru.model.table.rec.unet_table.main:predict:374 - 'NoneType' object has no attribute 'reshape'


Table-wired Predict:  83%|‚Ėą‚Ėą‚Ėą‚Ėą‚Ėą‚Ėą‚Ėą‚Ėą‚Ėé | 5/6 [00:07<00:00,  1.02it/s][A

Table-wired Predict: 100%|‚Ėą‚Ėą‚Ėą‚Ėą‚Ėą‚Ėą‚Ėą‚Ėą‚Ėą‚Ėą| 6/6 [00:09<00:00,  1.50s/it][A
Table-wired Predict: 100%|‚Ėą‚Ėą‚Ėą‚Ėą‚Ėą‚Ėą‚Ėą‚Ėą‚Ėą‚Ėą| 6/6 [00:09<00:00,  1.62s/it]


OCR-det ch:   0%|          | 0/515 [00:00<?, ?it/s][A

OCR-det ch:   7%|‚Ėč         | 36/515 [00:01<00:16, 29.40it/s][A

OCR-det ch:  11%|‚Ėą         | 57/515 [00:01<00:09, 46.70it/s][A

OCR-det ch:  16%|‚Ėą‚ĖĆ        | 80/515 [00:01<00:06, 66.78it/s][A

OCR-det ch:  30%|‚Ėą‚Ėą‚ĖČ       | 154/515 [00:01<00:02, 136.51it/s][A

OCR-det ch:  37%|‚Ėą‚Ėą‚Ėą‚Ėč      | 191/515 [00:01<00:02, 159.52it/s][A

OCR-det ch:  45%|‚Ėą‚Ėą‚Ėą‚Ėą‚ĖĆ     | 233/515 [00:02<00:01, 171.05it/s][A

OCR-det ch:  50%|‚Ėą‚Ėą‚Ėą‚Ėą‚Ėą     | 260/515 [00:02<00:01, 156.52it/s][A

OCR-det ch:  55%|‚Ėą‚Ėą‚Ėą‚Ėą‚Ėą‚ĖĆ    | 285/515 [00:02<00:01, 148.19it/s][A

OCR-det ch:  59%|‚Ėą‚Ėą‚Ėą‚Ėą‚Ėą‚ĖČ    | 303/515 [00:02<00:01, 131.93it/s][A

OCR-det ch:  62%|‚Ėą‚Ėą‚Ėą‚Ėą‚Ėą‚Ėą‚ĖŹ   | 318/515 [00:02<00:01, 115.81it/s][A

OCR-det ch:  64%|‚Ėą‚Ėą‚Ėą‚Ėą‚Ėą‚Ėą‚Ėć   | 332/515 [00:03<00:01, 112.74it/s][A

OCR-det ch:  68%|‚Ėą‚Ėą‚Ėą‚Ėą‚Ėą‚Ėą‚Ėä   | 350/515 [00:03<00:01, 117.88it/s][A

OCR-det ch:  71%|‚Ėą‚Ėą‚Ėą‚Ėą‚Ėą‚Ėą‚Ėą‚ĖŹ  | 367/515 [00:03<00:01, 120.26it/s][A

OCR-det ch:  74%|‚Ėą‚Ėą‚Ėą‚Ėą‚Ėą‚Ėą‚Ėą‚Ėć  | 381/515 [00:03<00:01, 94.12it/s] [A

OCR-det ch:  77%|‚Ėą‚Ėą‚Ėą‚Ėą‚Ėą‚Ėą‚Ėą‚Ėč  | 397/515 [00:03<00:01, 91.79it/s][A

OCR-det ch:  80%|‚Ėą‚Ėą‚Ėą‚Ėą‚Ėą‚Ėą‚Ėą‚Ėą  | 412/515 [00:03<00:01, 98.07it/s][A

OCR-det ch:  82%|‚Ėą‚Ėą‚Ėą‚Ėą‚Ėą‚Ėą‚Ėą‚Ėą‚ĖŹ | 423/515 [00:04<00:01, 86.79it/s][A

OCR-det ch:  84%|‚Ėą‚Ėą‚Ėą‚Ėą‚Ėą‚Ėą‚Ėą‚Ėą‚Ėć | 434/515 [00:04<00:00, 83.60it/s][A

OCR-det ch:  86%|‚Ėą‚Ėą‚Ėą‚Ėą‚Ėą‚Ėą‚Ėą‚Ėą‚ĖĆ | 443/515 [00:04<00:01, 52.85it/s][A

OCR-det ch:  87%|‚Ėą‚Ėą‚Ėą‚Ėą‚Ėą‚Ėą‚Ėą‚Ėą‚Ėč | 450/515 [00:05<00:01, 37.39it/s][A

OCR-det ch:  89%|‚Ėą‚Ėą‚Ėą‚Ėą‚Ėą‚Ėą‚Ėą‚Ėą‚Ėä | 456/515 [00:05<00:01, 38.22it/s][A

OCR-det ch:  90%|‚Ėą‚Ėą‚Ėą‚Ėą‚Ėą‚Ėą‚Ėą‚Ėą‚ĖČ | 461/515 [00:05<00:01, 35.08it/s][A

OCR-det ch:  90%|‚Ėą‚Ėą‚Ėą‚Ėą‚Ėą‚Ėą‚Ėą‚Ėą‚Ėą | 466/515 [00:05<00:01, 34.03it/s][A

OCR-det ch:  91%|‚Ėą‚Ėą‚Ėą‚Ėą‚Ėą‚Ėą‚Ėą‚Ėą‚Ėą‚ĖŹ| 470/515 [00:05<00:01, 34.59it/s][A

OCR-det ch:  92%|‚Ėą‚Ėą‚Ėą‚Ėą‚Ėą‚Ėą‚Ėą‚Ėą‚Ėą‚ĖŹ| 475/515 [00:05<00:01, 35.21it/s][A

OCR-det ch:  94%|‚Ėą‚Ėą‚Ėą‚Ėą‚Ėą‚Ėą‚Ėą‚Ėą‚Ėą‚Ėć| 484/515 [00:05<00:00, 45.47it/s][A

OCR-det ch:  95%|‚Ėą‚Ėą‚Ėą‚Ėą‚Ėą‚Ėą‚Ėą‚Ėą‚Ėą‚ĖĆ| 490/515 [00:06<00:00, 41.17it/s][A

OCR-det ch:  97%|‚Ėą‚Ėą‚Ėą‚Ėą‚Ėą‚Ėą‚Ėą‚Ėą‚Ėą‚Ėč| 499/515 [00:06<00:00, 51.32it/s][A

OCR-det ch:  98%|‚Ėą‚Ėą‚Ėą‚Ėą‚Ėą‚Ėą‚Ėą‚Ėą‚Ėą‚Ėä| 507/515 [00:06<00:00, 44.65it/s][A

OCR-det ch: 100%|‚Ėą‚Ėą‚Ėą‚Ėą‚Ėą‚Ėą‚Ėą‚Ėą‚Ėą‚ĖČ| 513/515 [00:06<00:00, 36.17it/s][A
OCR-det ch: 100%|‚Ėą‚Ėą‚Ėą‚Ėą‚Ėą‚Ėą‚Ėą‚Ėą‚Ėą‚Ėą| 515/515 [00:06<00:00, 76.43it/s]


Seal Predict:   0%|          | 0/50 [00:00<?, ?it/s][A

Seal Predict:   4%|‚Ėć         | 2/50 [00:00<00:04,  9.91it/s][A

Seal Predict:  10%|‚Ėą         | 5/50 [00:00<00:03, 11.27it/s][A

Seal Predict:  16%|‚Ėą‚ĖĆ        | 8/50 [00:00<00:02, 15.28it/s][A

Seal Predict:  22%|‚Ėą‚Ėą‚ĖŹ       | 11/50 [00:00<00:02, 19.00it/s][A

Seal Predict:  30%|‚Ėą‚Ėą‚Ėą       | 15/50 [00:00<00:02, 16.45it/s][A

Seal Predict:  34%|‚Ėą‚Ėą‚Ėą‚Ėć      | 17/50 [00:01<00:02, 11.26it/s][A

Seal Predict:  38%|‚Ėą‚Ėą‚Ėą‚Ėä      | 19/50 [00:01<00:02, 10.72it/s][A

Seal Predict:  42%|‚Ėą‚Ėą‚Ėą‚Ėą‚ĖŹ     | 21/50 [00:01<00:03,  8.64it/s][A

Seal Predict:  46%|‚Ėą‚Ėą‚Ėą‚Ėą‚ĖĆ     | 23/50 [00:02<00:03,  8.82it/s][A

Seal Predict:  50%|‚Ėą‚Ėą‚Ėą‚Ėą‚Ėą     | 25/50 [00:02<00:02,  9.06it/s][A

Seal Predict:  56%|‚Ėą‚Ėą‚Ėą‚Ėą‚Ėą‚ĖĆ    | 28/50 [00:02<00:02, 10.04it/s][A

Seal Predict:  62%|‚Ėą‚Ėą‚Ėą‚Ėą‚Ėą‚Ėą‚ĖŹ   | 31/50 [00:02<00:01, 13.07it/s][A

Seal Predict:  68%|‚Ėą‚Ėą‚Ėą‚Ėą‚Ėą‚Ėą‚Ėä   | 34/50 [00:02<00:00, 16.07it/s][A

Seal Predict:  74%|‚Ėą‚Ėą‚Ėą‚Ėą‚Ėą‚Ėą‚Ėą‚Ėć  | 37/50 [00:02<00:00, 14.65it/s][A

Seal Predict:  78%|‚Ėą‚Ėą‚Ėą‚Ėą‚Ėą‚Ėą‚Ėą‚Ėä  | 39/50 [00:03<00:00, 12.87it/s][A

Seal Predict:  84%|‚Ėą‚Ėą‚Ėą‚Ėą‚Ėą‚Ėą‚Ėą‚Ėą‚Ėć | 42/50 [00:03<00:00, 11.49it/s][A

Seal Predict:  88%|‚Ėą‚Ėą‚Ėą‚Ėą‚Ėą‚Ėą‚Ėą‚Ėą‚Ėä | 44/50 [00:03<00:00, 10.76it/s][A

Seal Predict:  92%|‚Ėą‚Ėą‚Ėą‚Ėą‚Ėą‚Ėą‚Ėą‚Ėą‚Ėą‚ĖŹ| 46/50 [00:04<00:00,  9.59it/s][A

Seal Predict:  98%|‚Ėą‚Ėą‚Ėą‚Ėą‚Ėą‚Ėą‚Ėą‚Ėą‚Ėą‚Ėä| 49/50 [00:04<00:00, 12.59it/s][A
Seal Predict: 100%|‚Ėą‚Ėą‚Ėą‚Ėą‚Ėą‚Ėą‚Ėą‚Ėą‚Ėą‚Ėą| 50/50 [00:04<00:00, 12.01it/s]

Processing pages:  83%|‚Ėą‚Ėą‚Ėą‚Ėą‚Ėą‚Ėą‚Ėą‚Ėą‚Ėé | 259/311 [00:16<00:02, 19.33it/s]
Processing pages:  84%|‚Ėą‚Ėą‚Ėą‚Ėą‚Ėą‚Ėą‚Ėą‚Ėą‚Ėć | 261/311 [00:16<00:02, 18.55it/s]
Processing pages:  85%|‚Ėą‚Ėą‚Ėą‚Ėą‚Ėą‚Ėą‚Ėą‚Ėą‚Ėć | 264/311 [00:16<00:02, 21.28it/s]
Processing pages:  86%|‚Ėą‚Ėą‚Ėą‚Ėą‚Ėą‚Ėą‚Ėą‚Ėą‚ĖĆ | 267/311 [00:16<00:01, 22.82it/s]
Processing pages:  87%|‚Ėą‚Ėą‚Ėą‚Ėą‚Ėą‚Ėą‚Ėą‚Ėą‚Ėč | 270/311 [00:16<00:01, 23.64it/s]
Processing pages:  88%|‚Ėą‚Ėą‚Ėą‚Ėą‚Ėą‚Ėą‚Ėą‚Ėą‚Ėä | 273/311 [00:16<00:01, 24.40it/s]
Processing pages:  89%|‚Ėą‚Ėą‚Ėą‚Ėą‚Ėą‚Ėą‚Ėą‚Ėą‚Ėä | 276/311 [00:17<00:01, 24.90it/s]
Processing pages:  90%|‚Ėą‚Ėą‚Ėą‚Ėą‚Ėą‚Ėą‚Ėą‚Ėą‚ĖČ | 279/311 [00:17<00:01, 25.20it/s]
Processing pages:  91%|‚Ėą‚Ėą‚Ėą‚Ėą‚Ėą‚Ėą‚Ėą‚Ėą‚Ėą | 282/311 [00:17<00:01, 25.00it/s]
Processing pages:  92%|‚Ėą‚Ėą‚Ėą‚Ėą‚Ėą‚Ėą‚Ėą‚Ėą‚Ėą‚ĖŹ| 285/311 [00:17<00:00, 26.05it/s]
Processing pages:  93%|‚Ėą‚Ėą‚Ėą‚Ėą‚Ėą‚Ėą‚Ėą‚Ėą‚Ėą‚Ėé| 288/311 [00:17<00:00, 26.77it/s]
Processing pages:  94%|‚Ėą‚Ėą‚Ėą‚Ėą‚Ėą‚Ėą‚Ėą‚Ėą‚Ėą‚Ėé| 291/311 [00:17<00:00, 27.36it/s]
Processing pages:  95%|‚Ėą‚Ėą‚Ėą‚Ėą‚Ėą‚Ėą‚Ėą‚Ėą‚Ėą‚Ėć| 294/311 [00:17<00:00, 26.95it/s]
Processing pages:  95%|‚Ėą‚Ėą‚Ėą‚Ėą‚Ėą‚Ėą‚Ėą‚Ėą‚Ėą‚ĖĆ| 297/311 [00:17<00:00, 26.77it/s]
Processing pages:  96%|‚Ėą‚Ėą‚Ėą‚Ėą‚Ėą‚Ėą‚Ėą‚Ėą‚Ėą‚Ėč| 300/311 [00:17<00:00, 26.83it/s]
Processing pages:  97%|‚Ėą‚Ėą‚Ėą‚Ėą‚Ėą‚Ėą‚Ėą‚Ėą‚Ėą‚Ėč| 303/311 [00:18<00:00, 27.17it/s]
Processing pages:  98%|‚Ėą‚Ėą‚Ėą‚Ėą‚Ėą‚Ėą‚Ėą‚Ėą‚Ėą‚Ėä| 306/311 [00:18<00:00, 27.05it/s]
Processing pages:  99%|‚Ėą‚Ėą‚Ėą‚Ėą‚Ėą‚Ėą‚Ėą‚Ėą‚Ėą‚ĖČ| 309/311 [00:18<00:00, 26.05it/s]

OCR-rec Predict:   0%|          | 0/477 [00:00<?, ?it/s][A

OCR-rec Predict:  13%|‚Ėą‚Ėé        | 60/477 [00:00<00:00, 573.83it/s][A

OCR-rec Predict:  25%|‚Ėą‚Ėą‚ĖĆ       | 120/477 [00:00<00:00, 584.02it/s][A

OCR-rec Predict:  38%|‚Ėą‚Ėą‚Ėą‚Ėä      | 180/477 [00:00<00:00, 485.86it/s][A

OCR-rec Predict:  49%|‚Ėą‚Ėą‚Ėą‚Ėą‚ĖČ     | 234/477 [00:00<00:00, 461.02it/s][A

OCR-rec Predict:  59%|‚Ėą‚Ėą‚Ėą‚Ėą‚Ėą‚ĖČ    | 282/477 [00:00<00:00, 299.68it/s][A

OCR-rec Predict:  68%|‚Ėą‚Ėą‚Ėą‚Ėą‚Ėą‚Ėą‚Ėä   | 324/477 [00:01<00:00, 224.60it/s][A

OCR-rec Predict:  74%|‚Ėą‚Ėą‚Ėą‚Ėą‚Ėą‚Ėą‚Ėą‚Ėć  | 354/477 [00:01<00:00, 194.91it/s][A

OCR-rec Predict:  79%|‚Ėą‚Ėą‚Ėą‚Ėą‚Ėą‚Ėą‚Ėą‚ĖČ  | 378/477 [00:01<00:00, 169.84it/s][A

OCR-rec Predict:  84%|‚Ėą‚Ėą‚Ėą‚Ėą‚Ėą‚Ėą‚Ėą‚Ėą‚Ėć | 402/477 [00:01<00:00, 147.88it/s][A

OCR-rec Predict:  88%|‚Ėą‚Ėą‚Ėą‚Ėą‚Ėą‚Ėą‚Ėą‚Ėą‚Ėä | 420/477 [00:01<00:00, 146.38it/s][A

OCR-rec Predict:  92%|‚Ėą‚Ėą‚Ėą‚Ėą‚Ėą‚Ėą‚Ėą‚Ėą‚Ėą‚ĖŹ| 438/477 [00:01<00:00, 144.05it/s][A

OCR-rec Predict:  96%|‚Ėą‚Ėą‚Ėą‚Ėą‚Ėą‚Ėą‚Ėą‚Ėą‚Ėą‚ĖĆ| 456/477 [00:02<00:00, 143.52it/s][A

OCR-rec Predict:  99%|‚Ėą‚Ėą‚Ėą‚Ėą‚Ėą‚Ėą‚Ėą‚Ėą‚Ėą‚ĖČ| 474/477 [00:02<00:00, 133.79it/s][A
OCR-rec Predict: 100%|‚Ėą‚Ėą‚Ėą‚Ėą‚Ėą‚Ėą‚Ėą‚Ėą‚Ėą‚Ėą| 477/477 [00:02<00:00, 204.29it/s]

Processing pages: 100%|‚Ėą‚Ėą‚Ėą‚Ėą‚Ėą‚Ėą‚Ėą‚Ėą‚Ėą‚Ėą| 311/311 [00:21<00:00, 14.27it/s]
2026-06-20 17:15:33.173 | INFO     | mineru.cli.client:run_planned_task:883 - Completed batch 1/1 | Processed 311/311 pages | 1 of 1 batch finished | task#1 [text01]
INFO:     Shutting down
INFO:     Waiting for application shutdown.

libgomp: Invalid value for environment variable OMP_NUM_THREADS
INFO:     Application shutdown complete.
INFO:     Finished server process [4133]

===== summary =====
end: 2026-06-20T17:15:44
elapsed_seconds: 515.772
return_code: 0
