===== popo_inference_pipeline =====
start: 2026-06-20T17:34:35
script:

set -euo pipefail

unset OMP_NUM_THREADS MKL_NUM_THREADS OPENBLAS_NUM_THREADS NUMEXPR_NUM_THREADS VECLIB_MAXIMUM_THREADS
export OMP_NUM_THREADS=8
export MKL_NUM_THREADS=8
export OPENBLAS_NUM_THREADS=8
export NUMEXPR_NUM_THREADS=8
export VECLIB_MAXIMUM_THREADS=8
export TOKENIZERS_PARALLELISM=false

source /root/autodl-tmp/mineru-work/activate_popo.sh

unset OMP_NUM_THREADS MKL_NUM_THREADS OPENBLAS_NUM_THREADS NUMEXPR_NUM_THREADS VECLIB_MAXIMUM_THREADS
export OMP_NUM_THREADS=8
export MKL_NUM_THREADS=8
export OPENBLAS_NUM_THREADS=8
export NUMEXPR_NUM_THREADS=8
export VECLIB_MAXIMUM_THREADS=8
export TOKENIZERS_PARALLELISM=false

cd /root/autodl-tmp/mineru-work/repos/MinerU-Popo
export POPO_MODEL_PATH=/root/autodl-tmp/models/MinerU-Popo
export HF_HOME=/root/autodl-tmp/huggingface-cache
export XDG_CACHE_HOME=/root/autodl-tmp/xdg-cache
export HF_HUB_DISABLE_XET=1
export CUDA_VISIBLE_DEVICES=0
export POPO_INFERENCE_BACKEND=transformers
export POPO_MAX_NEW_TOKENS=8192

python /root/autodl-tmp/mineru-work/repos/MinerU-Popo/post_processing/run_inference.py   --model mineru_pipeline   --input-dir /autodl-fs/data/mineru_popo_sixway_text01/20260620_170708/popo_work/pipeline/outputs/label_normalization/mineru   --model-path /root/autodl-tmp/models/MinerU-Popo   --output-dir /autodl-fs/data/mineru_popo_sixway_text01/20260620_170708/popo_work/pipeline/outputs/inference/mineru_pipeline   --raw-output-root ''   --limit 0


===== output =====

mineru_pipeline:   0%|                                                                                                      | 0/1 [00:00<?, ?it/s]/autodl-fs/data/mineru_popo_sixway_text01/20260620_170708/popo_work/pipeline/outputs/inference/mineru_pipeline/text01.json


Loading weights:   0%|                                                                                                    | 0/713 [00:00<?, ?it/s][A

Loading weights:   0%|▏                                                                                           | 1/713 [00:00<11:15,  1.05it/s][A

Loading weights:  10%|████████▊                                                                                  | 69/713 [00:01<00:07, 85.88it/s][A

Loading weights:  14%|████████████▋                                                                              | 99/713 [00:01<00:06, 88.26it/s][A

Loading weights:  17%|███████████████▏                                                                          | 120/713 [00:01<00:07, 77.58it/s][A

Loading weights:  19%|█████████████████                                                                         | 135/713 [00:02<00:08, 67.01it/s][A

Loading weights:  20%|██████████████████▍                                                                       | 146/713 [00:02<00:08, 66.16it/s][A

Loading weights:  22%|███████████████████▊                                                                      | 157/713 [00:02<00:08, 63.48it/s][A

Loading weights:  24%|█████████████████████▏                                                                    | 168/713 [00:02<00:08, 67.43it/s][A

Loading weights:  25%|██████████████████████▌                                                                   | 179/713 [00:02<00:07, 73.40it/s][A

Loading weights:  27%|███████████████████████▉                                                                  | 190/713 [00:02<00:07, 68.65it/s][A

Loading weights:  28%|█████████████████████████▎                                                                | 201/713 [00:03<00:07, 66.26it/s][A

Loading weights:  30%|██████████████████████████▊                                                               | 212/713 [00:03<00:07, 63.24it/s][A

Loading weights:  31%|████████████████████████████▏                                                             | 223/713 [00:03<00:08, 60.27it/s][A

Loading weights:  33%|█████████████████████████████▌                                                            | 234/713 [00:03<00:08, 58.59it/s][A

Loading weights:  34%|██████████████████████████████▉                                                           | 245/713 [00:03<00:07, 65.21it/s][A

Loading weights:  36%|████████████████████████████████▎                                                         | 256/713 [00:04<00:07, 61.77it/s][A

Loading weights:  37%|█████████████████████████████████▋                                                        | 267/713 [00:04<00:07, 61.92it/s][A

Loading weights:  39%|███████████████████████████████████                                                       | 278/713 [00:04<00:07, 58.27it/s][A

Loading weights:  41%|████████████████████████████████████▍                                                     | 289/713 [00:04<00:07, 58.78it/s][A

Loading weights:  42%|█████████████████████████████████████▊                                                    | 300/713 [00:04<00:06, 64.83it/s][A

Loading weights:  45%|████████████████████████████████████████▋                                                 | 322/713 [00:04<00:04, 82.68it/s][A

Loading weights:  47%|██████████████████████████████████████████                                                | 333/713 [00:05<00:05, 74.11it/s][A

Loading weights:  48%|███████████████████████████████████████████▍                                              | 344/713 [00:05<00:04, 79.85it/s][A

Loading weights:  50%|████████████████████████████████████████████▊                                             | 355/713 [00:05<00:05, 71.17it/s][A

Loading weights:  51%|██████████████████████████████████████████████▏                                           | 366/713 [00:05<00:05, 66.37it/s][A

Loading weights:  53%|███████████████████████████████████████████████▌                                          | 377/713 [00:05<00:05, 64.67it/s][A

Loading weights:  54%|████████████████████████████████████████████████▉                                         | 388/713 [00:05<00:05, 60.91it/s][A

Loading weights:  62%|███████████████████████████████████████████████████████▏                                 | 442/713 [00:06<00:01, 149.62it/s][A

Loading weights:  70%|██████████████████████████████████████████████████████████████▏                          | 498/713 [00:06<00:00, 233.88it/s][A

Loading weights:  77%|████████████████████████████████████████████████████████████████████▋                    | 550/713 [00:06<00:00, 297.29it/s][A

Loading weights:  85%|███████████████████████████████████████████████████████████████████████████▋             | 606/713 [00:06<00:00, 361.69it/s][A

Loading weights:  92%|█████████████████████████████████████████████████████████████████████████████████▉       | 656/713 [00:06<00:00, 392.28it/s][A

Loading weights:  99%|████████████████████████████████████████████████████████████████████████████████████████▏| 706/713 [00:06<00:00, 407.80it/s][A
Loading weights: 100%|█████████████████████████████████████████████████████████████████████████████████████████| 713/713 [00:06<00:00, 108.04it/s]

mineru_pipeline: 100%|█████████████████████████████████████████████████████████████████████████████████████████████| 1/1 [08:16<00:00, 497.00s/it]
mineru_pipeline: 100%|█████████████████████████████████████████████████████████████████████████████████████████████| 1/1 [08:16<00:00, 497.00s/it]
{"model": "mineru_pipeline", "input": "/autodl-fs/data/mineru_popo_sixway_text01/20260620_170708/popo_work/pipeline/outputs/label_normalization/mineru", "output_dir": "/autodl-fs/data/mineru_popo_sixway_text01/20260620_170708/popo_work/pipeline/outputs/inference/mineru_pipeline", "raw_output_dir": null, "selected_docs": 1, "written": 1, "skipped_existing": 0, "validated_blocks": 2119, "dry_run": false}
{
  "model": {
    "model": "mineru_pipeline",
    "input": "/autodl-fs/data/mineru_popo_sixway_text01/20260620_170708/popo_work/pipeline/outputs/label_normalization/mineru",
    "output_dir": "/autodl-fs/data/mineru_popo_sixway_text01/20260620_170708/popo_work/pipeline/outputs/inference/mineru_pipeline",
    "raw_output_dir": null,
    "selected_docs": 1,
    "written": 1,
    "skipped_existing": 0,
    "validated_blocks": 2119,
    "dry_run": false
  }
}

===== summary =====
end: 2026-06-20T17:42:54
elapsed_seconds: 498.755
return_code: 0
