===== popo_build_tree_pipeline =====
start: 2026-06-20T17:42:54
script:

set -euo pipefail

unset OMP_NUM_THREADS MKL_NUM_THREADS OPENBLAS_NUM_THREADS NUMEXPR_NUM_THREADS VECLIB_MAXIMUM_THREADS
export OMP_NUM_THREADS=8
export MKL_NUM_THREADS=8
export OPENBLAS_NUM_THREADS=8
export NUMEXPR_NUM_THREADS=8
export VECLIB_MAXIMUM_THREADS=8
export TOKENIZERS_PARALLELISM=false

source /root/autodl-tmp/mineru-work/activate_popo.sh

unset OMP_NUM_THREADS MKL_NUM_THREADS OPENBLAS_NUM_THREADS NUMEXPR_NUM_THREADS VECLIB_MAXIMUM_THREADS
export OMP_NUM_THREADS=8
export MKL_NUM_THREADS=8
export OPENBLAS_NUM_THREADS=8
export NUMEXPR_NUM_THREADS=8
export VECLIB_MAXIMUM_THREADS=8
export TOKENIZERS_PARALLELISM=false

cd /root/autodl-tmp/mineru-work/repos/MinerU-Popo
export POPO_MODEL_PATH=/root/autodl-tmp/models/MinerU-Popo
export CUDA_VISIBLE_DEVICES=0

python /root/autodl-tmp/mineru-work/repos/MinerU-Popo/post_processing/get_json_tree.py   --input-dir /autodl-fs/data/mineru_popo_sixway_text01/20260620_170708/popo_work/pipeline/outputs/inference/mineru_pipeline   --output-dir /autodl-fs/data/mineru_popo_sixway_text01/20260620_170708/popo_work/pipeline/outputs/build_tree/mineru_pipeline   --txt-dir /autodl-fs/data/mineru_popo_sixway_text01/20260620_170708/popo_work/pipeline/outputs/build_tree_txt/mineru_pipeline


===== output =====

===== summary =====
end: 2026-06-20T17:42:54
elapsed_seconds: 0.602
return_code: 0
