===== popo_inference_vlm =====
start: 2026-06-20T17:57:14
script:

set -euo pipefail

unset OMP_NUM_THREADS MKL_NUM_THREADS OPENBLAS_NUM_THREADS NUMEXPR_NUM_THREADS VECLIB_MAXIMUM_THREADS
export OMP_NUM_THREADS=8
export MKL_NUM_THREADS=8
export OPENBLAS_NUM_THREADS=8
export NUMEXPR_NUM_THREADS=8
export VECLIB_MAXIMUM_THREADS=8
export TOKENIZERS_PARALLELISM=false

source /root/autodl-tmp/mineru-work/activate_popo.sh

unset OMP_NUM_THREADS MKL_NUM_THREADS OPENBLAS_NUM_THREADS NUMEXPR_NUM_THREADS VECLIB_MAXIMUM_THREADS
export OMP_NUM_THREADS=8
export MKL_NUM_THREADS=8
export OPENBLAS_NUM_THREADS=8
export NUMEXPR_NUM_THREADS=8
export VECLIB_MAXIMUM_THREADS=8
export TOKENIZERS_PARALLELISM=false

cd /root/autodl-tmp/mineru-work/repos/MinerU-Popo
export POPO_MODEL_PATH=/root/autodl-tmp/models/MinerU-Popo
export HF_HOME=/root/autodl-tmp/huggingface-cache
export XDG_CACHE_HOME=/root/autodl-tmp/xdg-cache
export HF_HUB_DISABLE_XET=1
export CUDA_VISIBLE_DEVICES=0
export POPO_INFERENCE_BACKEND=transformers
export POPO_MAX_NEW_TOKENS=8192

python /root/autodl-tmp/mineru-work/repos/MinerU-Popo/post_processing/run_inference.py   --model mineru_vlm   --input-dir /autodl-fs/data/mineru_popo_sixway_text01/20260620_170708/popo_work/vlm/outputs/label_normalization/mineru   --model-path /root/autodl-tmp/models/MinerU-Popo   --output-dir /autodl-fs/data/mineru_popo_sixway_text01/20260620_170708/popo_work/vlm/outputs/inference/mineru_vlm   --raw-output-root ''   --limit 0


===== output =====

mineru_vlm:   0%|                                                                                                           | 0/1 [00:00<?, ?it/s]/autodl-fs/data/mineru_popo_sixway_text01/20260620_170708/popo_work/vlm/outputs/inference/mineru_vlm/text01.json


Loading weights:   0%|                                                                                                    | 0/713 [00:00<?, ?it/s][A

Loading weights:   0%|▏                                                                                           | 1/713 [00:00<02:43,  4.36it/s][A

Loading weights:   8%|███████▎                                                                                  | 58/713 [00:00<00:03, 209.70it/s][A

Loading weights:  12%|███████████                                                                               | 88/713 [00:00<00:02, 228.75it/s][A

Loading weights:  16%|██████████████▍                                                                          | 116/713 [00:00<00:02, 221.43it/s][A

Loading weights:  20%|██████████████████▏                                                                      | 146/713 [00:00<00:02, 219.03it/s][A

Loading weights:  24%|█████████████████████▏                                                                   | 170/713 [00:00<00:02, 215.20it/s][A

Loading weights:  27%|████████████████████████                                                                 | 193/713 [00:00<00:02, 214.30it/s][A

Loading weights:  31%|███████████████████████████▊                                                             | 223/713 [00:01<00:02, 225.93it/s][A

Loading weights:  35%|██████████████████████████████▊                                                          | 247/713 [00:01<00:02, 219.32it/s][A

Loading weights:  39%|██████████████████████████████████▋                                                      | 278/713 [00:01<00:01, 225.23it/s][A

Loading weights:  42%|█████████████████████████████████████▌                                                   | 301/713 [00:01<00:01, 220.29it/s][A

Loading weights:  47%|█████████████████████████████████████████▌                                               | 333/713 [00:01<00:01, 233.01it/s][A

Loading weights:  50%|████████████████████████████████████████████▌                                            | 357/713 [00:01<00:01, 232.03it/s][A

Loading weights:  54%|████████████████████████████████████████████████▍                                        | 388/713 [00:01<00:01, 239.50it/s][A

Loading weights:  77%|████████████████████████████████████████████████████████████████████▍                    | 548/713 [00:01<00:00, 563.03it/s][A

Loading weights:  96%|█████████████████████████████████████████████████████████████████████████████████████▉   | 688/713 [00:02<00:00, 766.86it/s][A
Loading weights: 100%|█████████████████████████████████████████████████████████████████████████████████████████| 713/713 [00:02<00:00, 348.45it/s]

mineru_vlm: 100%|██████████████████████████████████████████████████████████████████████████████████████████████████| 1/1 [11:29<00:00, 689.21s/it]
mineru_vlm: 100%|██████████████████████████████████████████████████████████████████████████████████████████████████| 1/1 [11:29<00:00, 689.21s/it]
{"model": "mineru_vlm", "input": "/autodl-fs/data/mineru_popo_sixway_text01/20260620_170708/popo_work/vlm/outputs/label_normalization/mineru", "output_dir": "/autodl-fs/data/mineru_popo_sixway_text01/20260620_170708/popo_work/vlm/outputs/inference/mineru_vlm", "raw_output_dir": null, "selected_docs": 1, "written": 1, "skipped_existing": 0, "validated_blocks": 3051, "dry_run": false}
{
  "model": {
    "model": "mineru_vlm",
    "input": "/autodl-fs/data/mineru_popo_sixway_text01/20260620_170708/popo_work/vlm/outputs/label_normalization/mineru",
    "output_dir": "/autodl-fs/data/mineru_popo_sixway_text01/20260620_170708/popo_work/vlm/outputs/inference/mineru_vlm",
    "raw_output_dir": null,
    "selected_docs": 1,
    "written": 1,
    "skipped_existing": 0,
    "validated_blocks": 3051,
    "dry_run": false
  }
}

===== summary =====
end: 2026-06-20T18:08:45
elapsed_seconds: 691.069
return_code: 0
