===== popo_inference_hybrid =====
start: 2026-06-21T14:19:52
script:

set -euo pipefail

unset OMP_NUM_THREADS MKL_NUM_THREADS OPENBLAS_NUM_THREADS NUMEXPR_NUM_THREADS VECLIB_MAXIMUM_THREADS
export OMP_NUM_THREADS=8
export MKL_NUM_THREADS=8
export OPENBLAS_NUM_THREADS=8
export NUMEXPR_NUM_THREADS=8
export VECLIB_MAXIMUM_THREADS=8
export TOKENIZERS_PARALLELISM=false

source /root/autodl-tmp/mineru-work/activate_popo.sh

unset OMP_NUM_THREADS MKL_NUM_THREADS OPENBLAS_NUM_THREADS NUMEXPR_NUM_THREADS VECLIB_MAXIMUM_THREADS
export OMP_NUM_THREADS=8
export MKL_NUM_THREADS=8
export OPENBLAS_NUM_THREADS=8
export NUMEXPR_NUM_THREADS=8
export VECLIB_MAXIMUM_THREADS=8
export TOKENIZERS_PARALLELISM=false

cd /root/autodl-tmp/mineru-work/repos/MinerU-Popo
export POPO_MODEL_PATH=/root/autodl-tmp/models/MinerU-Popo
export HF_HOME=/root/autodl-tmp/huggingface-cache
export XDG_CACHE_HOME=/root/autodl-tmp/xdg-cache
export HF_HUB_DISABLE_XET=1
export CUDA_VISIBLE_DEVICES=0
export POPO_INFERENCE_BACKEND=transformers
export POPO_MAX_NEW_TOKENS=8192

python /root/autodl-tmp/mineru-work/repos/MinerU-Popo/post_processing/run_inference.py   --model mineru_hybrid   --input-dir /autodl-fs/data/mineru_popo_sixway_text01/20260620_170708/popo_work/hybrid/outputs/label_normalization/mineru   --model-path /root/autodl-tmp/models/MinerU-Popo   --output-dir /autodl-fs/data/mineru_popo_sixway_text01/20260620_170708/popo_work/hybrid/outputs/inference/mineru_hybrid   --raw-output-root ''   --limit 0


===== output =====

mineru_hybrid:   0%|                                                                                   | 0/1 [00:00<?, ?it/s]/autodl-fs/data/mineru_popo_sixway_text01/20260620_170708/popo_work/hybrid/outputs/inference/mineru_hybrid/text01.json


Loading weights:   0%|                                                                               | 0/713 [00:00<?, ?it/s][A

Loading weights:   0%|                                                                       | 1/713 [00:00<02:29,  4.76it/s][A

Loading weights:   8%|█████▌                                                               | 58/713 [00:00<00:02, 223.59it/s][A

Loading weights:  12%|████████▌                                                            | 89/713 [00:00<00:02, 242.72it/s][A

Loading weights:  17%|███████████▎                                                        | 118/713 [00:00<00:02, 230.03it/s][A

Loading weights:  20%|█████████████▋                                                      | 144/713 [00:00<00:02, 235.04it/s][A

Loading weights:  24%|████████████████▏                                                   | 170/713 [00:00<00:02, 206.50it/s][A

Loading weights:  27%|██████████████████▍                                                 | 193/713 [00:00<00:02, 211.58it/s][A

Loading weights:  30%|████████████████████▌                                               | 216/713 [00:01<00:02, 214.93it/s][A

Loading weights:  34%|███████████████████████▎                                            | 245/713 [00:01<00:02, 229.23it/s][A

Loading weights:  38%|█████████████████████████▋                                          | 269/713 [00:01<00:02, 217.82it/s][A

Loading weights:  42%|████████████████████████████▌                                       | 300/713 [00:01<00:01, 217.95it/s][A

Loading weights:  45%|██████████████████████████████▊                                     | 323/713 [00:01<00:01, 216.98it/s][A

Loading weights:  48%|████████████████████████████████▉                                   | 345/713 [00:01<00:01, 214.25it/s][A

Loading weights:  53%|███████████████████████████████████▉                                | 377/713 [00:01<00:01, 230.64it/s][A

Loading weights:  64%|███████████████████████████████████████████▍                        | 456/713 [00:01<00:00, 381.30it/s][A

Loading weights:  89%|████████████████████████████████████████████████████████████▎       | 632/713 [00:01<00:00, 762.85it/s][A

Loading weights: 100%|████████████████████████████████████████████████████████████████████| 713/713 [00:02<00:00, 752.96it/s][A
Loading weights: 100%|████████████████████████████████████████████████████████████████████| 713/713 [00:02<00:00, 345.59it/s]

mineru_hybrid: 100%|██████████████████████████████████████████████████████████████████████████| 1/1 [07:39<00:00, 459.34s/it]
mineru_hybrid: 100%|██████████████████████████████████████████████████████████████████████████| 1/1 [07:39<00:00, 459.34s/it]
{"model": "mineru_hybrid", "input": "/autodl-fs/data/mineru_popo_sixway_text01/20260620_170708/popo_work/hybrid/outputs/label_normalization/mineru", "output_dir": "/autodl-fs/data/mineru_popo_sixway_text01/20260620_170708/popo_work/hybrid/outputs/inference/mineru_hybrid", "raw_output_dir": null, "selected_docs": 1, "written": 1, "skipped_existing": 0, "validated_blocks": 1862, "dry_run": false}
{
  "model": {
    "model": "mineru_hybrid",
    "input": "/autodl-fs/data/mineru_popo_sixway_text01/20260620_170708/popo_work/hybrid/outputs/label_normalization/mineru",
    "output_dir": "/autodl-fs/data/mineru_popo_sixway_text01/20260620_170708/popo_work/hybrid/outputs/inference/mineru_hybrid",
    "raw_output_dir": null,
    "selected_docs": 1,
    "written": 1,
    "skipped_existing": 0,
    "validated_blocks": 1862,
    "dry_run": false
  }
}

===== summary =====
end: 2026-06-21T14:27:33
elapsed_seconds: 460.972
return_code: 0
